<?xml version="1.0" encoding="UTF-8"?>
<testsuite name="ca.mcgill.ecse321.mms.MmsApplicationTests" tests="1" skipped="0" failures="0" errors="0" timestamp="2022-10-24T16:07:53" hostname="Valadis-MacBook-Pro-2.local" time="0.158">
  <properties/>
  <testcase name="contextLoads()" classname="ca.mcgill.ecse321.mms.MmsApplicationTests" time="0.158"/>
  <system-out><![CDATA[12:07:50.434 [Test worker] DEBUG org.springframework.test.context.BootstrapUtils - Instantiating CacheAwareContextLoaderDelegate from class [org.springframework.test.context.cache.DefaultCacheAwareContextLoaderDelegate]
12:07:50.442 [Test worker] DEBUG org.springframework.test.context.BootstrapUtils - Instantiating BootstrapContext using constructor [public org.springframework.test.context.support.DefaultBootstrapContext(java.lang.Class,org.springframework.test.context.CacheAwareContextLoaderDelegate)]
12:07:50.468 [Test worker] DEBUG org.springframework.test.context.BootstrapUtils - Instantiating TestContextBootstrapper for test class [ca.mcgill.ecse321.mms.MmsApplicationTests] from class [org.springframework.boot.test.context.SpringBootTestContextBootstrapper]
12:07:50.476 [Test worker] INFO org.springframework.boot.test.context.SpringBootTestContextBootstrapper - Neither @ContextConfiguration nor @ContextHierarchy found for test class [ca.mcgill.ecse321.mms.MmsApplicationTests], using SpringBootContextLoader
12:07:50.479 [Test worker] DEBUG org.springframework.test.context.support.AbstractContextLoader - Did not detect default resource location for test class [ca.mcgill.ecse321.mms.MmsApplicationTests]: class path resource [ca/mcgill/ecse321/mms/MmsApplicationTests-context.xml] does not exist
12:07:50.479 [Test worker] DEBUG org.springframework.test.context.support.AbstractContextLoader - Did not detect default resource location for test class [ca.mcgill.ecse321.mms.MmsApplicationTests]: class path resource [ca/mcgill/ecse321/mms/MmsApplicationTestsContext.groovy] does not exist
12:07:50.479 [Test worker] INFO org.springframework.test.context.support.AbstractContextLoader - Could not detect default resource locations for test class [ca.mcgill.ecse321.mms.MmsApplicationTests]: no resource found for suffixes {-context.xml, Context.groovy}.
12:07:50.480 [Test worker] INFO org.springframework.test.context.support.AnnotationConfigContextLoaderUtils - Could not detect default configuration classes for test class [ca.mcgill.ecse321.mms.MmsApplicationTests]: MmsApplicationTests does not declare any static, non-private, non-final, nested classes annotated with @Configuration.
12:07:50.510 [Test worker] DEBUG org.springframework.test.context.support.ActiveProfilesUtils - Could not find an 'annotation declaring class' for annotation type [org.springframework.test.context.ActiveProfiles] and class [ca.mcgill.ecse321.mms.MmsApplicationTests]
12:07:50.550 [Test worker] DEBUG org.springframework.context.annotation.ClassPathScanningCandidateComponentProvider - Identified candidate component class: file [/Users/valadivatos/Documents/Coding Projects/project-group-07/mms-backend/build/classes/java/main/ca/mcgill/ecse321/mms/MmsApplication.class]
12:07:50.551 [Test worker] INFO org.springframework.boot.test.context.SpringBootTestContextBootstrapper - Found @SpringBootConfiguration ca.mcgill.ecse321.mms.MmsApplication for test class ca.mcgill.ecse321.mms.MmsApplicationTests
12:07:50.620 [Test worker] DEBUG org.springframework.boot.test.context.SpringBootTestContextBootstrapper - @TestExecutionListeners is not present for class [ca.mcgill.ecse321.mms.MmsApplicationTests]: using defaults.
12:07:50.620 [Test worker] INFO org.springframework.boot.test.context.SpringBootTestContextBootstrapper - Loaded default TestExecutionListener class names from location [META-INF/spring.factories]: [org.springframework.boot.test.autoconfigure.restdocs.RestDocsTestExecutionListener, org.springframework.boot.test.autoconfigure.web.client.MockRestServiceServerResetTestExecutionListener, org.springframework.boot.test.autoconfigure.web.servlet.MockMvcPrintOnlyOnFailureTestExecutionListener, org.springframework.boot.test.autoconfigure.web.servlet.WebDriverTestExecutionListener, org.springframework.boot.test.autoconfigure.webservices.client.MockWebServiceServerTestExecutionListener, org.springframework.boot.test.mock.mockito.MockitoTestExecutionListener, org.springframework.boot.test.mock.mockito.ResetMocksTestExecutionListener, org.springframework.test.context.web.ServletTestExecutionListener, org.springframework.test.context.support.DirtiesContextBeforeModesTestExecutionListener, org.springframework.test.context.event.ApplicationEventsTestExecutionListener, org.springframework.test.context.support.DependencyInjectionTestExecutionListener, org.springframework.test.context.support.DirtiesContextTestExecutionListener, org.springframework.test.context.transaction.TransactionalTestExecutionListener, org.springframework.test.context.jdbc.SqlScriptsTestExecutionListener, org.springframework.test.context.event.EventPublishingTestExecutionListener]
12:07:50.636 [Test worker] INFO org.springframework.boot.test.context.SpringBootTestContextBootstrapper - Using TestExecutionListeners: [org.springframework.test.context.web.ServletTestExecutionListener@2fea7088, org.springframework.test.context.support.DirtiesContextBeforeModesTestExecutionListener@40499e4f, org.springframework.test.context.event.ApplicationEventsTestExecutionListener@51cd7ffc, org.springframework.boot.test.mock.mockito.MockitoTestExecutionListener@30d4b288, org.springframework.boot.test.autoconfigure.SpringBootDependencyInjectionTestExecutionListener@4cc6fa2a, org.springframework.test.context.support.DirtiesContextTestExecutionListener@40f1be1b, org.springframework.test.context.transaction.TransactionalTestExecutionListener@7a791b66, org.springframework.test.context.jdbc.SqlScriptsTestExecutionListener@6f2cb653, org.springframework.test.context.event.EventPublishingTestExecutionListener@14c01636, org.springframework.boot.test.autoconfigure.restdocs.RestDocsTestExecutionListener@590c73d3, org.springframework.boot.test.autoconfigure.web.client.MockRestServiceServerResetTestExecutionListener@6b9ce1bf, org.springframework.boot.test.autoconfigure.web.servlet.MockMvcPrintOnlyOnFailureTestExecutionListener@61884cb1, org.springframework.boot.test.autoconfigure.web.servlet.WebDriverTestExecutionListener@75ed9710, org.springframework.boot.test.autoconfigure.webservices.client.MockWebServiceServerTestExecutionListener@4fc5e095, org.springframework.boot.test.mock.mockito.ResetMocksTestExecutionListener@435871cb]
12:07:50.639 [Test worker] DEBUG org.springframework.test.context.support.AbstractDirtiesContextTestExecutionListener - Before test class: context [DefaultTestContext@6c6c5427 testClass = MmsApplicationTests, testInstance = [null], testMethod = [null], testException = [null], mergedContextConfiguration = [WebMergedContextConfiguration@618c5d94 testClass = MmsApplicationTests, locations = '{}', classes = '{class ca.mcgill.ecse321.mms.MmsApplication}', contextInitializerClasses = '[]', activeProfiles = '{}', propertySourceLocations = '{}', propertySourceProperties = '{org.springframework.boot.test.context.SpringBootTestContextBootstrapper=true}', contextCustomizers = set[org.springframework.boot.test.autoconfigure.actuate.metrics.MetricsExportContextCustomizerFactory$DisableMetricExportContextCustomizer@1e44b638, org.springframework.boot.test.autoconfigure.properties.PropertyMappingContextCustomizer@0, org.springframework.boot.test.autoconfigure.web.servlet.WebDriverContextCustomizerFactory$Customizer@5b367418, org.springframework.boot.test.context.filter.ExcludeFilterContextCustomizer@1efe439d, org.springframework.boot.test.json.DuplicateJsonObjectContextCustomizerFactory$DuplicateJsonObjectContextCustomizer@413f69cc, org.springframework.boot.test.mock.mockito.MockitoContextCustomizer@0, org.springframework.boot.test.web.client.TestRestTemplateContextCustomizer@68702e03, org.springframework.boot.test.context.SpringBootTestArgs@1, org.springframework.boot.test.context.SpringBootTestWebEnvironment@399c4be1], resourceBasePath = 'src/main/webapp', contextLoader = 'org.springframework.boot.test.context.SpringBootContextLoader', parent = [null]], attributes = map['org.springframework.test.context.web.ServletTestExecutionListener.activateListener' -> true]], class annotated with @DirtiesContext [false] with mode [null].

  .   ____          _            __ _ _
 /\\ / ___'_ __ _ _(_)_ __  __ _ \ \ \ \
( ( )\___ | '_ | '_| | '_ \/ _` | \ \ \ \
 \\/  ___)| |_)| | | | | || (_| |  ) ) ) )
  '  |____| .__|_| |_|_| |_\__, | / / / /
 =========|_|==============|___/=/_/_/_/
 :: Spring Boot ::                (v2.7.4)

2022-10-24 12:07:50.880  INFO 69882 --- [    Test worker] c.m.ecse321.mms.MmsApplicationTests      : Starting MmsApplicationTests using Java 17.0.1 on Valadis-MacBook-Pro-2.local with PID 69882 (started by valadivatos in /Users/valadivatos/Documents/Coding Projects/project-group-07/mms-backend)
2022-10-24 12:07:50.881  INFO 69882 --- [    Test worker] c.m.ecse321.mms.MmsApplicationTests      : No active profile set, falling back to 1 default profile: "default"
2022-10-24 12:07:51.409  INFO 69882 --- [    Test worker] .s.d.r.c.RepositoryConfigurationDelegate : Multiple Spring Data modules found, entering strict repository configuration mode
2022-10-24 12:07:51.410  INFO 69882 --- [    Test worker] .s.d.r.c.RepositoryConfigurationDelegate : Bootstrapping Spring Data JDBC repositories in DEFAULT mode.
2022-10-24 12:07:51.420  INFO 69882 --- [    Test worker] .s.d.r.c.RepositoryConfigurationDelegate : Finished Spring Data repository scanning in 6 ms. Found 0 JDBC repository interfaces.
2022-10-24 12:07:51.426  INFO 69882 --- [    Test worker] .s.d.r.c.RepositoryConfigurationDelegate : Multiple Spring Data modules found, entering strict repository configuration mode
2022-10-24 12:07:51.426  INFO 69882 --- [    Test worker] .s.d.r.c.RepositoryConfigurationDelegate : Bootstrapping Spring Data JPA repositories in DEFAULT mode.
2022-10-24 12:07:51.431  INFO 69882 --- [    Test worker] .s.d.r.c.RepositoryConfigurationDelegate : Finished Spring Data repository scanning in 2 ms. Found 0 JPA repository interfaces.
2022-10-24 12:07:51.794  INFO 69882 --- [    Test worker] o.hibernate.jpa.internal.util.LogHelper  : HHH000204: Processing PersistenceUnitInfo [name: default]
2022-10-24 12:07:51.825  INFO 69882 --- [    Test worker] org.hibernate.Version                    : HHH000412: Hibernate ORM core version 5.6.11.Final
2022-10-24 12:07:51.933  INFO 69882 --- [    Test worker] o.hibernate.annotations.common.Version   : HCANN000001: Hibernate Commons Annotations {5.1.2.Final}
2022-10-24 12:07:52.002  INFO 69882 --- [    Test worker] com.zaxxer.hikari.HikariDataSource       : HikariPool-1 - Starting...
2022-10-24 12:07:52.085  INFO 69882 --- [    Test worker] com.zaxxer.hikari.HikariDataSource       : HikariPool-1 - Start completed.
2022-10-24 12:07:52.105  INFO 69882 --- [    Test worker] org.hibernate.dialect.Dialect            : HHH000400: Using dialect: org.hibernate.dialect.PostgreSQL10Dialect
2022-10-24 12:07:52.392  INFO 69882 --- [    Test worker] org.hibernate.tuple.PojoInstantiator     : HHH000182: No default (no-argument) constructor for class: ca.mcgill.ecse321.mms.model.DisplayRoom (class must be instantiated by Interceptor)
2022-10-24 12:07:52.534  INFO 69882 --- [    Test worker] org.hibernate.tuple.PojoInstantiator     : HHH000182: No default (no-argument) constructor for class: ca.mcgill.ecse321.mms.model.Owner (class must be instantiated by Interceptor)
2022-10-24 12:07:52.549  INFO 69882 --- [    Test worker] org.hibernate.tuple.PojoInstantiator     : HHH000182: No default (no-argument) constructor for class: ca.mcgill.ecse321.mms.model.Shift (class must be instantiated by Interceptor)
2022-10-24 12:07:52.557  INFO 69882 --- [    Test worker] org.hibernate.tuple.PojoInstantiator     : HHH000182: No default (no-argument) constructor for class: ca.mcgill.ecse321.mms.model.Storage (class must be instantiated by Interceptor)
2022-10-24 12:07:52.564  INFO 69882 --- [    Test worker] org.hibernate.tuple.PojoInstantiator     : HHH000182: No default (no-argument) constructor for class: ca.mcgill.ecse321.mms.model.MMS (class must be instantiated by Interceptor)
2022-10-24 12:07:52.581  INFO 69882 --- [    Test worker] org.hibernate.tuple.PojoInstantiator     : HHH000182: No default (no-argument) constructor for class: ca.mcgill.ecse321.mms.model.Artwork (class must be instantiated by Interceptor)
2022-10-24 12:07:52.591  INFO 69882 --- [    Test worker] org.hibernate.tuple.PojoInstantiator     : HHH000182: No default (no-argument) constructor for class: ca.mcgill.ecse321.mms.model.Loan (class must be instantiated by Interceptor)
2022-10-24 12:07:52.598  INFO 69882 --- [    Test worker] org.hibernate.tuple.PojoInstantiator     : HHH000182: No default (no-argument) constructor for class: ca.mcgill.ecse321.mms.model.Pass (class must be instantiated by Interceptor)
2022-10-24 12:07:52.609  INFO 69882 --- [    Test worker] org.hibernate.tuple.PojoInstantiator     : HHH000182: No default (no-argument) constructor for class: ca.mcgill.ecse321.mms.model.Visitor (class must be instantiated by Interceptor)
2022-10-24 12:07:52.620  INFO 69882 --- [    Test worker] org.hibernate.tuple.PojoInstantiator     : HHH000182: No default (no-argument) constructor for class: ca.mcgill.ecse321.mms.model.Employee (class must be instantiated by Interceptor)
2022-10-24 12:07:53.040  INFO 69882 --- [    Test worker] o.h.e.t.j.p.i.JtaPlatformInitiator       : HHH000490: Using JtaPlatform implementation: [org.hibernate.engine.transaction.jta.platform.internal.NoJtaPlatform]
2022-10-24 12:07:53.046  INFO 69882 --- [    Test worker] j.LocalContainerEntityManagerFactoryBean : Initialized JPA EntityManagerFactory for persistence unit 'default'
2022-10-24 12:07:53.191  WARN 69882 --- [    Test worker] JpaBaseConfiguration$JpaWebConfiguration : spring.jpa.open-in-view is enabled by default. Therefore, database queries may be performed during view rendering. Explicitly configure spring.jpa.open-in-view to disable this warning
2022-10-24 12:07:53.659  INFO 69882 --- [    Test worker] c.m.ecse321.mms.MmsApplicationTests      : Started MmsApplicationTests in 2.979 seconds (JVM running for 3.894)
]]></system-out>
  <system-err><![CDATA[]]></system-err>
</testsuite>
