<?xml version="1.0" encoding="UTF-8"?>
<testsuite name="ca.mcgill.ecse321.mms.MmsApplicationTests" tests="1" skipped="0" failures="0" errors="0" timestamp="2022-10-26T20:12:53" hostname="Valadis-MacBook-Pro-2.local" time="0.177">
  <properties/>
  <testcase name="contextLoads()" classname="ca.mcgill.ecse321.mms.MmsApplicationTests" time="0.177"/>
  <system-out><![CDATA[16:12:48.347 [Test worker] DEBUG org.springframework.test.context.BootstrapUtils - Instantiating CacheAwareContextLoaderDelegate from class [org.springframework.test.context.cache.DefaultCacheAwareContextLoaderDelegate]
16:12:48.366 [Test worker] DEBUG org.springframework.test.context.BootstrapUtils - Instantiating BootstrapContext using constructor [public org.springframework.test.context.support.DefaultBootstrapContext(java.lang.Class,org.springframework.test.context.CacheAwareContextLoaderDelegate)]
16:12:48.410 [Test worker] DEBUG org.springframework.test.context.BootstrapUtils - Instantiating TestContextBootstrapper for test class [ca.mcgill.ecse321.mms.MmsApplicationTests] from class [org.springframework.boot.test.context.SpringBootTestContextBootstrapper]
16:12:48.427 [Test worker] INFO org.springframework.boot.test.context.SpringBootTestContextBootstrapper - Neither @ContextConfiguration nor @ContextHierarchy found for test class [ca.mcgill.ecse321.mms.MmsApplicationTests], using SpringBootContextLoader
16:12:48.433 [Test worker] DEBUG org.springframework.test.context.support.AbstractContextLoader - Did not detect default resource location for test class [ca.mcgill.ecse321.mms.MmsApplicationTests]: class path resource [ca/mcgill/ecse321/mms/MmsApplicationTests-context.xml] does not exist
16:12:48.433 [Test worker] DEBUG org.springframework.test.context.support.AbstractContextLoader - Did not detect default resource location for test class [ca.mcgill.ecse321.mms.MmsApplicationTests]: class path resource [ca/mcgill/ecse321/mms/MmsApplicationTestsContext.groovy] does not exist
16:12:48.433 [Test worker] INFO org.springframework.test.context.support.AbstractContextLoader - Could not detect default resource locations for test class [ca.mcgill.ecse321.mms.MmsApplicationTests]: no resource found for suffixes {-context.xml, Context.groovy}.
16:12:48.434 [Test worker] INFO org.springframework.test.context.support.AnnotationConfigContextLoaderUtils - Could not detect default configuration classes for test class [ca.mcgill.ecse321.mms.MmsApplicationTests]: MmsApplicationTests does not declare any static, non-private, non-final, nested classes annotated with @Configuration.
16:12:48.488 [Test worker] DEBUG org.springframework.test.context.support.ActiveProfilesUtils - Could not find an 'annotation declaring class' for annotation type [org.springframework.test.context.ActiveProfiles] and class [ca.mcgill.ecse321.mms.MmsApplicationTests]
16:12:48.560 [Test worker] DEBUG org.springframework.context.annotation.ClassPathScanningCandidateComponentProvider - Identified candidate component class: file [/Users/valadivatos/Documents/F2022 McGill/ECSE 321 - Introduction to Software Engineering/project-group-07/mms-backend/build/classes/java/main/ca/mcgill/ecse321/mms/MmsApplication.class]
16:12:48.561 [Test worker] INFO org.springframework.boot.test.context.SpringBootTestContextBootstrapper - Found @SpringBootConfiguration ca.mcgill.ecse321.mms.MmsApplication for test class ca.mcgill.ecse321.mms.MmsApplicationTests
16:12:48.683 [Test worker] DEBUG org.springframework.boot.test.context.SpringBootTestContextBootstrapper - @TestExecutionListeners is not present for class [ca.mcgill.ecse321.mms.MmsApplicationTests]: using defaults.
16:12:48.683 [Test worker] INFO org.springframework.boot.test.context.SpringBootTestContextBootstrapper - Loaded default TestExecutionListener class names from location [META-INF/spring.factories]: [org.springframework.boot.test.autoconfigure.restdocs.RestDocsTestExecutionListener, org.springframework.boot.test.autoconfigure.web.client.MockRestServiceServerResetTestExecutionListener, org.springframework.boot.test.autoconfigure.web.servlet.MockMvcPrintOnlyOnFailureTestExecutionListener, org.springframework.boot.test.autoconfigure.web.servlet.WebDriverTestExecutionListener, org.springframework.boot.test.autoconfigure.webservices.client.MockWebServiceServerTestExecutionListener, org.springframework.boot.test.mock.mockito.MockitoTestExecutionListener, org.springframework.boot.test.mock.mockito.ResetMocksTestExecutionListener, org.springframework.test.context.web.ServletTestExecutionListener, org.springframework.test.context.support.DirtiesContextBeforeModesTestExecutionListener, org.springframework.test.context.event.ApplicationEventsTestExecutionListener, org.springframework.test.context.support.DependencyInjectionTestExecutionListener, org.springframework.test.context.support.DirtiesContextTestExecutionListener, org.springframework.test.context.transaction.TransactionalTestExecutionListener, org.springframework.test.context.jdbc.SqlScriptsTestExecutionListener, org.springframework.test.context.event.EventPublishingTestExecutionListener]
16:12:48.706 [Test worker] INFO org.springframework.boot.test.context.SpringBootTestContextBootstrapper - Using TestExecutionListeners: [org.springframework.test.context.web.ServletTestExecutionListener@66ce957f, org.springframework.test.context.support.DirtiesContextBeforeModesTestExecutionListener@55b5f5d2, org.springframework.test.context.event.ApplicationEventsTestExecutionListener@5bfa8cc5, org.springframework.boot.test.mock.mockito.MockitoTestExecutionListener@666b83a4, org.springframework.boot.test.autoconfigure.SpringBootDependencyInjectionTestExecutionListener@749c877b, org.springframework.test.context.support.DirtiesContextTestExecutionListener@efde75f, org.springframework.test.context.transaction.TransactionalTestExecutionListener@16ecee1, org.springframework.test.context.jdbc.SqlScriptsTestExecutionListener@3b220bcb, org.springframework.test.context.event.EventPublishingTestExecutionListener@2b95e48b, org.springframework.boot.test.autoconfigure.restdocs.RestDocsTestExecutionListener@4a3329b9, org.springframework.boot.test.autoconfigure.web.client.MockRestServiceServerResetTestExecutionListener@3dddefd8, org.springframework.boot.test.autoconfigure.web.servlet.MockMvcPrintOnlyOnFailureTestExecutionListener@160ac7fb, org.springframework.boot.test.autoconfigure.web.servlet.WebDriverTestExecutionListener@12bfd80d, org.springframework.boot.test.autoconfigure.webservices.client.MockWebServiceServerTestExecutionListener@41925502, org.springframework.boot.test.mock.mockito.ResetMocksTestExecutionListener@13e3c1c7]
16:12:48.711 [Test worker] DEBUG org.springframework.test.context.support.AbstractDirtiesContextTestExecutionListener - Before test class: context [DefaultTestContext@37bd68c3 testClass = MmsApplicationTests, testInstance = [null], testMethod = [null], testException = [null], mergedContextConfiguration = [WebMergedContextConfiguration@60f7cc1d testClass = MmsApplicationTests, locations = '{}', classes = '{class ca.mcgill.ecse321.mms.MmsApplication}', contextInitializerClasses = '[]', activeProfiles = '{}', propertySourceLocations = '{}', propertySourceProperties = '{org.springframework.boot.test.context.SpringBootTestContextBootstrapper=true}', contextCustomizers = set[org.springframework.boot.test.autoconfigure.actuate.metrics.MetricsExportContextCustomizerFactory$DisableMetricExportContextCustomizer@6f44a157, org.springframework.boot.test.autoconfigure.properties.PropertyMappingContextCustomizer@0, org.springframework.boot.test.autoconfigure.web.servlet.WebDriverContextCustomizerFactory$Customizer@74bf1791, org.springframework.boot.test.context.filter.ExcludeFilterContextCustomizer@49c66ade, org.springframework.boot.test.json.DuplicateJsonObjectContextCustomizerFactory$DuplicateJsonObjectContextCustomizer@479460a6, org.springframework.boot.test.mock.mockito.MockitoContextCustomizer@0, org.springframework.boot.test.web.client.TestRestTemplateContextCustomizer@106cc338, org.springframework.boot.test.context.SpringBootTestArgs@1, org.springframework.boot.test.context.SpringBootTestWebEnvironment@399c4be1], resourceBasePath = 'src/main/webapp', contextLoader = 'org.springframework.boot.test.context.SpringBootContextLoader', parent = [null]], attributes = map['org.springframework.test.context.web.ServletTestExecutionListener.activateListener' -> true]], class annotated with @DirtiesContext [false] with mode [null].

  .   ____          _            __ _ _
 /\\ / ___'_ __ _ _(_)_ __  __ _ \ \ \ \
( ( )\___ | '_ | '_| | '_ \/ _` | \ \ \ \
 \\/  ___)| |_)| | | | | || (_| |  ) ) ) )
  '  |____| .__|_| |_|_| |_\__, | / / / /
 =========|_|==============|___/=/_/_/_/
 :: Spring Boot ::                (v2.7.4)

2022-10-26 16:12:49.083  INFO 56817 --- [    Test worker] c.m.ecse321.mms.MmsApplicationTests      : Starting MmsApplicationTests using Java 17.0.1 on Valadis-MacBook-Pro-2.local with PID 56817 (started by valadivatos in /Users/valadivatos/Documents/F2022 McGill/ECSE 321 - Introduction to Software Engineering/project-group-07/mms-backend)
2022-10-26 16:12:49.084  INFO 56817 --- [    Test worker] c.m.ecse321.mms.MmsApplicationTests      : No active profile set, falling back to 1 default profile: "default"
2022-10-26 16:12:49.804  INFO 56817 --- [    Test worker] .s.d.r.c.RepositoryConfigurationDelegate : Multiple Spring Data modules found, entering strict repository configuration mode
2022-10-26 16:12:49.806  INFO 56817 --- [    Test worker] .s.d.r.c.RepositoryConfigurationDelegate : Bootstrapping Spring Data JDBC repositories in DEFAULT mode.
2022-10-26 16:12:49.845  INFO 56817 --- [    Test worker] .RepositoryConfigurationExtensionSupport : Spring Data JDBC - Could not safely identify store assignment for repository candidate interface ca.mcgill.ecse321.mms.repository.ArtworkRepository; If you want this repository to be a JDBC repository, consider annotating your entities with one of these annotations: org.springframework.data.relational.core.mapping.Table.
2022-10-26 16:12:49.847  INFO 56817 --- [    Test worker] .RepositoryConfigurationExtensionSupport : Spring Data JDBC - Could not safely identify store assignment for repository candidate interface ca.mcgill.ecse321.mms.repository.LoanRepository; If you want this repository to be a JDBC repository, consider annotating your entities with one of these annotations: org.springframework.data.relational.core.mapping.Table.
2022-10-26 16:12:49.848  INFO 56817 --- [    Test worker] .RepositoryConfigurationExtensionSupport : Spring Data JDBC - Could not safely identify store assignment for repository candidate interface ca.mcgill.ecse321.mms.repository.MMSRepository; If you want this repository to be a JDBC repository, consider annotating your entities with one of these annotations: org.springframework.data.relational.core.mapping.Table.
2022-10-26 16:12:49.849  INFO 56817 --- [    Test worker] .RepositoryConfigurationExtensionSupport : Spring Data JDBC - Could not safely identify store assignment for repository candidate interface ca.mcgill.ecse321.mms.repository.PassRepository; If you want this repository to be a JDBC repository, consider annotating your entities with one of these annotations: org.springframework.data.relational.core.mapping.Table.
2022-10-26 16:12:49.852  INFO 56817 --- [    Test worker] .RepositoryConfigurationExtensionSupport : Spring Data JDBC - Could not safely identify store assignment for repository candidate interface ca.mcgill.ecse321.mms.repository.RoomRepository; If you want this repository to be a JDBC repository, consider annotating your entities with one of these annotations: org.springframework.data.relational.core.mapping.Table.
2022-10-26 16:12:49.853  INFO 56817 --- [    Test worker] .RepositoryConfigurationExtensionSupport : Spring Data JDBC - Could not safely identify store assignment for repository candidate interface ca.mcgill.ecse321.mms.repository.ShiftRepository; If you want this repository to be a JDBC repository, consider annotating your entities with one of these annotations: org.springframework.data.relational.core.mapping.Table.
2022-10-26 16:12:49.855  INFO 56817 --- [    Test worker] .RepositoryConfigurationExtensionSupport : Spring Data JDBC - Could not safely identify store assignment for repository candidate interface ca.mcgill.ecse321.mms.repository.StaffMemberRepository; If you want this repository to be a JDBC repository, consider annotating your entities with one of these annotations: org.springframework.data.relational.core.mapping.Table.
2022-10-26 16:12:49.856  INFO 56817 --- [    Test worker] .RepositoryConfigurationExtensionSupport : Spring Data JDBC - Could not safely identify store assignment for repository candidate interface ca.mcgill.ecse321.mms.repository.VisitorRepository; If you want this repository to be a JDBC repository, consider annotating your entities with one of these annotations: org.springframework.data.relational.core.mapping.Table.
2022-10-26 16:12:49.857  INFO 56817 --- [    Test worker] .s.d.r.c.RepositoryConfigurationDelegate : Finished Spring Data repository scanning in 44 ms. Found 0 JDBC repository interfaces.
2022-10-26 16:12:49.868  INFO 56817 --- [    Test worker] .s.d.r.c.RepositoryConfigurationDelegate : Multiple Spring Data modules found, entering strict repository configuration mode
2022-10-26 16:12:49.869  INFO 56817 --- [    Test worker] .s.d.r.c.RepositoryConfigurationDelegate : Bootstrapping Spring Data JPA repositories in DEFAULT mode.
2022-10-26 16:12:49.947  INFO 56817 --- [    Test worker] .s.d.r.c.RepositoryConfigurationDelegate : Finished Spring Data repository scanning in 73 ms. Found 8 JPA repository interfaces.
2022-10-26 16:12:50.596  INFO 56817 --- [    Test worker] o.hibernate.jpa.internal.util.LogHelper  : HHH000204: Processing PersistenceUnitInfo [name: default]
2022-10-26 16:12:50.668  INFO 56817 --- [    Test worker] org.hibernate.Version                    : HHH000412: Hibernate ORM core version 5.6.11.Final
2022-10-26 16:12:50.848  INFO 56817 --- [    Test worker] o.hibernate.annotations.common.Version   : HCANN000001: Hibernate Commons Annotations {5.1.2.Final}
2022-10-26 16:12:50.988  INFO 56817 --- [    Test worker] com.zaxxer.hikari.HikariDataSource       : HikariPool-1 - Starting...
2022-10-26 16:12:51.176  INFO 56817 --- [    Test worker] com.zaxxer.hikari.HikariDataSource       : HikariPool-1 - Start completed.
2022-10-26 16:12:51.216  INFO 56817 --- [    Test worker] org.hibernate.dialect.Dialect            : HHH000400: Using dialect: org.hibernate.dialect.PostgreSQL10Dialect
2022-10-26 16:12:52.385  INFO 56817 --- [    Test worker] o.h.e.t.j.p.i.JtaPlatformInitiator       : HHH000490: Using JtaPlatform implementation: [org.hibernate.engine.transaction.jta.platform.internal.NoJtaPlatform]
2022-10-26 16:12:52.394  INFO 56817 --- [    Test worker] j.LocalContainerEntityManagerFactoryBean : Initialized JPA EntityManagerFactory for persistence unit 'default'
2022-10-26 16:12:52.613  WARN 56817 --- [    Test worker] JpaBaseConfiguration$JpaWebConfiguration : spring.jpa.open-in-view is enabled by default. Therefore, database queries may be performed during view rendering. Explicitly configure spring.jpa.open-in-view to disable this warning
2022-10-26 16:12:53.710  INFO 56817 --- [    Test worker] c.m.ecse321.mms.MmsApplicationTests      : Started MmsApplicationTests in 4.94 seconds (JVM running for 6.28)
]]></system-out>
  <system-err><![CDATA[]]></system-err>
</testsuite>
