<?xml version="1.0" encoding="UTF-8"?>
<testsuite name="ca.mcgill.ecse321.mms.repository.RoomRepositoryTests" tests="1" skipped="0" failures="0" errors="0" timestamp="2022-10-26T20:12:54" hostname="Valadis-MacBook-Pro-2.local" time="0.03">
  <properties/>
  <testcase name="testPersistAndLoadRoom()" classname="ca.mcgill.ecse321.mms.repository.RoomRepositoryTests" time="0.03"/>
  <system-out><![CDATA[2022-10-26 16:12:54.364  INFO 56817 --- [    Test worker] .b.t.c.SpringBootTestContextBootstrapper : Neither @ContextConfiguration nor @ContextHierarchy found for test class [ca.mcgill.ecse321.mms.repository.RoomRepositoryTests], using SpringBootContextLoader
2022-10-26 16:12:54.364  INFO 56817 --- [    Test worker] o.s.t.c.support.AbstractContextLoader    : Could not detect default resource locations for test class [ca.mcgill.ecse321.mms.repository.RoomRepositoryTests]: no resource found for suffixes {-context.xml, Context.groovy}.
2022-10-26 16:12:54.364  INFO 56817 --- [    Test worker] t.c.s.AnnotationConfigContextLoaderUtils : Could not detect default configuration classes for test class [ca.mcgill.ecse321.mms.repository.RoomRepositoryTests]: RoomRepositoryTests does not declare any static, non-private, non-final, nested classes annotated with @Configuration.
2022-10-26 16:12:54.365  INFO 56817 --- [    Test worker] .b.t.c.SpringBootTestContextBootstrapper : Found @SpringBootConfiguration ca.mcgill.ecse321.mms.MmsApplication for test class ca.mcgill.ecse321.mms.repository.RoomRepositoryTests
2022-10-26 16:12:54.366  INFO 56817 --- [    Test worker] .b.t.c.SpringBootTestContextBootstrapper : Loaded default TestExecutionListener class names from location [META-INF/spring.factories]: [org.springframework.boot.test.autoconfigure.restdocs.RestDocsTestExecutionListener, org.springframework.boot.test.autoconfigure.web.client.MockRestServiceServerResetTestExecutionListener, org.springframework.boot.test.autoconfigure.web.servlet.MockMvcPrintOnlyOnFailureTestExecutionListener, org.springframework.boot.test.autoconfigure.web.servlet.WebDriverTestExecutionListener, org.springframework.boot.test.autoconfigure.webservices.client.MockWebServiceServerTestExecutionListener, org.springframework.boot.test.mock.mockito.MockitoTestExecutionListener, org.springframework.boot.test.mock.mockito.ResetMocksTestExecutionListener, org.springframework.test.context.web.ServletTestExecutionListener, org.springframework.test.context.support.DirtiesContextBeforeModesTestExecutionListener, org.springframework.test.context.event.ApplicationEventsTestExecutionListener, org.springframework.test.context.support.DependencyInjectionTestExecutionListener, org.springframework.test.context.support.DirtiesContextTestExecutionListener, org.springframework.test.context.transaction.TransactionalTestExecutionListener, org.springframework.test.context.jdbc.SqlScriptsTestExecutionListener, org.springframework.test.context.event.EventPublishingTestExecutionListener]
2022-10-26 16:12:54.367  INFO 56817 --- [    Test worker] .b.t.c.SpringBootTestContextBootstrapper : Using TestExecutionListeners: [org.springframework.test.context.web.ServletTestExecutionListener@53630682, org.springframework.test.context.support.DirtiesContextBeforeModesTestExecutionListener@71e2ddd, org.springframework.test.context.event.ApplicationEventsTestExecutionListener@8318808, org.springframework.boot.test.mock.mockito.MockitoTestExecutionListener@b97f195, org.springframework.boot.test.autoconfigure.SpringBootDependencyInjectionTestExecutionListener@408bb173, org.springframework.test.context.support.DirtiesContextTestExecutionListener@360d0c7a, org.springframework.test.context.transaction.TransactionalTestExecutionListener@32f8a37b, org.springframework.test.context.jdbc.SqlScriptsTestExecutionListener@657e7e8, org.springframework.test.context.event.EventPublishingTestExecutionListener@1b4ade78, org.springframework.boot.test.autoconfigure.restdocs.RestDocsTestExecutionListener@45fa7fb7, org.springframework.boot.test.autoconfigure.web.client.MockRestServiceServerResetTestExecutionListener@32eeef08, org.springframework.boot.test.autoconfigure.web.servlet.MockMvcPrintOnlyOnFailureTestExecutionListener@bbf361a, org.springframework.boot.test.autoconfigure.web.servlet.WebDriverTestExecutionListener@46cb800b, org.springframework.boot.test.autoconfigure.webservices.client.MockWebServiceServerTestExecutionListener@505a48a2, org.springframework.boot.test.mock.mockito.ResetMocksTestExecutionListener@15096b0e]
]]></system-out>
  <system-err><![CDATA[]]></system-err>
</testsuite>
