<?xml version="1.0" encoding="UTF-8"?>
<testsuite name="ca.mcgill.ecse321.mms.repository.ArtworkRepositoryTests" tests="1" skipped="0" failures="0" errors="0" timestamp="2022-10-26T20:12:53" hostname="Valadis-MacBook-Pro-2.local" time="0.287">
  <properties/>
  <testcase name="testPersistAndLoadArtwork()" classname="ca.mcgill.ecse321.mms.repository.ArtworkRepositoryTests" time="0.287"/>
  <system-out><![CDATA[2022-10-26 16:12:53.909  INFO 56817 --- [    Test worker] .b.t.c.SpringBootTestContextBootstrapper : Neither @ContextConfiguration nor @ContextHierarchy found for test class [ca.mcgill.ecse321.mms.repository.ArtworkRepositoryTests], using SpringBootContextLoader
2022-10-26 16:12:53.910  INFO 56817 --- [    Test worker] o.s.t.c.support.AbstractContextLoader    : Could not detect default resource locations for test class [ca.mcgill.ecse321.mms.repository.ArtworkRepositoryTests]: no resource found for suffixes {-context.xml, Context.groovy}.
2022-10-26 16:12:53.910  INFO 56817 --- [    Test worker] t.c.s.AnnotationConfigContextLoaderUtils : Could not detect default configuration classes for test class [ca.mcgill.ecse321.mms.repository.ArtworkRepositoryTests]: ArtworkRepositoryTests does not declare any static, non-private, non-final, nested classes annotated with @Configuration.
2022-10-26 16:12:53.918  INFO 56817 --- [    Test worker] .b.t.c.SpringBootTestContextBootstrapper : Found @SpringBootConfiguration ca.mcgill.ecse321.mms.MmsApplication for test class ca.mcgill.ecse321.mms.repository.ArtworkRepositoryTests
2022-10-26 16:12:53.920  INFO 56817 --- [    Test worker] .b.t.c.SpringBootTestContextBootstrapper : Loaded default TestExecutionListener class names from location [META-INF/spring.factories]: [org.springframework.boot.test.autoconfigure.restdocs.RestDocsTestExecutionListener, org.springframework.boot.test.autoconfigure.web.client.MockRestServiceServerResetTestExecutionListener, org.springframework.boot.test.autoconfigure.web.servlet.MockMvcPrintOnlyOnFailureTestExecutionListener, org.springframework.boot.test.autoconfigure.web.servlet.WebDriverTestExecutionListener, org.springframework.boot.test.autoconfigure.webservices.client.MockWebServiceServerTestExecutionListener, org.springframework.boot.test.mock.mockito.MockitoTestExecutionListener, org.springframework.boot.test.mock.mockito.ResetMocksTestExecutionListener, org.springframework.test.context.web.ServletTestExecutionListener, org.springframework.test.context.support.DirtiesContextBeforeModesTestExecutionListener, org.springframework.test.context.event.ApplicationEventsTestExecutionListener, org.springframework.test.context.support.DependencyInjectionTestExecutionListener, org.springframework.test.context.support.DirtiesContextTestExecutionListener, org.springframework.test.context.transaction.TransactionalTestExecutionListener, org.springframework.test.context.jdbc.SqlScriptsTestExecutionListener, org.springframework.test.context.event.EventPublishingTestExecutionListener]
2022-10-26 16:12:53.920  INFO 56817 --- [    Test worker] .b.t.c.SpringBootTestContextBootstrapper : Using TestExecutionListeners: [org.springframework.test.context.web.ServletTestExecutionListener@35d145fb, org.springframework.test.context.support.DirtiesContextBeforeModesTestExecutionListener@4088c5e6, org.springframework.test.context.event.ApplicationEventsTestExecutionListener@6e757f39, org.springframework.boot.test.mock.mockito.MockitoTestExecutionListener@4e312811, org.springframework.boot.test.autoconfigure.SpringBootDependencyInjectionTestExecutionListener@71f042b1, org.springframework.test.context.support.DirtiesContextTestExecutionListener@77511e9c, org.springframework.test.context.transaction.TransactionalTestExecutionListener@32182bf8, org.springframework.test.context.jdbc.SqlScriptsTestExecutionListener@75aeec0a, org.springframework.test.context.event.EventPublishingTestExecutionListener@6b8cdc4, org.springframework.boot.test.autoconfigure.restdocs.RestDocsTestExecutionListener@79e28671, org.springframework.boot.test.autoconfigure.web.client.MockRestServiceServerResetTestExecutionListener@ad6255e, org.springframework.boot.test.autoconfigure.web.servlet.MockMvcPrintOnlyOnFailureTestExecutionListener@81a56b2, org.springframework.boot.test.autoconfigure.web.servlet.WebDriverTestExecutionListener@488c6c98, org.springframework.boot.test.autoconfigure.webservices.client.MockWebServiceServerTestExecutionListener@2530baf6, org.springframework.boot.test.mock.mockito.ResetMocksTestExecutionListener@1e7797db]
]]></system-out>
  <system-err><![CDATA[]]></system-err>
</testsuite>
