<?xml version="1.0" encoding="UTF-8"?>
<testsuite name="ca.mcgill.ecse321.mms.repository.ShiftRepositoryTests" tests="1" skipped="0" failures="0" errors="0" timestamp="2022-10-26T20:12:54" hostname="Valadis-MacBook-Pro-2.local" time="0.028">
  <properties/>
  <testcase name="testPersistAndLoadShift()" classname="ca.mcgill.ecse321.mms.repository.ShiftRepositoryTests" time="0.028"/>
  <system-out><![CDATA[2022-10-26 16:12:54.401  INFO 56817 --- [    Test worker] .b.t.c.SpringBootTestContextBootstrapper : Neither @ContextConfiguration nor @ContextHierarchy found for test class [ca.mcgill.ecse321.mms.repository.ShiftRepositoryTests], using SpringBootContextLoader
2022-10-26 16:12:54.402  INFO 56817 --- [    Test worker] o.s.t.c.support.AbstractContextLoader    : Could not detect default resource locations for test class [ca.mcgill.ecse321.mms.repository.ShiftRepositoryTests]: no resource found for suffixes {-context.xml, Context.groovy}.
2022-10-26 16:12:54.402  INFO 56817 --- [    Test worker] t.c.s.AnnotationConfigContextLoaderUtils : Could not detect default configuration classes for test class [ca.mcgill.ecse321.mms.repository.ShiftRepositoryTests]: ShiftRepositoryTests does not declare any static, non-private, non-final, nested classes annotated with @Configuration.
2022-10-26 16:12:54.403  INFO 56817 --- [    Test worker] .b.t.c.SpringBootTestContextBootstrapper : Found @SpringBootConfiguration ca.mcgill.ecse321.mms.MmsApplication for test class ca.mcgill.ecse321.mms.repository.ShiftRepositoryTests
2022-10-26 16:12:54.404  INFO 56817 --- [    Test worker] .b.t.c.SpringBootTestContextBootstrapper : Loaded default TestExecutionListener class names from location [META-INF/spring.factories]: [org.springframework.boot.test.autoconfigure.restdocs.RestDocsTestExecutionListener, org.springframework.boot.test.autoconfigure.web.client.MockRestServiceServerResetTestExecutionListener, org.springframework.boot.test.autoconfigure.web.servlet.MockMvcPrintOnlyOnFailureTestExecutionListener, org.springframework.boot.test.autoconfigure.web.servlet.WebDriverTestExecutionListener, org.springframework.boot.test.autoconfigure.webservices.client.MockWebServiceServerTestExecutionListener, org.springframework.boot.test.mock.mockito.MockitoTestExecutionListener, org.springframework.boot.test.mock.mockito.ResetMocksTestExecutionListener, org.springframework.test.context.web.ServletTestExecutionListener, org.springframework.test.context.support.DirtiesContextBeforeModesTestExecutionListener, org.springframework.test.context.event.ApplicationEventsTestExecutionListener, org.springframework.test.context.support.DependencyInjectionTestExecutionListener, org.springframework.test.context.support.DirtiesContextTestExecutionListener, org.springframework.test.context.transaction.TransactionalTestExecutionListener, org.springframework.test.context.jdbc.SqlScriptsTestExecutionListener, org.springframework.test.context.event.EventPublishingTestExecutionListener]
2022-10-26 16:12:54.404  INFO 56817 --- [    Test worker] .b.t.c.SpringBootTestContextBootstrapper : Using TestExecutionListeners: [org.springframework.test.context.web.ServletTestExecutionListener@72ae1007, org.springframework.test.context.support.DirtiesContextBeforeModesTestExecutionListener@4545cfc0, org.springframework.test.context.event.ApplicationEventsTestExecutionListener@5cdafb4d, org.springframework.boot.test.mock.mockito.MockitoTestExecutionListener@58ca1cad, org.springframework.boot.test.autoconfigure.SpringBootDependencyInjectionTestExecutionListener@5ae6119b, org.springframework.test.context.support.DirtiesContextTestExecutionListener@31b6eec8, org.springframework.test.context.transaction.TransactionalTestExecutionListener@3abd7b20, org.springframework.test.context.jdbc.SqlScriptsTestExecutionListener@329a27ae, org.springframework.test.context.event.EventPublishingTestExecutionListener@589a82af, org.springframework.boot.test.autoconfigure.restdocs.RestDocsTestExecutionListener@5edce7da, org.springframework.boot.test.autoconfigure.web.client.MockRestServiceServerResetTestExecutionListener@f69e35a, org.springframework.boot.test.autoconfigure.web.servlet.MockMvcPrintOnlyOnFailureTestExecutionListener@6c2d124e, org.springframework.boot.test.autoconfigure.web.servlet.WebDriverTestExecutionListener@602e7a9e, org.springframework.boot.test.autoconfigure.webservices.client.MockWebServiceServerTestExecutionListener@59f5a376, org.springframework.boot.test.mock.mockito.ResetMocksTestExecutionListener@19c6e821]
]]></system-out>
  <system-err><![CDATA[]]></system-err>
</testsuite>
