<?xml version="1.0" encoding="UTF-8"?>
<testsuite name="ca.mcgill.ecse321.mms.repository.LoanRepositoryTests" tests="1" skipped="0" failures="0" errors="0" timestamp="2022-10-26T20:12:54" hostname="Valadis-MacBook-Pro-2.local" time="0.051">
  <properties/>
  <testcase name="testPersistAndLoadArtwork()" classname="ca.mcgill.ecse321.mms.repository.LoanRepositoryTests" time="0.051"/>
  <system-out><![CDATA[2022-10-26 16:12:54.221  INFO 56817 --- [    Test worker] .b.t.c.SpringBootTestContextBootstrapper : Neither @ContextConfiguration nor @ContextHierarchy found for test class [ca.mcgill.ecse321.mms.repository.LoanRepositoryTests], using SpringBootContextLoader
2022-10-26 16:12:54.222  INFO 56817 --- [    Test worker] o.s.t.c.support.AbstractContextLoader    : Could not detect default resource locations for test class [ca.mcgill.ecse321.mms.repository.LoanRepositoryTests]: no resource found for suffixes {-context.xml, Context.groovy}.
2022-10-26 16:12:54.222  INFO 56817 --- [    Test worker] t.c.s.AnnotationConfigContextLoaderUtils : Could not detect default configuration classes for test class [ca.mcgill.ecse321.mms.repository.LoanRepositoryTests]: LoanRepositoryTests does not declare any static, non-private, non-final, nested classes annotated with @Configuration.
2022-10-26 16:12:54.223  INFO 56817 --- [    Test worker] .b.t.c.SpringBootTestContextBootstrapper : Found @SpringBootConfiguration ca.mcgill.ecse321.mms.MmsApplication for test class ca.mcgill.ecse321.mms.repository.LoanRepositoryTests
2022-10-26 16:12:54.224  INFO 56817 --- [    Test worker] .b.t.c.SpringBootTestContextBootstrapper : Loaded default TestExecutionListener class names from location [META-INF/spring.factories]: [org.springframework.boot.test.autoconfigure.restdocs.RestDocsTestExecutionListener, org.springframework.boot.test.autoconfigure.web.client.MockRestServiceServerResetTestExecutionListener, org.springframework.boot.test.autoconfigure.web.servlet.MockMvcPrintOnlyOnFailureTestExecutionListener, org.springframework.boot.test.autoconfigure.web.servlet.WebDriverTestExecutionListener, org.springframework.boot.test.autoconfigure.webservices.client.MockWebServiceServerTestExecutionListener, org.springframework.boot.test.mock.mockito.MockitoTestExecutionListener, org.springframework.boot.test.mock.mockito.ResetMocksTestExecutionListener, org.springframework.test.context.web.ServletTestExecutionListener, org.springframework.test.context.support.DirtiesContextBeforeModesTestExecutionListener, org.springframework.test.context.event.ApplicationEventsTestExecutionListener, org.springframework.test.context.support.DependencyInjectionTestExecutionListener, org.springframework.test.context.support.DirtiesContextTestExecutionListener, org.springframework.test.context.transaction.TransactionalTestExecutionListener, org.springframework.test.context.jdbc.SqlScriptsTestExecutionListener, org.springframework.test.context.event.EventPublishingTestExecutionListener]
2022-10-26 16:12:54.225  INFO 56817 --- [    Test worker] .b.t.c.SpringBootTestContextBootstrapper : Using TestExecutionListeners: [org.springframework.test.context.web.ServletTestExecutionListener@19f9404d, org.springframework.test.context.support.DirtiesContextBeforeModesTestExecutionListener@5481f204, org.springframework.test.context.event.ApplicationEventsTestExecutionListener@171b0d3, org.springframework.boot.test.mock.mockito.MockitoTestExecutionListener@63d43a5, org.springframework.boot.test.autoconfigure.SpringBootDependencyInjectionTestExecutionListener@55159007, org.springframework.test.context.support.DirtiesContextTestExecutionListener@edf4973, org.springframework.test.context.transaction.TransactionalTestExecutionListener@2a49753, org.springframework.test.context.jdbc.SqlScriptsTestExecutionListener@6e68ccc9, org.springframework.test.context.event.EventPublishingTestExecutionListener@1784fcab, org.springframework.boot.test.autoconfigure.restdocs.RestDocsTestExecutionListener@63e4bbf9, org.springframework.boot.test.autoconfigure.web.client.MockRestServiceServerResetTestExecutionListener@455cb6d9, org.springframework.boot.test.autoconfigure.web.servlet.MockMvcPrintOnlyOnFailureTestExecutionListener@6d7a343f, org.springframework.boot.test.autoconfigure.web.servlet.WebDriverTestExecutionListener@5d2bfc9f, org.springframework.boot.test.autoconfigure.webservices.client.MockWebServiceServerTestExecutionListener@1bd6bfb0, org.springframework.boot.test.mock.mockito.ResetMocksTestExecutionListener@3b9c386d]
]]></system-out>
  <system-err><![CDATA[]]></system-err>
</testsuite>
