<?xml version="1.0" encoding="UTF-8"?>
<testsuite name="ca.mcgill.ecse321.mms.repository.RoomRepositoryTests" tests="1" skipped="0" failures="0" errors="0" timestamp="2022-11-08T01:34:07" hostname="Valadis-MacBook-Pro-2.local" time="0.025">
  <properties/>
  <testcase name="testPersistAndLoadRoom()" classname="ca.mcgill.ecse321.mms.repository.RoomRepositoryTests" time="0.025"/>
  <system-out><![CDATA[2022-11-07 20:34:07.634  INFO 8484 --- [    Test worker] .b.t.c.SpringBootTestContextBootstrapper : Neither @ContextConfiguration nor @ContextHierarchy found for test class [ca.mcgill.ecse321.mms.repository.RoomRepositoryTests], using SpringBootContextLoader
2022-11-07 20:34:07.634  INFO 8484 --- [    Test worker] o.s.t.c.support.AbstractContextLoader    : Could not detect default resource locations for test class [ca.mcgill.ecse321.mms.repository.RoomRepositoryTests]: no resource found for suffixes {-context.xml, Context.groovy}.
2022-11-07 20:34:07.634  INFO 8484 --- [    Test worker] t.c.s.AnnotationConfigContextLoaderUtils : Could not detect default configuration classes for test class [ca.mcgill.ecse321.mms.repository.RoomRepositoryTests]: RoomRepositoryTests does not declare any static, non-private, non-final, nested classes annotated with @Configuration.
2022-11-07 20:34:07.635  INFO 8484 --- [    Test worker] .b.t.c.SpringBootTestContextBootstrapper : Found @SpringBootConfiguration ca.mcgill.ecse321.mms.MmsApplication for test class ca.mcgill.ecse321.mms.repository.RoomRepositoryTests
2022-11-07 20:34:07.636  INFO 8484 --- [    Test worker] .b.t.c.SpringBootTestContextBootstrapper : Loaded default TestExecutionListener class names from location [META-INF/spring.factories]: [org.springframework.boot.test.autoconfigure.restdocs.RestDocsTestExecutionListener, org.springframework.boot.test.autoconfigure.web.client.MockRestServiceServerResetTestExecutionListener, org.springframework.boot.test.autoconfigure.web.servlet.MockMvcPrintOnlyOnFailureTestExecutionListener, org.springframework.boot.test.autoconfigure.web.servlet.WebDriverTestExecutionListener, org.springframework.boot.test.autoconfigure.webservices.client.MockWebServiceServerTestExecutionListener, org.springframework.boot.test.mock.mockito.MockitoTestExecutionListener, org.springframework.boot.test.mock.mockito.ResetMocksTestExecutionListener, org.springframework.test.context.web.ServletTestExecutionListener, org.springframework.test.context.support.DirtiesContextBeforeModesTestExecutionListener, org.springframework.test.context.event.ApplicationEventsTestExecutionListener, org.springframework.test.context.support.DependencyInjectionTestExecutionListener, org.springframework.test.context.support.DirtiesContextTestExecutionListener, org.springframework.test.context.transaction.TransactionalTestExecutionListener, org.springframework.test.context.jdbc.SqlScriptsTestExecutionListener, org.springframework.test.context.event.EventPublishingTestExecutionListener]
2022-11-07 20:34:07.636  INFO 8484 --- [    Test worker] .b.t.c.SpringBootTestContextBootstrapper : Using TestExecutionListeners: [org.springframework.test.context.web.ServletTestExecutionListener@23263586, org.springframework.test.context.support.DirtiesContextBeforeModesTestExecutionListener@4e2ad1f2, org.springframework.test.context.event.ApplicationEventsTestExecutionListener@2e0de20d, org.springframework.boot.test.mock.mockito.MockitoTestExecutionListener@121f97fb, org.springframework.boot.test.autoconfigure.SpringBootDependencyInjectionTestExecutionListener@70a3b, org.springframework.test.context.support.DirtiesContextTestExecutionListener@18baee88, org.springframework.test.context.transaction.TransactionalTestExecutionListener@59e67a18, org.springframework.test.context.jdbc.SqlScriptsTestExecutionListener@37289e90, org.springframework.test.context.event.EventPublishingTestExecutionListener@f461c9c, org.springframework.boot.test.autoconfigure.restdocs.RestDocsTestExecutionListener@40477d52, org.springframework.boot.test.autoconfigure.web.client.MockRestServiceServerResetTestExecutionListener@2a1be9f8, org.springframework.boot.test.autoconfigure.web.servlet.MockMvcPrintOnlyOnFailureTestExecutionListener@59b43e35, org.springframework.boot.test.autoconfigure.web.servlet.WebDriverTestExecutionListener@66297b63, org.springframework.boot.test.autoconfigure.webservices.client.MockWebServiceServerTestExecutionListener@1d7f2719, org.springframework.boot.test.mock.mockito.ResetMocksTestExecutionListener@685e5967]
Hibernate: insert into mms (museum_closing_time, museum_opening_time, pass_fee) values (?, ?, ?)
Hibernate: insert into room (museum_management_system_museumid, display_room_number, room_maximum_capacity, room_size, room_type) values (?, ?, ?, ?, 'DisplayRoom')
Hibernate: insert into room (museum_management_system_museumid, display_room_number, room_maximum_capacity, room_size, room_type) values (?, ?, ?, ?, 'DisplayRoom')
Hibernate: insert into room (museum_management_system_museumid, room_type) values (?, 'StorageRoom')
Hibernate: select room0_.roomid as roomid2_4_, room0_.museum_management_system_museumid as museum_m6_4_, room0_.display_room_number as display_3_4_, room0_.room_maximum_capacity as room_max4_4_, room0_.room_size as room_siz5_4_, room0_.room_type as room_typ1_4_ from room room0_ where room0_.roomid=?
Hibernate: select mms0_.museumid as museumid1_2_0_, mms0_.museum_closing_time as museum_c2_2_0_, mms0_.museum_opening_time as museum_o3_2_0_, mms0_.pass_fee as pass_fee4_2_0_ from mms mms0_ where mms0_.museumid=?
Hibernate: select room0_.roomid as roomid2_4_, room0_.museum_management_system_museumid as museum_m6_4_, room0_.display_room_number as display_3_4_, room0_.room_maximum_capacity as room_max4_4_, room0_.room_size as room_siz5_4_, room0_.room_type as room_typ1_4_ from room room0_ where room0_.roomid=?
Hibernate: select mms0_.museumid as museumid1_2_0_, mms0_.museum_closing_time as museum_c2_2_0_, mms0_.museum_opening_time as museum_o3_2_0_, mms0_.pass_fee as pass_fee4_2_0_ from mms mms0_ where mms0_.museumid=?
Hibernate: select room0_.roomid as roomid2_4_, room0_.museum_management_system_museumid as museum_m6_4_, room0_.display_room_number as display_3_4_, room0_.room_maximum_capacity as room_max4_4_, room0_.room_size as room_siz5_4_, room0_.room_type as room_typ1_4_ from room room0_ where room0_.roomid=?
Hibernate: select mms0_.museumid as museumid1_2_0_, mms0_.museum_closing_time as museum_c2_2_0_, mms0_.museum_opening_time as museum_o3_2_0_, mms0_.pass_fee as pass_fee4_2_0_ from mms mms0_ where mms0_.museumid=?
Hibernate: select room0_.roomid as roomid2_4_, room0_.museum_management_system_museumid as museum_m6_4_, room0_.display_room_number as display_3_4_, room0_.room_maximum_capacity as room_max4_4_, room0_.room_size as room_siz5_4_, room0_.room_type as room_typ1_4_ from room room0_
Hibernate: select mms0_.museumid as museumid1_2_0_, mms0_.museum_closing_time as museum_c2_2_0_, mms0_.museum_opening_time as museum_o3_2_0_, mms0_.pass_fee as pass_fee4_2_0_ from mms mms0_ where mms0_.museumid=?
Hibernate: delete from room where roomid=?
Hibernate: delete from room where roomid=?
Hibernate: delete from room where roomid=?
Hibernate: select mms0_.museumid as museumid1_2_, mms0_.museum_closing_time as museum_c2_2_, mms0_.museum_opening_time as museum_o3_2_, mms0_.pass_fee as pass_fee4_2_ from mms mms0_
Hibernate: delete from mms where museumid=?
]]></system-out>
  <system-err><![CDATA[]]></system-err>
</testsuite>
