<?xml version="1.0" encoding="UTF-8"?>
<testsuite name="ca.mcgill.ecse321.mms.repository.LoanRepositoryTests" tests="1" skipped="0" failures="0" errors="0" timestamp="2022-10-26T04:28:59" hostname="DESKTOP-OSHRBDR" time="0.071">
  <properties/>
  <testcase name="testPersistAndLoadArtwork()" classname="ca.mcgill.ecse321.mms.repository.LoanRepositoryTests" time="0.071"/>
  <system-out><![CDATA[2022-10-26 00:28:59.233  INFO 25804 --- [    Test worker] .b.t.c.SpringBootTestContextBootstrapper : Neither @ContextConfiguration nor @ContextHierarchy found for test class [ca.mcgill.ecse321.mms.repository.LoanRepositoryTests], using SpringBootContextLoader
2022-10-26 00:28:59.237  INFO 25804 --- [    Test worker] o.s.t.c.support.AbstractContextLoader    : Could not detect default resource locations for test class [ca.mcgill.ecse321.mms.repository.LoanRepositoryTests]: no resource found for suffixes {-context.xml, Context.groovy}.
2022-10-26 00:28:59.237  INFO 25804 --- [    Test worker] t.c.s.AnnotationConfigContextLoaderUtils : Could not detect default configuration classes for test class [ca.mcgill.ecse321.mms.repository.LoanRepositoryTests]: LoanRepositoryTests does not declare any static, non-private, non-final, nested classes annotated with @Configuration.
2022-10-26 00:28:59.237  INFO 25804 --- [    Test worker] .b.t.c.SpringBootTestContextBootstrapper : Found @SpringBootConfiguration ca.mcgill.ecse321.mms.MmsApplication for test class ca.mcgill.ecse321.mms.repository.LoanRepositoryTests
2022-10-26 00:28:59.241  INFO 25804 --- [    Test worker] .b.t.c.SpringBootTestContextBootstrapper : Loaded default TestExecutionListener class names from location [META-INF/spring.factories]: [org.springframework.boot.test.autoconfigure.restdocs.RestDocsTestExecutionListener, org.springframework.boot.test.autoconfigure.web.client.MockRestServiceServerResetTestExecutionListener, org.springframework.boot.test.autoconfigure.web.servlet.MockMvcPrintOnlyOnFailureTestExecutionListener, org.springframework.boot.test.autoconfigure.web.servlet.WebDriverTestExecutionListener, org.springframework.boot.test.autoconfigure.webservices.client.MockWebServiceServerTestExecutionListener, org.springframework.boot.test.mock.mockito.MockitoTestExecutionListener, org.springframework.boot.test.mock.mockito.ResetMocksTestExecutionListener, org.springframework.test.context.web.ServletTestExecutionListener, org.springframework.test.context.support.DirtiesContextBeforeModesTestExecutionListener, org.springframework.test.context.event.ApplicationEventsTestExecutionListener, org.springframework.test.context.support.DependencyInjectionTestExecutionListener, org.springframework.test.context.support.DirtiesContextTestExecutionListener, org.springframework.test.context.transaction.TransactionalTestExecutionListener, org.springframework.test.context.jdbc.SqlScriptsTestExecutionListener, org.springframework.test.context.event.EventPublishingTestExecutionListener]
2022-10-26 00:28:59.241  INFO 25804 --- [    Test worker] .b.t.c.SpringBootTestContextBootstrapper : Using TestExecutionListeners: [org.springframework.test.context.web.ServletTestExecutionListener@3be2ef56, org.springframework.test.context.support.DirtiesContextBeforeModesTestExecutionListener@5a8149f6, org.springframework.test.context.event.ApplicationEventsTestExecutionListener@672549f3, org.springframework.boot.test.mock.mockito.MockitoTestExecutionListener@4791d904, org.springframework.boot.test.autoconfigure.SpringBootDependencyInjectionTestExecutionListener@6ba516ff, org.springframework.test.context.support.DirtiesContextTestExecutionListener@3bbb3c84, org.springframework.test.context.transaction.TransactionalTestExecutionListener@769c80d1, org.springframework.test.context.jdbc.SqlScriptsTestExecutionListener@3f0c2eff, org.springframework.test.context.event.EventPublishingTestExecutionListener@7cddc50f, org.springframework.boot.test.autoconfigure.restdocs.RestDocsTestExecutionListener@1e60890c, org.springframework.boot.test.autoconfigure.web.client.MockRestServiceServerResetTestExecutionListener@c680819, org.springframework.boot.test.autoconfigure.web.servlet.MockMvcPrintOnlyOnFailureTestExecutionListener@52cda4bd, org.springframework.boot.test.autoconfigure.web.servlet.WebDriverTestExecutionListener@40aaf656, org.springframework.boot.test.autoconfigure.webservices.client.MockWebServiceServerTestExecutionListener@5a183fa6, org.springframework.boot.test.mock.mockito.ResetMocksTestExecutionListener@167ccc3c]
]]></system-out>
  <system-err><![CDATA[]]></system-err>
</testsuite>
