<?xml version="1.0" encoding="UTF-8"?>
<testsuite name="ca.mcgill.ecse321.mms.MmsApplicationTests" tests="1" skipped="0" failures="0" errors="0" timestamp="2022-10-25T01:28:25" hostname="DESKTOP-OSHRBDR" time="0.161">
  <properties/>
  <testcase name="contextLoads()" classname="ca.mcgill.ecse321.mms.MmsApplicationTests" time="0.161"/>
  <system-out><![CDATA[21:28:21.059 [Test worker] DEBUG org.springframework.test.context.BootstrapUtils - Instantiating CacheAwareContextLoaderDelegate from class [org.springframework.test.context.cache.DefaultCacheAwareContextLoaderDelegate]
21:28:21.067 [Test worker] DEBUG org.springframework.test.context.BootstrapUtils - Instantiating BootstrapContext using constructor [public org.springframework.test.context.support.DefaultBootstrapContext(java.lang.Class,org.springframework.test.context.CacheAwareContextLoaderDelegate)]
21:28:21.097 [Test worker] DEBUG org.springframework.test.context.BootstrapUtils - Instantiating TestContextBootstrapper for test class [ca.mcgill.ecse321.mms.MmsApplicationTests] from class [org.springframework.boot.test.context.SpringBootTestContextBootstrapper]
21:28:21.107 [Test worker] INFO org.springframework.boot.test.context.SpringBootTestContextBootstrapper - Neither @ContextConfiguration nor @ContextHierarchy found for test class [ca.mcgill.ecse321.mms.MmsApplicationTests], using SpringBootContextLoader
21:28:21.109 [Test worker] DEBUG org.springframework.test.context.support.AbstractContextLoader - Did not detect default resource location for test class [ca.mcgill.ecse321.mms.MmsApplicationTests]: class path resource [ca/mcgill/ecse321/mms/MmsApplicationTests-context.xml] does not exist
21:28:21.110 [Test worker] DEBUG org.springframework.test.context.support.AbstractContextLoader - Did not detect default resource location for test class [ca.mcgill.ecse321.mms.MmsApplicationTests]: class path resource [ca/mcgill/ecse321/mms/MmsApplicationTestsContext.groovy] does not exist
21:28:21.110 [Test worker] INFO org.springframework.test.context.support.AbstractContextLoader - Could not detect default resource locations for test class [ca.mcgill.ecse321.mms.MmsApplicationTests]: no resource found for suffixes {-context.xml, Context.groovy}.
21:28:21.110 [Test worker] INFO org.springframework.test.context.support.AnnotationConfigContextLoaderUtils - Could not detect default configuration classes for test class [ca.mcgill.ecse321.mms.MmsApplicationTests]: MmsApplicationTests does not declare any static, non-private, non-final, nested classes annotated with @Configuration.
21:28:21.138 [Test worker] DEBUG org.springframework.test.context.support.ActiveProfilesUtils - Could not find an 'annotation declaring class' for annotation type [org.springframework.test.context.ActiveProfiles] and class [ca.mcgill.ecse321.mms.MmsApplicationTests]
21:28:21.191 [Test worker] DEBUG org.springframework.context.annotation.ClassPathScanningCandidateComponentProvider - Identified candidate component class: file [C:\Users\sarah\Documents\Github\project-group-07\mms-backend\build\classes\java\main\ca\mcgill\ecse321\mms\MmsApplication.class]
21:28:21.192 [Test worker] INFO org.springframework.boot.test.context.SpringBootTestContextBootstrapper - Found @SpringBootConfiguration ca.mcgill.ecse321.mms.MmsApplication for test class ca.mcgill.ecse321.mms.MmsApplicationTests
21:28:21.273 [Test worker] DEBUG org.springframework.boot.test.context.SpringBootTestContextBootstrapper - @TestExecutionListeners is not present for class [ca.mcgill.ecse321.mms.MmsApplicationTests]: using defaults.
21:28:21.273 [Test worker] INFO org.springframework.boot.test.context.SpringBootTestContextBootstrapper - Loaded default TestExecutionListener class names from location [META-INF/spring.factories]: [org.springframework.boot.test.autoconfigure.restdocs.RestDocsTestExecutionListener, org.springframework.boot.test.autoconfigure.web.client.MockRestServiceServerResetTestExecutionListener, org.springframework.boot.test.autoconfigure.web.servlet.MockMvcPrintOnlyOnFailureTestExecutionListener, org.springframework.boot.test.autoconfigure.web.servlet.WebDriverTestExecutionListener, org.springframework.boot.test.autoconfigure.webservices.client.MockWebServiceServerTestExecutionListener, org.springframework.boot.test.mock.mockito.MockitoTestExecutionListener, org.springframework.boot.test.mock.mockito.ResetMocksTestExecutionListener, org.springframework.test.context.web.ServletTestExecutionListener, org.springframework.test.context.support.DirtiesContextBeforeModesTestExecutionListener, org.springframework.test.context.event.ApplicationEventsTestExecutionListener, org.springframework.test.context.support.DependencyInjectionTestExecutionListener, org.springframework.test.context.support.DirtiesContextTestExecutionListener, org.springframework.test.context.transaction.TransactionalTestExecutionListener, org.springframework.test.context.jdbc.SqlScriptsTestExecutionListener, org.springframework.test.context.event.EventPublishingTestExecutionListener]
21:28:21.287 [Test worker] INFO org.springframework.boot.test.context.SpringBootTestContextBootstrapper - Using TestExecutionListeners: [org.springframework.test.context.web.ServletTestExecutionListener@6e16b8b5, org.springframework.test.context.support.DirtiesContextBeforeModesTestExecutionListener@43b4fe19, org.springframework.test.context.event.ApplicationEventsTestExecutionListener@25ddbbbb, org.springframework.boot.test.mock.mockito.MockitoTestExecutionListener@1536602f, org.springframework.boot.test.autoconfigure.SpringBootDependencyInjectionTestExecutionListener@4ebea12c, org.springframework.test.context.support.DirtiesContextTestExecutionListener@2a1edad4, org.springframework.test.context.transaction.TransactionalTestExecutionListener@6256ac4f, org.springframework.test.context.jdbc.SqlScriptsTestExecutionListener@44c79f32, org.springframework.test.context.event.EventPublishingTestExecutionListener@7fcbe147, org.springframework.boot.test.autoconfigure.restdocs.RestDocsTestExecutionListener@235f4c10, org.springframework.boot.test.autoconfigure.web.client.MockRestServiceServerResetTestExecutionListener@743cb8e0, org.springframework.boot.test.autoconfigure.web.servlet.MockMvcPrintOnlyOnFailureTestExecutionListener@c7a975a, org.springframework.boot.test.autoconfigure.web.servlet.WebDriverTestExecutionListener@2c1b9e4b, org.springframework.boot.test.autoconfigure.webservices.client.MockWebServiceServerTestExecutionListener@757d6814, org.springframework.boot.test.mock.mockito.ResetMocksTestExecutionListener@649725e3]
21:28:21.290 [Test worker] DEBUG org.springframework.test.context.support.AbstractDirtiesContextTestExecutionListener - Before test class: context [DefaultTestContext@7fd4acee testClass = MmsApplicationTests, testInstance = [null], testMethod = [null], testException = [null], mergedContextConfiguration = [WebMergedContextConfiguration@165b8a71 testClass = MmsApplicationTests, locations = '{}', classes = '{class ca.mcgill.ecse321.mms.MmsApplication}', contextInitializerClasses = '[]', activeProfiles = '{}', propertySourceLocations = '{}', propertySourceProperties = '{org.springframework.boot.test.context.SpringBootTestContextBootstrapper=true}', contextCustomizers = set[org.springframework.boot.test.autoconfigure.actuate.metrics.MetricsExportContextCustomizerFactory$DisableMetricExportContextCustomizer@16ce702d, org.springframework.boot.test.autoconfigure.properties.PropertyMappingContextCustomizer@0, org.springframework.boot.test.autoconfigure.web.servlet.WebDriverContextCustomizerFactory$Customizer@403f0a22, org.springframework.boot.test.context.filter.ExcludeFilterContextCustomizer@77825085, org.springframework.boot.test.json.DuplicateJsonObjectContextCustomizerFactory$DuplicateJsonObjectContextCustomizer@294a6b8e, org.springframework.boot.test.mock.mockito.MockitoContextCustomizer@0, org.springframework.boot.test.web.client.TestRestTemplateContextCustomizer@66ac5762, org.springframework.boot.test.context.SpringBootTestArgs@1, org.springframework.boot.test.context.SpringBootTestWebEnvironment@3c73951], resourceBasePath = 'src/main/webapp', contextLoader = 'org.springframework.boot.test.context.SpringBootContextLoader', parent = [null]], attributes = map['org.springframework.test.context.web.ServletTestExecutionListener.activateListener' -> true]], class annotated with @DirtiesContext [false] with mode [null].

  .   ____          _            __ _ _
 /\\ / ___'_ __ _ _(_)_ __  __ _ \ \ \ \
( ( )\___ | '_ | '_| | '_ \/ _` | \ \ \ \
 \\/  ___)| |_)| | | | | || (_| |  ) ) ) )
  '  |____| .__|_| |_|_| |_\__, | / / / /
 =========|_|==============|___/=/_/_/_/
 :: Spring Boot ::                (v2.7.4)

2022-10-24 21:28:21.539  INFO 17980 --- [    Test worker] c.m.ecse321.mms.MmsApplicationTests      : Starting MmsApplicationTests using Java 17 on DESKTOP-OSHRBDR with PID 17980 (started by sarah in C:\Users\sarah\Documents\Github\project-group-07\mms-backend)
2022-10-24 21:28:21.540  INFO 17980 --- [    Test worker] c.m.ecse321.mms.MmsApplicationTests      : No active profile set, falling back to 1 default profile: "default"
2022-10-24 21:28:22.055  INFO 17980 --- [    Test worker] .s.d.r.c.RepositoryConfigurationDelegate : Multiple Spring Data modules found, entering strict repository configuration mode
2022-10-24 21:28:22.057  INFO 17980 --- [    Test worker] .s.d.r.c.RepositoryConfigurationDelegate : Bootstrapping Spring Data JDBC repositories in DEFAULT mode.
2022-10-24 21:28:22.094  INFO 17980 --- [    Test worker] .RepositoryConfigurationExtensionSupport : Spring Data JDBC - Could not safely identify store assignment for repository candidate interface ca.mcgill.ecse321.mms.repository.ArtworkRepository; If you want this repository to be a JDBC repository, consider annotating your entities with one of these annotations: org.springframework.data.relational.core.mapping.Table.
2022-10-24 21:28:22.098  INFO 17980 --- [    Test worker] .RepositoryConfigurationExtensionSupport : Spring Data JDBC - Could not safely identify store assignment for repository candidate interface ca.mcgill.ecse321.mms.repository.DisplayRoomRepository; If you want this repository to be a JDBC repository, consider annotating your entities with one of these annotations: org.springframework.data.relational.core.mapping.Table.
2022-10-24 21:28:22.101  INFO 17980 --- [    Test worker] .RepositoryConfigurationExtensionSupport : Spring Data JDBC - Could not safely identify store assignment for repository candidate interface ca.mcgill.ecse321.mms.repository.EmployeeRepository; If you want this repository to be a JDBC repository, consider annotating your entities with one of these annotations: org.springframework.data.relational.core.mapping.Table.
2022-10-24 21:28:22.103  INFO 17980 --- [    Test worker] .RepositoryConfigurationExtensionSupport : Spring Data JDBC - Could not safely identify store assignment for repository candidate interface ca.mcgill.ecse321.mms.repository.LoanRepository; If you want this repository to be a JDBC repository, consider annotating your entities with one of these annotations: org.springframework.data.relational.core.mapping.Table.
2022-10-24 21:28:22.105  INFO 17980 --- [    Test worker] .RepositoryConfigurationExtensionSupport : Spring Data JDBC - Could not safely identify store assignment for repository candidate interface ca.mcgill.ecse321.mms.repository.MMSRepository; If you want this repository to be a JDBC repository, consider annotating your entities with one of these annotations: org.springframework.data.relational.core.mapping.Table.
2022-10-24 21:28:22.107  INFO 17980 --- [    Test worker] .RepositoryConfigurationExtensionSupport : Spring Data JDBC - Could not safely identify store assignment for repository candidate interface ca.mcgill.ecse321.mms.repository.PassRepository; If you want this repository to be a JDBC repository, consider annotating your entities with one of these annotations: org.springframework.data.relational.core.mapping.Table.
2022-10-24 21:28:22.108  INFO 17980 --- [    Test worker] .RepositoryConfigurationExtensionSupport : Spring Data JDBC - Could not safely identify store assignment for repository candidate interface ca.mcgill.ecse321.mms.repository.ShiftRepository; If you want this repository to be a JDBC repository, consider annotating your entities with one of these annotations: org.springframework.data.relational.core.mapping.Table.
2022-10-24 21:28:22.109  INFO 17980 --- [    Test worker] .RepositoryConfigurationExtensionSupport : Spring Data JDBC - Could not safely identify store assignment for repository candidate interface ca.mcgill.ecse321.mms.repository.StorageRepository; If you want this repository to be a JDBC repository, consider annotating your entities with one of these annotations: org.springframework.data.relational.core.mapping.Table.
2022-10-24 21:28:22.111  INFO 17980 --- [    Test worker] .RepositoryConfigurationExtensionSupport : Spring Data JDBC - Could not safely identify store assignment for repository candidate interface ca.mcgill.ecse321.mms.repository.VisitorRepository; If you want this repository to be a JDBC repository, consider annotating your entities with one of these annotations: org.springframework.data.relational.core.mapping.Table.
2022-10-24 21:28:22.111  INFO 17980 --- [    Test worker] .s.d.r.c.RepositoryConfigurationDelegate : Finished Spring Data repository scanning in 46 ms. Found 0 JDBC repository interfaces.
2022-10-24 21:28:22.119  INFO 17980 --- [    Test worker] .s.d.r.c.RepositoryConfigurationDelegate : Multiple Spring Data modules found, entering strict repository configuration mode
2022-10-24 21:28:22.120  INFO 17980 --- [    Test worker] .s.d.r.c.RepositoryConfigurationDelegate : Bootstrapping Spring Data JPA repositories in DEFAULT mode.
2022-10-24 21:28:22.159  INFO 17980 --- [    Test worker] .s.d.r.c.RepositoryConfigurationDelegate : Finished Spring Data repository scanning in 35 ms. Found 9 JPA repository interfaces.
2022-10-24 21:28:22.719  INFO 17980 --- [    Test worker] o.hibernate.jpa.internal.util.LogHelper  : HHH000204: Processing PersistenceUnitInfo [name: default]
2022-10-24 21:28:22.769  INFO 17980 --- [    Test worker] org.hibernate.Version                    : HHH000412: Hibernate ORM core version 5.6.11.Final
2022-10-24 21:28:22.908  INFO 17980 --- [    Test worker] o.hibernate.annotations.common.Version   : HCANN000001: Hibernate Commons Annotations {5.1.2.Final}
2022-10-24 21:28:23.010  INFO 17980 --- [    Test worker] com.zaxxer.hikari.HikariDataSource       : HikariPool-1 - Starting...
2022-10-24 21:28:23.179  INFO 17980 --- [    Test worker] com.zaxxer.hikari.HikariDataSource       : HikariPool-1 - Start completed.
2022-10-24 21:28:23.208  INFO 17980 --- [    Test worker] org.hibernate.dialect.Dialect            : HHH000400: Using dialect: org.hibernate.dialect.PostgreSQL10Dialect
2022-10-24 21:28:23.604  INFO 17980 --- [    Test worker] org.hibernate.tuple.PojoInstantiator     : HHH000182: No default (no-argument) constructor for class: ca.mcgill.ecse321.mms.model.DisplayRoom (class must be instantiated by Interceptor)
2022-10-24 21:28:23.780  INFO 17980 --- [    Test worker] org.hibernate.tuple.PojoInstantiator     : HHH000182: No default (no-argument) constructor for class: ca.mcgill.ecse321.mms.model.Owner (class must be instantiated by Interceptor)
2022-10-24 21:28:23.796  INFO 17980 --- [    Test worker] org.hibernate.tuple.PojoInstantiator     : HHH000182: No default (no-argument) constructor for class: ca.mcgill.ecse321.mms.model.Shift (class must be instantiated by Interceptor)
2022-10-24 21:28:23.804  INFO 17980 --- [    Test worker] org.hibernate.tuple.PojoInstantiator     : HHH000182: No default (no-argument) constructor for class: ca.mcgill.ecse321.mms.model.Storage (class must be instantiated by Interceptor)
2022-10-24 21:28:23.810  INFO 17980 --- [    Test worker] org.hibernate.tuple.PojoInstantiator     : HHH000182: No default (no-argument) constructor for class: ca.mcgill.ecse321.mms.model.MMS (class must be instantiated by Interceptor)
2022-10-24 21:28:23.823  INFO 17980 --- [    Test worker] org.hibernate.tuple.PojoInstantiator     : HHH000182: No default (no-argument) constructor for class: ca.mcgill.ecse321.mms.model.Artwork (class must be instantiated by Interceptor)
2022-10-24 21:28:23.833  INFO 17980 --- [    Test worker] org.hibernate.tuple.PojoInstantiator     : HHH000182: No default (no-argument) constructor for class: ca.mcgill.ecse321.mms.model.Loan (class must be instantiated by Interceptor)
2022-10-24 21:28:23.843  INFO 17980 --- [    Test worker] org.hibernate.tuple.PojoInstantiator     : HHH000182: No default (no-argument) constructor for class: ca.mcgill.ecse321.mms.model.Pass (class must be instantiated by Interceptor)
2022-10-24 21:28:23.857  INFO 17980 --- [    Test worker] org.hibernate.tuple.PojoInstantiator     : HHH000182: No default (no-argument) constructor for class: ca.mcgill.ecse321.mms.model.Visitor (class must be instantiated by Interceptor)
2022-10-24 21:28:23.866  INFO 17980 --- [    Test worker] org.hibernate.tuple.PojoInstantiator     : HHH000182: No default (no-argument) constructor for class: ca.mcgill.ecse321.mms.model.Employee (class must be instantiated by Interceptor)
2022-10-24 21:28:24.158  INFO 17980 --- [    Test worker] o.h.e.t.j.p.i.JtaPlatformInitiator       : HHH000490: Using JtaPlatform implementation: [org.hibernate.engine.transaction.jta.platform.internal.NoJtaPlatform]
2022-10-24 21:28:24.165  INFO 17980 --- [    Test worker] j.LocalContainerEntityManagerFactoryBean : Initialized JPA EntityManagerFactory for persistence unit 'default'
2022-10-24 21:28:24.377  WARN 17980 --- [    Test worker] JpaBaseConfiguration$JpaWebConfiguration : spring.jpa.open-in-view is enabled by default. Therefore, database queries may be performed during view rendering. Explicitly configure spring.jpa.open-in-view to disable this warning
2022-10-24 21:28:25.336  INFO 17980 --- [    Test worker] c.m.ecse321.mms.MmsApplicationTests      : Started MmsApplicationTests in 4.012 seconds (JVM running for 4.888)
]]></system-out>
  <system-err><![CDATA[]]></system-err>
</testsuite>
