<?xml version="1.0" encoding="UTF-8"?>
<testsuite name="ca.mcgill.ecse321.mms.MmsApplicationTests" tests="1" skipped="0" failures="0" errors="0" timestamp="2022-10-18T20:35:13" hostname="Sadeks-MacBook-Pro.local" time="0.192">
  <properties/>
  <testcase name="contextLoads()" classname="ca.mcgill.ecse321.mms.MmsApplicationTests" time="0.192"/>
  <system-out><![CDATA[16:35:11.393 [Test worker] DEBUG org.springframework.test.context.BootstrapUtils - Instantiating CacheAwareContextLoaderDelegate from class [org.springframework.test.context.cache.DefaultCacheAwareContextLoaderDelegate]
16:35:11.401 [Test worker] DEBUG org.springframework.test.context.BootstrapUtils - Instantiating BootstrapContext using constructor [public org.springframework.test.context.support.DefaultBootstrapContext(java.lang.Class,org.springframework.test.context.CacheAwareContextLoaderDelegate)]
16:35:11.428 [Test worker] DEBUG org.springframework.test.context.BootstrapUtils - Instantiating TestContextBootstrapper for test class [ca.mcgill.ecse321.mms.MmsApplicationTests] from class [org.springframework.boot.test.context.SpringBootTestContextBootstrapper]
16:35:11.438 [Test worker] INFO org.springframework.boot.test.context.SpringBootTestContextBootstrapper - Neither @ContextConfiguration nor @ContextHierarchy found for test class [ca.mcgill.ecse321.mms.MmsApplicationTests], using SpringBootContextLoader
16:35:11.440 [Test worker] DEBUG org.springframework.test.context.support.AbstractContextLoader - Did not detect default resource location for test class [ca.mcgill.ecse321.mms.MmsApplicationTests]: class path resource [ca/mcgill/ecse321/mms/MmsApplicationTests-context.xml] does not exist
16:35:11.441 [Test worker] DEBUG org.springframework.test.context.support.AbstractContextLoader - Did not detect default resource location for test class [ca.mcgill.ecse321.mms.MmsApplicationTests]: class path resource [ca/mcgill/ecse321/mms/MmsApplicationTestsContext.groovy] does not exist
16:35:11.441 [Test worker] INFO org.springframework.test.context.support.AbstractContextLoader - Could not detect default resource locations for test class [ca.mcgill.ecse321.mms.MmsApplicationTests]: no resource found for suffixes {-context.xml, Context.groovy}.
16:35:11.441 [Test worker] INFO org.springframework.test.context.support.AnnotationConfigContextLoaderUtils - Could not detect default configuration classes for test class [ca.mcgill.ecse321.mms.MmsApplicationTests]: MmsApplicationTests does not declare any static, non-private, non-final, nested classes annotated with @Configuration.
16:35:11.477 [Test worker] DEBUG org.springframework.test.context.support.ActiveProfilesUtils - Could not find an 'annotation declaring class' for annotation type [org.springframework.test.context.ActiveProfiles] and class [ca.mcgill.ecse321.mms.MmsApplicationTests]
16:35:11.517 [Test worker] DEBUG org.springframework.context.annotation.ClassPathScanningCandidateComponentProvider - Identified candidate component class: file [/Users/sadekmahmood/Projects/deliv1/project-group-07/mms-backend/build/classes/java/main/ca/mcgill/ecse321/mms/MmsApplication.class]
16:35:11.518 [Test worker] INFO org.springframework.boot.test.context.SpringBootTestContextBootstrapper - Found @SpringBootConfiguration ca.mcgill.ecse321.mms.MmsApplication for test class ca.mcgill.ecse321.mms.MmsApplicationTests
16:35:11.587 [Test worker] DEBUG org.springframework.boot.test.context.SpringBootTestContextBootstrapper - @TestExecutionListeners is not present for class [ca.mcgill.ecse321.mms.MmsApplicationTests]: using defaults.
16:35:11.587 [Test worker] INFO org.springframework.boot.test.context.SpringBootTestContextBootstrapper - Loaded default TestExecutionListener class names from location [META-INF/spring.factories]: [org.springframework.boot.test.autoconfigure.restdocs.RestDocsTestExecutionListener, org.springframework.boot.test.autoconfigure.web.client.MockRestServiceServerResetTestExecutionListener, org.springframework.boot.test.autoconfigure.web.servlet.MockMvcPrintOnlyOnFailureTestExecutionListener, org.springframework.boot.test.autoconfigure.web.servlet.WebDriverTestExecutionListener, org.springframework.boot.test.autoconfigure.webservices.client.MockWebServiceServerTestExecutionListener, org.springframework.boot.test.mock.mockito.MockitoTestExecutionListener, org.springframework.boot.test.mock.mockito.ResetMocksTestExecutionListener, org.springframework.test.context.web.ServletTestExecutionListener, org.springframework.test.context.support.DirtiesContextBeforeModesTestExecutionListener, org.springframework.test.context.event.ApplicationEventsTestExecutionListener, org.springframework.test.context.support.DependencyInjectionTestExecutionListener, org.springframework.test.context.support.DirtiesContextTestExecutionListener, org.springframework.test.context.transaction.TransactionalTestExecutionListener, org.springframework.test.context.jdbc.SqlScriptsTestExecutionListener, org.springframework.test.context.event.EventPublishingTestExecutionListener]
16:35:11.601 [Test worker] INFO org.springframework.boot.test.context.SpringBootTestContextBootstrapper - Using TestExecutionListeners: [org.springframework.test.context.web.ServletTestExecutionListener@2fea7088, org.springframework.test.context.support.DirtiesContextBeforeModesTestExecutionListener@40499e4f, org.springframework.test.context.event.ApplicationEventsTestExecutionListener@51cd7ffc, org.springframework.boot.test.mock.mockito.MockitoTestExecutionListener@30d4b288, org.springframework.boot.test.autoconfigure.SpringBootDependencyInjectionTestExecutionListener@4cc6fa2a, org.springframework.test.context.support.DirtiesContextTestExecutionListener@40f1be1b, org.springframework.test.context.transaction.TransactionalTestExecutionListener@7a791b66, org.springframework.test.context.jdbc.SqlScriptsTestExecutionListener@6f2cb653, org.springframework.test.context.event.EventPublishingTestExecutionListener@14c01636, org.springframework.boot.test.autoconfigure.restdocs.RestDocsTestExecutionListener@590c73d3, org.springframework.boot.test.autoconfigure.web.client.MockRestServiceServerResetTestExecutionListener@6b9ce1bf, org.springframework.boot.test.autoconfigure.web.servlet.MockMvcPrintOnlyOnFailureTestExecutionListener@61884cb1, org.springframework.boot.test.autoconfigure.web.servlet.WebDriverTestExecutionListener@75ed9710, org.springframework.boot.test.autoconfigure.webservices.client.MockWebServiceServerTestExecutionListener@4fc5e095, org.springframework.boot.test.mock.mockito.ResetMocksTestExecutionListener@435871cb]
16:35:11.603 [Test worker] DEBUG org.springframework.test.context.support.AbstractDirtiesContextTestExecutionListener - Before test class: context [DefaultTestContext@6c6c5427 testClass = MmsApplicationTests, testInstance = [null], testMethod = [null], testException = [null], mergedContextConfiguration = [WebMergedContextConfiguration@618c5d94 testClass = MmsApplicationTests, locations = '{}', classes = '{class ca.mcgill.ecse321.mms.MmsApplication}', contextInitializerClasses = '[]', activeProfiles = '{}', propertySourceLocations = '{}', propertySourceProperties = '{org.springframework.boot.test.context.SpringBootTestContextBootstrapper=true}', contextCustomizers = set[org.springframework.boot.test.autoconfigure.actuate.metrics.MetricsExportContextCustomizerFactory$DisableMetricExportContextCustomizer@1e44b638, org.springframework.boot.test.autoconfigure.properties.PropertyMappingContextCustomizer@0, org.springframework.boot.test.autoconfigure.web.servlet.WebDriverContextCustomizerFactory$Customizer@5b367418, org.springframework.boot.test.context.filter.ExcludeFilterContextCustomizer@1efe439d, org.springframework.boot.test.json.DuplicateJsonObjectContextCustomizerFactory$DuplicateJsonObjectContextCustomizer@413f69cc, org.springframework.boot.test.mock.mockito.MockitoContextCustomizer@0, org.springframework.boot.test.web.client.TestRestTemplateContextCustomizer@68702e03, org.springframework.boot.test.context.SpringBootTestArgs@1, org.springframework.boot.test.context.SpringBootTestWebEnvironment@399c4be1], resourceBasePath = 'src/main/webapp', contextLoader = 'org.springframework.boot.test.context.SpringBootContextLoader', parent = [null]], attributes = map['org.springframework.test.context.web.ServletTestExecutionListener.activateListener' -> true]], class annotated with @DirtiesContext [false] with mode [null].

  .   ____          _            __ _ _
 /\\ / ___'_ __ _ _(_)_ __  __ _ \ \ \ \
( ( )\___ | '_ | '_| | '_ \/ _` | \ \ \ \
 \\/  ___)| |_)| | | | | || (_| |  ) ) ) )
  '  |____| .__|_| |_|_| |_\__, | / / / /
 =========|_|==============|___/=/_/_/_/
 :: Spring Boot ::                (v2.7.4)

2022-10-18 16:35:12.001  INFO 13821 --- [    Test worker] c.m.ecse321.mms.MmsApplicationTests      : Starting MmsApplicationTests using Java 17.0.1 on Sadeks-MacBook-Pro.local with PID 13821 (started by sadekmahmood in /Users/sadekmahmood/Projects/deliv1/project-group-07/mms-backend)
2022-10-18 16:35:12.002  INFO 13821 --- [    Test worker] c.m.ecse321.mms.MmsApplicationTests      : No active profile set, falling back to 1 default profile: "default"
2022-10-18 16:35:12.459  INFO 13821 --- [    Test worker] .s.d.r.c.RepositoryConfigurationDelegate : Multiple Spring Data modules found, entering strict repository configuration mode
2022-10-18 16:35:12.460  INFO 13821 --- [    Test worker] .s.d.r.c.RepositoryConfigurationDelegate : Bootstrapping Spring Data JDBC repositories in DEFAULT mode.
2022-10-18 16:35:12.467  INFO 13821 --- [    Test worker] .s.d.r.c.RepositoryConfigurationDelegate : Finished Spring Data repository scanning in 4 ms. Found 0 JDBC repository interfaces.
2022-10-18 16:35:12.474  INFO 13821 --- [    Test worker] .s.d.r.c.RepositoryConfigurationDelegate : Multiple Spring Data modules found, entering strict repository configuration mode
2022-10-18 16:35:12.474  INFO 13821 --- [    Test worker] .s.d.r.c.RepositoryConfigurationDelegate : Bootstrapping Spring Data JPA repositories in DEFAULT mode.
2022-10-18 16:35:12.478  INFO 13821 --- [    Test worker] .s.d.r.c.RepositoryConfigurationDelegate : Finished Spring Data repository scanning in 0 ms. Found 0 JPA repository interfaces.
2022-10-18 16:35:12.820  INFO 13821 --- [    Test worker] o.hibernate.jpa.internal.util.LogHelper  : HHH000204: Processing PersistenceUnitInfo [name: default]
2022-10-18 16:35:12.851  INFO 13821 --- [    Test worker] org.hibernate.Version                    : HHH000412: Hibernate ORM core version 5.6.11.Final
2022-10-18 16:35:12.960  INFO 13821 --- [    Test worker] o.hibernate.annotations.common.Version   : HCANN000001: Hibernate Commons Annotations {5.1.2.Final}
2022-10-18 16:35:13.029  INFO 13821 --- [    Test worker] com.zaxxer.hikari.HikariDataSource       : HikariPool-1 - Starting...
2022-10-18 16:35:13.130  INFO 13821 --- [    Test worker] com.zaxxer.hikari.HikariDataSource       : HikariPool-1 - Start completed.
2022-10-18 16:35:13.150  INFO 13821 --- [    Test worker] org.hibernate.dialect.Dialect            : HHH000400: Using dialect: org.hibernate.dialect.PostgreSQL10Dialect
2022-10-18 16:35:13.323  INFO 13821 --- [    Test worker] o.h.e.t.j.p.i.JtaPlatformInitiator       : HHH000490: Using JtaPlatform implementation: [org.hibernate.engine.transaction.jta.platform.internal.NoJtaPlatform]
2022-10-18 16:35:13.329  INFO 13821 --- [    Test worker] j.LocalContainerEntityManagerFactoryBean : Initialized JPA EntityManagerFactory for persistence unit 'default'
2022-10-18 16:35:13.476  WARN 13821 --- [    Test worker] JpaBaseConfiguration$JpaWebConfiguration : spring.jpa.open-in-view is enabled by default. Therefore, database queries may be performed during view rendering. Explicitly configure spring.jpa.open-in-view to disable this warning
2022-10-18 16:35:13.907  INFO 13821 --- [    Test worker] c.m.ecse321.mms.MmsApplicationTests      : Started MmsApplicationTests in 2.276 seconds (JVM running for 3.17)
]]></system-out>
  <system-err><![CDATA[]]></system-err>
</testsuite>
