<?xml version="1.0" encoding="UTF-8"?>
<testsuite name="ca.mcgill.ecse321.mms.repository.MMSRepositoryTests" tests="1" skipped="0" failures="0" errors="0" timestamp="2022-10-26T18:50:24" hostname="Sadeks-MacBook-Pro.local" time="0.009">
  <properties/>
  <testcase name="testPersistAndLoadMMS()" classname="ca.mcgill.ecse321.mms.repository.MMSRepositoryTests" time="0.009"/>
  <system-out><![CDATA[2022-10-26 14:50:24.774  INFO 32960 --- [    Test worker] .b.t.c.SpringBootTestContextBootstrapper : Neither @ContextConfiguration nor @ContextHierarchy found for test class [ca.mcgill.ecse321.mms.repository.MMSRepositoryTests], using SpringBootContextLoader
2022-10-26 14:50:24.775  INFO 32960 --- [    Test worker] o.s.t.c.support.AbstractContextLoader    : Could not detect default resource locations for test class [ca.mcgill.ecse321.mms.repository.MMSRepositoryTests]: no resource found for suffixes {-context.xml, Context.groovy}.
2022-10-26 14:50:24.775  INFO 32960 --- [    Test worker] t.c.s.AnnotationConfigContextLoaderUtils : Could not detect default configuration classes for test class [ca.mcgill.ecse321.mms.repository.MMSRepositoryTests]: MMSRepositoryTests does not declare any static, non-private, non-final, nested classes annotated with @Configuration.
2022-10-26 14:50:24.776  INFO 32960 --- [    Test worker] .b.t.c.SpringBootTestContextBootstrapper : Found @SpringBootConfiguration ca.mcgill.ecse321.mms.MmsApplication for test class ca.mcgill.ecse321.mms.repository.MMSRepositoryTests
2022-10-26 14:50:24.777  INFO 32960 --- [    Test worker] .b.t.c.SpringBootTestContextBootstrapper : Loaded default TestExecutionListener class names from location [META-INF/spring.factories]: [org.springframework.boot.test.autoconfigure.restdocs.RestDocsTestExecutionListener, org.springframework.boot.test.autoconfigure.web.client.MockRestServiceServerResetTestExecutionListener, org.springframework.boot.test.autoconfigure.web.servlet.MockMvcPrintOnlyOnFailureTestExecutionListener, org.springframework.boot.test.autoconfigure.web.servlet.WebDriverTestExecutionListener, org.springframework.boot.test.autoconfigure.webservices.client.MockWebServiceServerTestExecutionListener, org.springframework.boot.test.mock.mockito.MockitoTestExecutionListener, org.springframework.boot.test.mock.mockito.ResetMocksTestExecutionListener, org.springframework.test.context.web.ServletTestExecutionListener, org.springframework.test.context.support.DirtiesContextBeforeModesTestExecutionListener, org.springframework.test.context.event.ApplicationEventsTestExecutionListener, org.springframework.test.context.support.DependencyInjectionTestExecutionListener, org.springframework.test.context.support.DirtiesContextTestExecutionListener, org.springframework.test.context.transaction.TransactionalTestExecutionListener, org.springframework.test.context.jdbc.SqlScriptsTestExecutionListener, org.springframework.test.context.event.EventPublishingTestExecutionListener]
2022-10-26 14:50:24.777  INFO 32960 --- [    Test worker] .b.t.c.SpringBootTestContextBootstrapper : Using TestExecutionListeners: [org.springframework.test.context.web.ServletTestExecutionListener@6d7a343f, org.springframework.test.context.support.DirtiesContextBeforeModesTestExecutionListener@5d2bfc9f, org.springframework.test.context.event.ApplicationEventsTestExecutionListener@1bd6bfb0, org.springframework.boot.test.mock.mockito.MockitoTestExecutionListener@3b9c386d, org.springframework.boot.test.autoconfigure.SpringBootDependencyInjectionTestExecutionListener@7fb28ed, org.springframework.test.context.support.DirtiesContextTestExecutionListener@536f389, org.springframework.test.context.transaction.TransactionalTestExecutionListener@2b33f7a0, org.springframework.test.context.jdbc.SqlScriptsTestExecutionListener@71b6edfb, org.springframework.test.context.event.EventPublishingTestExecutionListener@2f541f60, org.springframework.boot.test.autoconfigure.restdocs.RestDocsTestExecutionListener@1dcc0bb8, org.springframework.boot.test.autoconfigure.web.client.MockRestServiceServerResetTestExecutionListener@29767156, org.springframework.boot.test.autoconfigure.web.servlet.MockMvcPrintOnlyOnFailureTestExecutionListener@6f6998b6, org.springframework.boot.test.autoconfigure.web.servlet.WebDriverTestExecutionListener@60493524, org.springframework.boot.test.autoconfigure.webservices.client.MockWebServiceServerTestExecutionListener@1da5635e, org.springframework.boot.test.mock.mockito.ResetMocksTestExecutionListener@7c35d7d]
]]></system-out>
  <system-err><![CDATA[]]></system-err>
</testsuite>
