<?xml version="1.0" encoding="UTF-8"?>
<testsuite name="ca.mcgill.ecse321.mms.repository.MMSRepositoryTests" tests="1" skipped="0" failures="0" errors="0" timestamp="2022-11-08T01:34:07" hostname="Valadis-MacBook-Pro-2.local" time="0.01">
  <properties/>
  <testcase name="testPersistAndLoadMMS()" classname="ca.mcgill.ecse321.mms.repository.MMSRepositoryTests" time="0.01"/>
  <system-out><![CDATA[2022-11-07 20:34:07.587  INFO 8484 --- [    Test worker] .b.t.c.SpringBootTestContextBootstrapper : Neither @ContextConfiguration nor @ContextHierarchy found for test class [ca.mcgill.ecse321.mms.repository.MMSRepositoryTests], using SpringBootContextLoader
2022-11-07 20:34:07.588  INFO 8484 --- [    Test worker] o.s.t.c.support.AbstractContextLoader    : Could not detect default resource locations for test class [ca.mcgill.ecse321.mms.repository.MMSRepositoryTests]: no resource found for suffixes {-context.xml, Context.groovy}.
2022-11-07 20:34:07.588  INFO 8484 --- [    Test worker] t.c.s.AnnotationConfigContextLoaderUtils : Could not detect default configuration classes for test class [ca.mcgill.ecse321.mms.repository.MMSRepositoryTests]: MMSRepositoryTests does not declare any static, non-private, non-final, nested classes annotated with @Configuration.
2022-11-07 20:34:07.589  INFO 8484 --- [    Test worker] .b.t.c.SpringBootTestContextBootstrapper : Found @SpringBootConfiguration ca.mcgill.ecse321.mms.MmsApplication for test class ca.mcgill.ecse321.mms.repository.MMSRepositoryTests
2022-11-07 20:34:07.590  INFO 8484 --- [    Test worker] .b.t.c.SpringBootTestContextBootstrapper : Loaded default TestExecutionListener class names from location [META-INF/spring.factories]: [org.springframework.boot.test.autoconfigure.restdocs.RestDocsTestExecutionListener, org.springframework.boot.test.autoconfigure.web.client.MockRestServiceServerResetTestExecutionListener, org.springframework.boot.test.autoconfigure.web.servlet.MockMvcPrintOnlyOnFailureTestExecutionListener, org.springframework.boot.test.autoconfigure.web.servlet.WebDriverTestExecutionListener, org.springframework.boot.test.autoconfigure.webservices.client.MockWebServiceServerTestExecutionListener, org.springframework.boot.test.mock.mockito.MockitoTestExecutionListener, org.springframework.boot.test.mock.mockito.ResetMocksTestExecutionListener, org.springframework.test.context.web.ServletTestExecutionListener, org.springframework.test.context.support.DirtiesContextBeforeModesTestExecutionListener, org.springframework.test.context.event.ApplicationEventsTestExecutionListener, org.springframework.test.context.support.DependencyInjectionTestExecutionListener, org.springframework.test.context.support.DirtiesContextTestExecutionListener, org.springframework.test.context.transaction.TransactionalTestExecutionListener, org.springframework.test.context.jdbc.SqlScriptsTestExecutionListener, org.springframework.test.context.event.EventPublishingTestExecutionListener]
2022-11-07 20:34:07.590  INFO 8484 --- [    Test worker] .b.t.c.SpringBootTestContextBootstrapper : Using TestExecutionListeners: [org.springframework.test.context.web.ServletTestExecutionListener@589a82af, org.springframework.test.context.support.DirtiesContextBeforeModesTestExecutionListener@5edce7da, org.springframework.test.context.event.ApplicationEventsTestExecutionListener@f69e35a, org.springframework.boot.test.mock.mockito.MockitoTestExecutionListener@6c2d124e, org.springframework.boot.test.autoconfigure.SpringBootDependencyInjectionTestExecutionListener@602e7a9e, org.springframework.test.context.support.DirtiesContextTestExecutionListener@59f5a376, org.springframework.test.context.transaction.TransactionalTestExecutionListener@19c6e821, org.springframework.test.context.jdbc.SqlScriptsTestExecutionListener@1dfd3635, org.springframework.test.context.event.EventPublishingTestExecutionListener@e14559e, org.springframework.boot.test.autoconfigure.restdocs.RestDocsTestExecutionListener@7a0eb939, org.springframework.boot.test.autoconfigure.web.client.MockRestServiceServerResetTestExecutionListener@54a7d1b9, org.springframework.boot.test.autoconfigure.web.servlet.MockMvcPrintOnlyOnFailureTestExecutionListener@209f0986, org.springframework.boot.test.autoconfigure.web.servlet.WebDriverTestExecutionListener@c0b10ae, org.springframework.boot.test.autoconfigure.webservices.client.MockWebServiceServerTestExecutionListener@3c3a767, org.springframework.boot.test.mock.mockito.ResetMocksTestExecutionListener@698394bf]
Hibernate: insert into mms (museum_closing_time, museum_opening_time, pass_fee) values (?, ?, ?)
Hibernate: select mms0_.museumid as museumid1_2_, mms0_.museum_closing_time as museum_c2_2_, mms0_.museum_opening_time as museum_o3_2_, mms0_.pass_fee as pass_fee4_2_ from mms mms0_ where mms0_.museumid=?
Hibernate: select mms0_.museumid as museumid1_2_, mms0_.museum_closing_time as museum_c2_2_, mms0_.museum_opening_time as museum_o3_2_, mms0_.pass_fee as pass_fee4_2_ from mms mms0_
Hibernate: delete from mms where museumid=?
]]></system-out>
  <system-err><![CDATA[]]></system-err>
</testsuite>
