<?xml version="1.0" encoding="UTF-8"?>
<testsuite name="ca.mcgill.ecse321.mms.repository.PassRepositoryTests" tests="1" skipped="0" failures="0" errors="0" timestamp="2022-10-26T18:50:24" hostname="Sadeks-MacBook-Pro.local" time="0.022">
  <properties/>
  <testcase name="testPersistandLoadPass()" classname="ca.mcgill.ecse321.mms.repository.PassRepositoryTests" time="0.022"/>
  <system-out><![CDATA[2022-10-26 14:50:24.789  INFO 32960 --- [    Test worker] .b.t.c.SpringBootTestContextBootstrapper : Neither @ContextConfiguration nor @ContextHierarchy found for test class [ca.mcgill.ecse321.mms.repository.PassRepositoryTests], using SpringBootContextLoader
2022-10-26 14:50:24.789  INFO 32960 --- [    Test worker] o.s.t.c.support.AbstractContextLoader    : Could not detect default resource locations for test class [ca.mcgill.ecse321.mms.repository.PassRepositoryTests]: no resource found for suffixes {-context.xml, Context.groovy}.
2022-10-26 14:50:24.789  INFO 32960 --- [    Test worker] t.c.s.AnnotationConfigContextLoaderUtils : Could not detect default configuration classes for test class [ca.mcgill.ecse321.mms.repository.PassRepositoryTests]: PassRepositoryTests does not declare any static, non-private, non-final, nested classes annotated with @Configuration.
2022-10-26 14:50:24.790  INFO 32960 --- [    Test worker] .b.t.c.SpringBootTestContextBootstrapper : Found @SpringBootConfiguration ca.mcgill.ecse321.mms.MmsApplication for test class ca.mcgill.ecse321.mms.repository.PassRepositoryTests
2022-10-26 14:50:24.791  INFO 32960 --- [    Test worker] .b.t.c.SpringBootTestContextBootstrapper : Loaded default TestExecutionListener class names from location [META-INF/spring.factories]: [org.springframework.boot.test.autoconfigure.restdocs.RestDocsTestExecutionListener, org.springframework.boot.test.autoconfigure.web.client.MockRestServiceServerResetTestExecutionListener, org.springframework.boot.test.autoconfigure.web.servlet.MockMvcPrintOnlyOnFailureTestExecutionListener, org.springframework.boot.test.autoconfigure.web.servlet.WebDriverTestExecutionListener, org.springframework.boot.test.autoconfigure.webservices.client.MockWebServiceServerTestExecutionListener, org.springframework.boot.test.mock.mockito.MockitoTestExecutionListener, org.springframework.boot.test.mock.mockito.ResetMocksTestExecutionListener, org.springframework.test.context.web.ServletTestExecutionListener, org.springframework.test.context.support.DirtiesContextBeforeModesTestExecutionListener, org.springframework.test.context.event.ApplicationEventsTestExecutionListener, org.springframework.test.context.support.DependencyInjectionTestExecutionListener, org.springframework.test.context.support.DirtiesContextTestExecutionListener, org.springframework.test.context.transaction.TransactionalTestExecutionListener, org.springframework.test.context.jdbc.SqlScriptsTestExecutionListener, org.springframework.test.context.event.EventPublishingTestExecutionListener]
2022-10-26 14:50:24.791  INFO 32960 --- [    Test worker] .b.t.c.SpringBootTestContextBootstrapper : Using TestExecutionListeners: [org.springframework.test.context.web.ServletTestExecutionListener@648bfebe, org.springframework.test.context.support.DirtiesContextBeforeModesTestExecutionListener@383a5260, org.springframework.test.context.event.ApplicationEventsTestExecutionListener@4986b0ea, org.springframework.boot.test.mock.mockito.MockitoTestExecutionListener@ce5a2ea, org.springframework.boot.test.autoconfigure.SpringBootDependencyInjectionTestExecutionListener@37a0c3c6, org.springframework.test.context.support.DirtiesContextTestExecutionListener@5de32e00, org.springframework.test.context.transaction.TransactionalTestExecutionListener@219ec4b6, org.springframework.test.context.jdbc.SqlScriptsTestExecutionListener@cdc09d, org.springframework.test.context.event.EventPublishingTestExecutionListener@31c29db1, org.springframework.boot.test.autoconfigure.restdocs.RestDocsTestExecutionListener@751526a7, org.springframework.boot.test.autoconfigure.web.client.MockRestServiceServerResetTestExecutionListener@2279e7c7, org.springframework.boot.test.autoconfigure.web.servlet.MockMvcPrintOnlyOnFailureTestExecutionListener@4c5e123d, org.springframework.boot.test.autoconfigure.web.servlet.WebDriverTestExecutionListener@69542112, org.springframework.boot.test.autoconfigure.webservices.client.MockWebServiceServerTestExecutionListener@35a81281, org.springframework.boot.test.mock.mockito.ResetMocksTestExecutionListener@58829c2c]
]]></system-out>
  <system-err><![CDATA[]]></system-err>
</testsuite>
