<?xml version="1.0" encoding="UTF-8"?>
<testsuite name="ca.mcgill.ecse321.mms.repository.RoomRepositoryTests" tests="1" skipped="0" failures="0" errors="0" timestamp="2022-10-26T04:43:34" hostname="DESKTOP-OSHRBDR" time="0.037">
  <properties/>
  <testcase name="testPersistAndLoadRoom()" classname="ca.mcgill.ecse321.mms.repository.RoomRepositoryTests" time="0.037"/>
  <system-out><![CDATA[2022-10-26 00:43:34.611  INFO 16600 --- [    Test worker] .b.t.c.SpringBootTestContextBootstrapper : Neither @ContextConfiguration nor @ContextHierarchy found for test class [ca.mcgill.ecse321.mms.repository.RoomRepositoryTests], using SpringBootContextLoader
2022-10-26 00:43:34.614  INFO 16600 --- [    Test worker] o.s.t.c.support.AbstractContextLoader    : Could not detect default resource locations for test class [ca.mcgill.ecse321.mms.repository.RoomRepositoryTests]: no resource found for suffixes {-context.xml, Context.groovy}.
2022-10-26 00:43:34.614  INFO 16600 --- [    Test worker] t.c.s.AnnotationConfigContextLoaderUtils : Could not detect default configuration classes for test class [ca.mcgill.ecse321.mms.repository.RoomRepositoryTests]: RoomRepositoryTests does not declare any static, non-private, non-final, nested classes annotated with @Configuration.
2022-10-26 00:43:34.614  INFO 16600 --- [    Test worker] .b.t.c.SpringBootTestContextBootstrapper : Found @SpringBootConfiguration ca.mcgill.ecse321.mms.MmsApplication for test class ca.mcgill.ecse321.mms.repository.RoomRepositoryTests
2022-10-26 00:43:34.614  INFO 16600 --- [    Test worker] .b.t.c.SpringBootTestContextBootstrapper : Loaded default TestExecutionListener class names from location [META-INF/spring.factories]: [org.springframework.boot.test.autoconfigure.restdocs.RestDocsTestExecutionListener, org.springframework.boot.test.autoconfigure.web.client.MockRestServiceServerResetTestExecutionListener, org.springframework.boot.test.autoconfigure.web.servlet.MockMvcPrintOnlyOnFailureTestExecutionListener, org.springframework.boot.test.autoconfigure.web.servlet.WebDriverTestExecutionListener, org.springframework.boot.test.autoconfigure.webservices.client.MockWebServiceServerTestExecutionListener, org.springframework.boot.test.mock.mockito.MockitoTestExecutionListener, org.springframework.boot.test.mock.mockito.ResetMocksTestExecutionListener, org.springframework.test.context.web.ServletTestExecutionListener, org.springframework.test.context.support.DirtiesContextBeforeModesTestExecutionListener, org.springframework.test.context.event.ApplicationEventsTestExecutionListener, org.springframework.test.context.support.DependencyInjectionTestExecutionListener, org.springframework.test.context.support.DirtiesContextTestExecutionListener, org.springframework.test.context.transaction.TransactionalTestExecutionListener, org.springframework.test.context.jdbc.SqlScriptsTestExecutionListener, org.springframework.test.context.event.EventPublishingTestExecutionListener]
2022-10-26 00:43:34.614  INFO 16600 --- [    Test worker] .b.t.c.SpringBootTestContextBootstrapper : Using TestExecutionListeners: [org.springframework.test.context.web.ServletTestExecutionListener@3599b7e8, org.springframework.test.context.support.DirtiesContextBeforeModesTestExecutionListener@2862bac6, org.springframework.test.context.event.ApplicationEventsTestExecutionListener@52e5ad71, org.springframework.boot.test.mock.mockito.MockitoTestExecutionListener@696a6506, org.springframework.boot.test.autoconfigure.SpringBootDependencyInjectionTestExecutionListener@1134a934, org.springframework.test.context.support.DirtiesContextTestExecutionListener@2cbd855e, org.springframework.test.context.transaction.TransactionalTestExecutionListener@534c3b9d, org.springframework.test.context.jdbc.SqlScriptsTestExecutionListener@69b436a7, org.springframework.test.context.event.EventPublishingTestExecutionListener@5dfd4fac, org.springframework.boot.test.autoconfigure.restdocs.RestDocsTestExecutionListener@1d2aa638, org.springframework.boot.test.autoconfigure.web.client.MockRestServiceServerResetTestExecutionListener@2f08e6d3, org.springframework.boot.test.autoconfigure.web.servlet.MockMvcPrintOnlyOnFailureTestExecutionListener@67c1fc9b, org.springframework.boot.test.autoconfigure.web.servlet.WebDriverTestExecutionListener@50f65fe0, org.springframework.boot.test.autoconfigure.webservices.client.MockWebServiceServerTestExecutionListener@18a538a0, org.springframework.boot.test.mock.mockito.ResetMocksTestExecutionListener@70736b19]
]]></system-out>
  <system-err><![CDATA[]]></system-err>
</testsuite>
