<?xml version="1.0" encoding="UTF-8"?>
<testsuite name="ca.mcgill.ecse321.mms.repository.ArtworkRepositoryTests" tests="1" skipped="0" failures="0" errors="0" timestamp="2022-10-27T13:23:04" hostname="MacBook-Pro.local" time="0.725">
  <properties/>
  <testcase name="testPersistAndLoadArtwork()" classname="ca.mcgill.ecse321.mms.repository.ArtworkRepositoryTests" time="0.725"/>
  <system-out><![CDATA[2022-10-27 09:23:04.489  INFO 73573 --- [    Test worker] .b.t.c.SpringBootTestContextBootstrapper : Neither @ContextConfiguration nor @ContextHierarchy found for test class [ca.mcgill.ecse321.mms.repository.ArtworkRepositoryTests], using SpringBootContextLoader
2022-10-27 09:23:04.490  INFO 73573 --- [    Test worker] o.s.t.c.support.AbstractContextLoader    : Could not detect default resource locations for test class [ca.mcgill.ecse321.mms.repository.ArtworkRepositoryTests]: no resource found for suffixes {-context.xml, Context.groovy}.
2022-10-27 09:23:04.490  INFO 73573 --- [    Test worker] t.c.s.AnnotationConfigContextLoaderUtils : Could not detect default configuration classes for test class [ca.mcgill.ecse321.mms.repository.ArtworkRepositoryTests]: ArtworkRepositoryTests does not declare any static, non-private, non-final, nested classes annotated with @Configuration.
2022-10-27 09:23:04.517  INFO 73573 --- [    Test worker] .b.t.c.SpringBootTestContextBootstrapper : Found @SpringBootConfiguration ca.mcgill.ecse321.mms.MmsApplication for test class ca.mcgill.ecse321.mms.repository.ArtworkRepositoryTests
2022-10-27 09:23:04.521  INFO 73573 --- [    Test worker] .b.t.c.SpringBootTestContextBootstrapper : Loaded default TestExecutionListener class names from location [META-INF/spring.factories]: [org.springframework.boot.test.autoconfigure.restdocs.RestDocsTestExecutionListener, org.springframework.boot.test.autoconfigure.web.client.MockRestServiceServerResetTestExecutionListener, org.springframework.boot.test.autoconfigure.web.servlet.MockMvcPrintOnlyOnFailureTestExecutionListener, org.springframework.boot.test.autoconfigure.web.servlet.WebDriverTestExecutionListener, org.springframework.boot.test.autoconfigure.webservices.client.MockWebServiceServerTestExecutionListener, org.springframework.boot.test.mock.mockito.MockitoTestExecutionListener, org.springframework.boot.test.mock.mockito.ResetMocksTestExecutionListener, org.springframework.test.context.web.ServletTestExecutionListener, org.springframework.test.context.support.DirtiesContextBeforeModesTestExecutionListener, org.springframework.test.context.event.ApplicationEventsTestExecutionListener, org.springframework.test.context.support.DependencyInjectionTestExecutionListener, org.springframework.test.context.support.DirtiesContextTestExecutionListener, org.springframework.test.context.transaction.TransactionalTestExecutionListener, org.springframework.test.context.jdbc.SqlScriptsTestExecutionListener, org.springframework.test.context.event.EventPublishingTestExecutionListener]
2022-10-27 09:23:04.523  INFO 73573 --- [    Test worker] .b.t.c.SpringBootTestContextBootstrapper : Using TestExecutionListeners: [org.springframework.test.context.web.ServletTestExecutionListener@29ebaf2f, org.springframework.test.context.support.DirtiesContextBeforeModesTestExecutionListener@1a61f634, org.springframework.test.context.event.ApplicationEventsTestExecutionListener@20a2930f, org.springframework.boot.test.mock.mockito.MockitoTestExecutionListener@609edb55, org.springframework.boot.test.autoconfigure.SpringBootDependencyInjectionTestExecutionListener@147892be, org.springframework.test.context.support.DirtiesContextTestExecutionListener@13d1653, org.springframework.test.context.transaction.TransactionalTestExecutionListener@3533d790, org.springframework.test.context.jdbc.SqlScriptsTestExecutionListener@23e1f610, org.springframework.test.context.event.EventPublishingTestExecutionListener@73dc7db0, org.springframework.boot.test.autoconfigure.restdocs.RestDocsTestExecutionListener@1a3a6216, org.springframework.boot.test.autoconfigure.web.client.MockRestServiceServerResetTestExecutionListener@319ea996, org.springframework.boot.test.autoconfigure.web.servlet.MockMvcPrintOnlyOnFailureTestExecutionListener@1de398c3, org.springframework.boot.test.autoconfigure.web.servlet.WebDriverTestExecutionListener@dc24732, org.springframework.boot.test.autoconfigure.webservices.client.MockWebServiceServerTestExecutionListener@44a1ae4e, org.springframework.boot.test.mock.mockito.ResetMocksTestExecutionListener@377d55]
]]></system-out>
  <system-err><![CDATA[]]></system-err>
</testsuite>
