<?xml version="1.0" encoding="UTF-8"?>
<testsuite name="ca.mcgill.ecse321.mms.repository.MMSRepositoryTests" tests="1" skipped="0" failures="0" errors="0" timestamp="2022-10-26T04:28:59" hostname="DESKTOP-OSHRBDR" time="0.015">
  <properties/>
  <testcase name="testPersistAndLoadMMS()" classname="ca.mcgill.ecse321.mms.repository.MMSRepositoryTests" time="0.015"/>
  <system-out><![CDATA[2022-10-26 00:28:59.321  INFO 25804 --- [    Test worker] .b.t.c.SpringBootTestContextBootstrapper : Neither @ContextConfiguration nor @ContextHierarchy found for test class [ca.mcgill.ecse321.mms.repository.MMSRepositoryTests], using SpringBootContextLoader
2022-10-26 00:28:59.325  INFO 25804 --- [    Test worker] o.s.t.c.support.AbstractContextLoader    : Could not detect default resource locations for test class [ca.mcgill.ecse321.mms.repository.MMSRepositoryTests]: no resource found for suffixes {-context.xml, Context.groovy}.
2022-10-26 00:28:59.325  INFO 25804 --- [    Test worker] t.c.s.AnnotationConfigContextLoaderUtils : Could not detect default configuration classes for test class [ca.mcgill.ecse321.mms.repository.MMSRepositoryTests]: MMSRepositoryTests does not declare any static, non-private, non-final, nested classes annotated with @Configuration.
2022-10-26 00:28:59.325  INFO 25804 --- [    Test worker] .b.t.c.SpringBootTestContextBootstrapper : Found @SpringBootConfiguration ca.mcgill.ecse321.mms.MmsApplication for test class ca.mcgill.ecse321.mms.repository.MMSRepositoryTests
2022-10-26 00:28:59.329  INFO 25804 --- [    Test worker] .b.t.c.SpringBootTestContextBootstrapper : Loaded default TestExecutionListener class names from location [META-INF/spring.factories]: [org.springframework.boot.test.autoconfigure.restdocs.RestDocsTestExecutionListener, org.springframework.boot.test.autoconfigure.web.client.MockRestServiceServerResetTestExecutionListener, org.springframework.boot.test.autoconfigure.web.servlet.MockMvcPrintOnlyOnFailureTestExecutionListener, org.springframework.boot.test.autoconfigure.web.servlet.WebDriverTestExecutionListener, org.springframework.boot.test.autoconfigure.webservices.client.MockWebServiceServerTestExecutionListener, org.springframework.boot.test.mock.mockito.MockitoTestExecutionListener, org.springframework.boot.test.mock.mockito.ResetMocksTestExecutionListener, org.springframework.test.context.web.ServletTestExecutionListener, org.springframework.test.context.support.DirtiesContextBeforeModesTestExecutionListener, org.springframework.test.context.event.ApplicationEventsTestExecutionListener, org.springframework.test.context.support.DependencyInjectionTestExecutionListener, org.springframework.test.context.support.DirtiesContextTestExecutionListener, org.springframework.test.context.transaction.TransactionalTestExecutionListener, org.springframework.test.context.jdbc.SqlScriptsTestExecutionListener, org.springframework.test.context.event.EventPublishingTestExecutionListener]
2022-10-26 00:28:59.329  INFO 25804 --- [    Test worker] .b.t.c.SpringBootTestContextBootstrapper : Using TestExecutionListeners: [org.springframework.test.context.web.ServletTestExecutionListener@7c5fbde4, org.springframework.test.context.support.DirtiesContextBeforeModesTestExecutionListener@7021bb55, org.springframework.test.context.event.ApplicationEventsTestExecutionListener@6023b54f, org.springframework.boot.test.mock.mockito.MockitoTestExecutionListener@14d9ae22, org.springframework.boot.test.autoconfigure.SpringBootDependencyInjectionTestExecutionListener@15e881c0, org.springframework.test.context.support.DirtiesContextTestExecutionListener@68ee7b3b, org.springframework.test.context.transaction.TransactionalTestExecutionListener@159a32a4, org.springframework.test.context.jdbc.SqlScriptsTestExecutionListener@4ceb368b, org.springframework.test.context.event.EventPublishingTestExecutionListener@1ddc5857, org.springframework.boot.test.autoconfigure.restdocs.RestDocsTestExecutionListener@6f0df74, org.springframework.boot.test.autoconfigure.web.client.MockRestServiceServerResetTestExecutionListener@42bbd21c, org.springframework.boot.test.autoconfigure.web.servlet.MockMvcPrintOnlyOnFailureTestExecutionListener@57f1fbae, org.springframework.boot.test.autoconfigure.web.servlet.WebDriverTestExecutionListener@28901fe7, org.springframework.boot.test.autoconfigure.webservices.client.MockWebServiceServerTestExecutionListener@289b7efe, org.springframework.boot.test.mock.mockito.ResetMocksTestExecutionListener@34ac72c3]
]]></system-out>
  <system-err><![CDATA[]]></system-err>
</testsuite>
