<?xml version="1.0" encoding="UTF-8"?>
<testsuite name="ca.mcgill.ecse321.mms.repository.MMSRepositoryTests" tests="1" skipped="0" failures="0" errors="0" timestamp="2022-10-26T03:32:33" hostname="DESKTOP-OSHRBDR" time="0.046">
  <properties/>
  <testcase name="testPersistAndLoadMMS()" classname="ca.mcgill.ecse321.mms.repository.MMSRepositoryTests" time="0.046"/>
  <system-out><![CDATA[2022-10-25 23:32:33.729  INFO 21844 --- [    Test worker] .b.t.c.SpringBootTestContextBootstrapper : Neither @ContextConfiguration nor @ContextHierarchy found for test class [ca.mcgill.ecse321.mms.repository.MMSRepositoryTests], using SpringBootContextLoader
2022-10-25 23:32:33.729  INFO 21844 --- [    Test worker] o.s.t.c.support.AbstractContextLoader    : Could not detect default resource locations for test class [ca.mcgill.ecse321.mms.repository.MMSRepositoryTests]: no resource found for suffixes {-context.xml, Context.groovy}.
2022-10-25 23:32:33.729  INFO 21844 --- [    Test worker] t.c.s.AnnotationConfigContextLoaderUtils : Could not detect default configuration classes for test class [ca.mcgill.ecse321.mms.repository.MMSRepositoryTests]: MMSRepositoryTests does not declare any static, non-private, non-final, nested classes annotated with @Configuration.
2022-10-25 23:32:33.733  INFO 21844 --- [    Test worker] .b.t.c.SpringBootTestContextBootstrapper : Found @SpringBootConfiguration ca.mcgill.ecse321.mms.MmsApplication for test class ca.mcgill.ecse321.mms.repository.MMSRepositoryTests
2022-10-25 23:32:33.733  INFO 21844 --- [    Test worker] .b.t.c.SpringBootTestContextBootstrapper : Loaded default TestExecutionListener class names from location [META-INF/spring.factories]: [org.springframework.boot.test.autoconfigure.restdocs.RestDocsTestExecutionListener, org.springframework.boot.test.autoconfigure.web.client.MockRestServiceServerResetTestExecutionListener, org.springframework.boot.test.autoconfigure.web.servlet.MockMvcPrintOnlyOnFailureTestExecutionListener, org.springframework.boot.test.autoconfigure.web.servlet.WebDriverTestExecutionListener, org.springframework.boot.test.autoconfigure.webservices.client.MockWebServiceServerTestExecutionListener, org.springframework.boot.test.mock.mockito.MockitoTestExecutionListener, org.springframework.boot.test.mock.mockito.ResetMocksTestExecutionListener, org.springframework.test.context.web.ServletTestExecutionListener, org.springframework.test.context.support.DirtiesContextBeforeModesTestExecutionListener, org.springframework.test.context.event.ApplicationEventsTestExecutionListener, org.springframework.test.context.support.DependencyInjectionTestExecutionListener, org.springframework.test.context.support.DirtiesContextTestExecutionListener, org.springframework.test.context.transaction.TransactionalTestExecutionListener, org.springframework.test.context.jdbc.SqlScriptsTestExecutionListener, org.springframework.test.context.event.EventPublishingTestExecutionListener]
2022-10-25 23:32:33.733  INFO 21844 --- [    Test worker] .b.t.c.SpringBootTestContextBootstrapper : Using TestExecutionListeners: [org.springframework.test.context.web.ServletTestExecutionListener@760ac834, org.springframework.test.context.support.DirtiesContextBeforeModesTestExecutionListener@6c4c32ff, org.springframework.test.context.event.ApplicationEventsTestExecutionListener@5a1a5521, org.springframework.boot.test.mock.mockito.MockitoTestExecutionListener@5603632c, org.springframework.boot.test.autoconfigure.SpringBootDependencyInjectionTestExecutionListener@76685ab0, org.springframework.test.context.support.DirtiesContextTestExecutionListener@7bbe5548, org.springframework.test.context.transaction.TransactionalTestExecutionListener@7305a443, org.springframework.test.context.jdbc.SqlScriptsTestExecutionListener@3ed2a30c, org.springframework.test.context.event.EventPublishingTestExecutionListener@adbc3bc, org.springframework.boot.test.autoconfigure.restdocs.RestDocsTestExecutionListener@3c6d3ba, org.springframework.boot.test.autoconfigure.web.client.MockRestServiceServerResetTestExecutionListener@5d3f583d, org.springframework.boot.test.autoconfigure.web.servlet.MockMvcPrintOnlyOnFailureTestExecutionListener@765e5a55, org.springframework.boot.test.autoconfigure.web.servlet.WebDriverTestExecutionListener@22cca101, org.springframework.boot.test.autoconfigure.webservices.client.MockWebServiceServerTestExecutionListener@1722ede1, org.springframework.boot.test.mock.mockito.ResetMocksTestExecutionListener@307ba188]
]]></system-out>
  <system-err><![CDATA[]]></system-err>
</testsuite>
