<?xml version="1.0" encoding="UTF-8"?>
<testsuite name="ca.mcgill.ecse321.mms.repository.PassRepositoryTests" tests="1" skipped="0" failures="0" errors="0" timestamp="2022-10-26T20:12:54" hostname="Valadis-MacBook-Pro-2.local" time="0.055">
  <properties/>
  <testcase name="testPersistandLoadPass()" classname="ca.mcgill.ecse321.mms.repository.PassRepositoryTests" time="0.055"/>
  <system-out><![CDATA[2022-10-26 16:12:54.300  INFO 56817 --- [    Test worker] .b.t.c.SpringBootTestContextBootstrapper : Neither @ContextConfiguration nor @ContextHierarchy found for test class [ca.mcgill.ecse321.mms.repository.PassRepositoryTests], using SpringBootContextLoader
2022-10-26 16:12:54.301  INFO 56817 --- [    Test worker] o.s.t.c.support.AbstractContextLoader    : Could not detect default resource locations for test class [ca.mcgill.ecse321.mms.repository.PassRepositoryTests]: no resource found for suffixes {-context.xml, Context.groovy}.
2022-10-26 16:12:54.301  INFO 56817 --- [    Test worker] t.c.s.AnnotationConfigContextLoaderUtils : Could not detect default configuration classes for test class [ca.mcgill.ecse321.mms.repository.PassRepositoryTests]: PassRepositoryTests does not declare any static, non-private, non-final, nested classes annotated with @Configuration.
2022-10-26 16:12:54.303  INFO 56817 --- [    Test worker] .b.t.c.SpringBootTestContextBootstrapper : Found @SpringBootConfiguration ca.mcgill.ecse321.mms.MmsApplication for test class ca.mcgill.ecse321.mms.repository.PassRepositoryTests
2022-10-26 16:12:54.303  INFO 56817 --- [    Test worker] .b.t.c.SpringBootTestContextBootstrapper : Loaded default TestExecutionListener class names from location [META-INF/spring.factories]: [org.springframework.boot.test.autoconfigure.restdocs.RestDocsTestExecutionListener, org.springframework.boot.test.autoconfigure.web.client.MockRestServiceServerResetTestExecutionListener, org.springframework.boot.test.autoconfigure.web.servlet.MockMvcPrintOnlyOnFailureTestExecutionListener, org.springframework.boot.test.autoconfigure.web.servlet.WebDriverTestExecutionListener, org.springframework.boot.test.autoconfigure.webservices.client.MockWebServiceServerTestExecutionListener, org.springframework.boot.test.mock.mockito.MockitoTestExecutionListener, org.springframework.boot.test.mock.mockito.ResetMocksTestExecutionListener, org.springframework.test.context.web.ServletTestExecutionListener, org.springframework.test.context.support.DirtiesContextBeforeModesTestExecutionListener, org.springframework.test.context.event.ApplicationEventsTestExecutionListener, org.springframework.test.context.support.DependencyInjectionTestExecutionListener, org.springframework.test.context.support.DirtiesContextTestExecutionListener, org.springframework.test.context.transaction.TransactionalTestExecutionListener, org.springframework.test.context.jdbc.SqlScriptsTestExecutionListener, org.springframework.test.context.event.EventPublishingTestExecutionListener]
2022-10-26 16:12:54.304  INFO 56817 --- [    Test worker] .b.t.c.SpringBootTestContextBootstrapper : Using TestExecutionListeners: [org.springframework.test.context.web.ServletTestExecutionListener@513ddf5f, org.springframework.test.context.support.DirtiesContextBeforeModesTestExecutionListener@6109366a, org.springframework.test.context.event.ApplicationEventsTestExecutionListener@4ed492df, org.springframework.boot.test.mock.mockito.MockitoTestExecutionListener@1ae2028d, org.springframework.boot.test.autoconfigure.SpringBootDependencyInjectionTestExecutionListener@259ae1a9, org.springframework.test.context.support.DirtiesContextTestExecutionListener@d082916, org.springframework.test.context.transaction.TransactionalTestExecutionListener@67201002, org.springframework.test.context.jdbc.SqlScriptsTestExecutionListener@6ddc9001, org.springframework.test.context.event.EventPublishingTestExecutionListener@1f39b3ba, org.springframework.boot.test.autoconfigure.restdocs.RestDocsTestExecutionListener@53b579d2, org.springframework.boot.test.autoconfigure.web.client.MockRestServiceServerResetTestExecutionListener@34f2d3a6, org.springframework.boot.test.autoconfigure.web.servlet.MockMvcPrintOnlyOnFailureTestExecutionListener@3da701a1, org.springframework.boot.test.autoconfigure.web.servlet.WebDriverTestExecutionListener@6f51d1cc, org.springframework.boot.test.autoconfigure.webservices.client.MockWebServiceServerTestExecutionListener@17d25e1d, org.springframework.boot.test.mock.mockito.ResetMocksTestExecutionListener@359fd0a2]
]]></system-out>
  <system-err><![CDATA[]]></system-err>
</testsuite>
