<?xml version="1.0" encoding="UTF-8"?>
<testsuite name="ca.mcgill.ecse321.mms.repository.PassRepositoryTests" tests="1" skipped="0" failures="0" errors="0" timestamp="2022-10-27T13:23:05" hostname="MacBook-Pro.local" time="0.054">
  <properties/>
  <testcase name="testPersistandLoadPass()" classname="ca.mcgill.ecse321.mms.repository.PassRepositoryTests" time="0.054"/>
  <system-out><![CDATA[2022-10-27 09:23:05.382  INFO 73573 --- [    Test worker] .b.t.c.SpringBootTestContextBootstrapper : Neither @ContextConfiguration nor @ContextHierarchy found for test class [ca.mcgill.ecse321.mms.repository.PassRepositoryTests], using SpringBootContextLoader
2022-10-27 09:23:05.383  INFO 73573 --- [    Test worker] o.s.t.c.support.AbstractContextLoader    : Could not detect default resource locations for test class [ca.mcgill.ecse321.mms.repository.PassRepositoryTests]: no resource found for suffixes {-context.xml, Context.groovy}.
2022-10-27 09:23:05.383  INFO 73573 --- [    Test worker] t.c.s.AnnotationConfigContextLoaderUtils : Could not detect default configuration classes for test class [ca.mcgill.ecse321.mms.repository.PassRepositoryTests]: PassRepositoryTests does not declare any static, non-private, non-final, nested classes annotated with @Configuration.
2022-10-27 09:23:05.386  INFO 73573 --- [    Test worker] .b.t.c.SpringBootTestContextBootstrapper : Found @SpringBootConfiguration ca.mcgill.ecse321.mms.MmsApplication for test class ca.mcgill.ecse321.mms.repository.PassRepositoryTests
2022-10-27 09:23:05.387  INFO 73573 --- [    Test worker] .b.t.c.SpringBootTestContextBootstrapper : Loaded default TestExecutionListener class names from location [META-INF/spring.factories]: [org.springframework.boot.test.autoconfigure.restdocs.RestDocsTestExecutionListener, org.springframework.boot.test.autoconfigure.web.client.MockRestServiceServerResetTestExecutionListener, org.springframework.boot.test.autoconfigure.web.servlet.MockMvcPrintOnlyOnFailureTestExecutionListener, org.springframework.boot.test.autoconfigure.web.servlet.WebDriverTestExecutionListener, org.springframework.boot.test.autoconfigure.webservices.client.MockWebServiceServerTestExecutionListener, org.springframework.boot.test.mock.mockito.MockitoTestExecutionListener, org.springframework.boot.test.mock.mockito.ResetMocksTestExecutionListener, org.springframework.test.context.web.ServletTestExecutionListener, org.springframework.test.context.support.DirtiesContextBeforeModesTestExecutionListener, org.springframework.test.context.event.ApplicationEventsTestExecutionListener, org.springframework.test.context.support.DependencyInjectionTestExecutionListener, org.springframework.test.context.support.DirtiesContextTestExecutionListener, org.springframework.test.context.transaction.TransactionalTestExecutionListener, org.springframework.test.context.jdbc.SqlScriptsTestExecutionListener, org.springframework.test.context.event.EventPublishingTestExecutionListener]
2022-10-27 09:23:05.387  INFO 73573 --- [    Test worker] .b.t.c.SpringBootTestContextBootstrapper : Using TestExecutionListeners: [org.springframework.test.context.web.ServletTestExecutionListener@2226fd2b, org.springframework.test.context.support.DirtiesContextBeforeModesTestExecutionListener@1488d1c, org.springframework.test.context.event.ApplicationEventsTestExecutionListener@b21cbbf, org.springframework.boot.test.mock.mockito.MockitoTestExecutionListener@578ac0be, org.springframework.boot.test.autoconfigure.SpringBootDependencyInjectionTestExecutionListener@4250b0c1, org.springframework.test.context.support.DirtiesContextTestExecutionListener@7b5e5fa, org.springframework.test.context.transaction.TransactionalTestExecutionListener@24caa80, org.springframework.test.context.jdbc.SqlScriptsTestExecutionListener@3420547, org.springframework.test.context.event.EventPublishingTestExecutionListener@44d36b56, org.springframework.boot.test.autoconfigure.restdocs.RestDocsTestExecutionListener@6ce1cc03, org.springframework.boot.test.autoconfigure.web.client.MockRestServiceServerResetTestExecutionListener@b1e63b5, org.springframework.boot.test.autoconfigure.web.servlet.MockMvcPrintOnlyOnFailureTestExecutionListener@186537ac, org.springframework.boot.test.autoconfigure.web.servlet.WebDriverTestExecutionListener@4733662d, org.springframework.boot.test.autoconfigure.webservices.client.MockWebServiceServerTestExecutionListener@25502b1c, org.springframework.boot.test.mock.mockito.ResetMocksTestExecutionListener@5dabe7c8]
]]></system-out>
  <system-err><![CDATA[]]></system-err>
</testsuite>
