<?xml version="1.0" encoding="UTF-8"?>
<testsuite name="ca.mcgill.ecse321.mms.repository.ShiftRepositoryTests" tests="1" skipped="0" failures="0" errors="0" timestamp="2022-11-08T01:34:07" hostname="Valadis-MacBook-Pro-2.local" time="0.03">
  <properties/>
  <testcase name="testPersistAndLoadShift()" classname="ca.mcgill.ecse321.mms.repository.ShiftRepositoryTests" time="0.03"/>
  <system-out><![CDATA[2022-11-07 20:34:07.664  INFO 8484 --- [    Test worker] .b.t.c.SpringBootTestContextBootstrapper : Neither @ContextConfiguration nor @ContextHierarchy found for test class [ca.mcgill.ecse321.mms.repository.ShiftRepositoryTests], using SpringBootContextLoader
2022-11-07 20:34:07.665  INFO 8484 --- [    Test worker] o.s.t.c.support.AbstractContextLoader    : Could not detect default resource locations for test class [ca.mcgill.ecse321.mms.repository.ShiftRepositoryTests]: no resource found for suffixes {-context.xml, Context.groovy}.
2022-11-07 20:34:07.665  INFO 8484 --- [    Test worker] t.c.s.AnnotationConfigContextLoaderUtils : Could not detect default configuration classes for test class [ca.mcgill.ecse321.mms.repository.ShiftRepositoryTests]: ShiftRepositoryTests does not declare any static, non-private, non-final, nested classes annotated with @Configuration.
2022-11-07 20:34:07.666  INFO 8484 --- [    Test worker] .b.t.c.SpringBootTestContextBootstrapper : Found @SpringBootConfiguration ca.mcgill.ecse321.mms.MmsApplication for test class ca.mcgill.ecse321.mms.repository.ShiftRepositoryTests
2022-11-07 20:34:07.666  INFO 8484 --- [    Test worker] .b.t.c.SpringBootTestContextBootstrapper : Loaded default TestExecutionListener class names from location [META-INF/spring.factories]: [org.springframework.boot.test.autoconfigure.restdocs.RestDocsTestExecutionListener, org.springframework.boot.test.autoconfigure.web.client.MockRestServiceServerResetTestExecutionListener, org.springframework.boot.test.autoconfigure.web.servlet.MockMvcPrintOnlyOnFailureTestExecutionListener, org.springframework.boot.test.autoconfigure.web.servlet.WebDriverTestExecutionListener, org.springframework.boot.test.autoconfigure.webservices.client.MockWebServiceServerTestExecutionListener, org.springframework.boot.test.mock.mockito.MockitoTestExecutionListener, org.springframework.boot.test.mock.mockito.ResetMocksTestExecutionListener, org.springframework.test.context.web.ServletTestExecutionListener, org.springframework.test.context.support.DirtiesContextBeforeModesTestExecutionListener, org.springframework.test.context.event.ApplicationEventsTestExecutionListener, org.springframework.test.context.support.DependencyInjectionTestExecutionListener, org.springframework.test.context.support.DirtiesContextTestExecutionListener, org.springframework.test.context.transaction.TransactionalTestExecutionListener, org.springframework.test.context.jdbc.SqlScriptsTestExecutionListener, org.springframework.test.context.event.EventPublishingTestExecutionListener]
2022-11-07 20:34:07.667  INFO 8484 --- [    Test worker] .b.t.c.SpringBootTestContextBootstrapper : Using TestExecutionListeners: [org.springframework.test.context.web.ServletTestExecutionListener@45e49d3d, org.springframework.test.context.support.DirtiesContextBeforeModesTestExecutionListener@72e5206, org.springframework.test.context.event.ApplicationEventsTestExecutionListener@4615bc00, org.springframework.boot.test.mock.mockito.MockitoTestExecutionListener@37f75ebf, org.springframework.boot.test.autoconfigure.SpringBootDependencyInjectionTestExecutionListener@569b3009, org.springframework.test.context.support.DirtiesContextTestExecutionListener@23d0f6be, org.springframework.test.context.transaction.TransactionalTestExecutionListener@48cebb78, org.springframework.test.context.jdbc.SqlScriptsTestExecutionListener@45c10678, org.springframework.test.context.event.EventPublishingTestExecutionListener@4ad57db1, org.springframework.boot.test.autoconfigure.restdocs.RestDocsTestExecutionListener@6e140753, org.springframework.boot.test.autoconfigure.web.client.MockRestServiceServerResetTestExecutionListener@53bc6492, org.springframework.boot.test.autoconfigure.web.servlet.MockMvcPrintOnlyOnFailureTestExecutionListener@1e834a5b, org.springframework.boot.test.autoconfigure.web.servlet.WebDriverTestExecutionListener@7fda84cf, org.springframework.boot.test.autoconfigure.webservices.client.MockWebServiceServerTestExecutionListener@313a3af8, org.springframework.boot.test.mock.mockito.ResetMocksTestExecutionListener@19240b9]
Hibernate: insert into mms (museum_closing_time, museum_opening_time, pass_fee) values (?, ?, ?)
Hibernate: insert into staff_member (email, password, username, museum_management_system_museumid, employee_type) values (?, ?, ?, ?, 'Owner')
Hibernate: insert into staff_member (email, password, username, museum_management_system_museumid, employee_type) values (?, ?, ?, ?, 'Employee')
Hibernate: insert into shift (shift_date, shift_end_time, shift_assignee_staff_memberid, shift_assigner_staff_memberid, shift_start_time) values (?, ?, ?, ?, ?)
Hibernate: select shift0_.shiftid as shiftid1_5_, shift0_.shift_date as shift_da2_5_, shift0_.shift_end_time as shift_en3_5_, shift0_.shift_assignee_staff_memberid as shift_as5_5_, shift0_.shift_assigner_staff_memberid as shift_as6_5_, shift0_.shift_start_time as shift_st4_5_ from shift shift0_ where shift0_.shiftid=?
Hibernate: select employee0_.staff_memberid as staff_me2_6_0_, employee0_.email as email3_6_0_, employee0_.password as password4_6_0_, employee0_.username as username5_6_0_, employee0_.museum_management_system_museumid as museum_m6_6_0_, mms1_.museumid as museumid1_2_1_, mms1_.museum_closing_time as museum_c2_2_1_, mms1_.museum_opening_time as museum_o3_2_1_, mms1_.pass_fee as pass_fee4_2_1_ from staff_member employee0_ left outer join mms mms1_ on employee0_.museum_management_system_museumid=mms1_.museumid where employee0_.staff_memberid=? and employee0_.employee_type='Employee'
Hibernate: select owner0_.staff_memberid as staff_me2_6_0_, owner0_.email as email3_6_0_, owner0_.password as password4_6_0_, owner0_.username as username5_6_0_, owner0_.museum_management_system_museumid as museum_m6_6_0_, mms1_.museumid as museumid1_2_1_, mms1_.museum_closing_time as museum_c2_2_1_, mms1_.museum_opening_time as museum_o3_2_1_, mms1_.pass_fee as pass_fee4_2_1_ from staff_member owner0_ left outer join mms mms1_ on owner0_.museum_management_system_museumid=mms1_.museumid where owner0_.staff_memberid=? and owner0_.employee_type='Owner'
Hibernate: select shift0_.shiftid as shiftid1_5_, shift0_.shift_date as shift_da2_5_, shift0_.shift_end_time as shift_en3_5_, shift0_.shift_assignee_staff_memberid as shift_as5_5_, shift0_.shift_assigner_staff_memberid as shift_as6_5_, shift0_.shift_start_time as shift_st4_5_ from shift shift0_
Hibernate: select employee0_.staff_memberid as staff_me2_6_0_, employee0_.email as email3_6_0_, employee0_.password as password4_6_0_, employee0_.username as username5_6_0_, employee0_.museum_management_system_museumid as museum_m6_6_0_, mms1_.museumid as museumid1_2_1_, mms1_.museum_closing_time as museum_c2_2_1_, mms1_.museum_opening_time as museum_o3_2_1_, mms1_.pass_fee as pass_fee4_2_1_ from staff_member employee0_ left outer join mms mms1_ on employee0_.museum_management_system_museumid=mms1_.museumid where employee0_.staff_memberid=? and employee0_.employee_type='Employee'
Hibernate: select owner0_.staff_memberid as staff_me2_6_0_, owner0_.email as email3_6_0_, owner0_.password as password4_6_0_, owner0_.username as username5_6_0_, owner0_.museum_management_system_museumid as museum_m6_6_0_, mms1_.museumid as museumid1_2_1_, mms1_.museum_closing_time as museum_c2_2_1_, mms1_.museum_opening_time as museum_o3_2_1_, mms1_.pass_fee as pass_fee4_2_1_ from staff_member owner0_ left outer join mms mms1_ on owner0_.museum_management_system_museumid=mms1_.museumid where owner0_.staff_memberid=? and owner0_.employee_type='Owner'
Hibernate: delete from shift where shiftid=?
Hibernate: select staffmembe0_.staff_memberid as staff_me2_6_, staffmembe0_.email as email3_6_, staffmembe0_.password as password4_6_, staffmembe0_.username as username5_6_, staffmembe0_.museum_management_system_museumid as museum_m6_6_, staffmembe0_.employee_type as employee1_6_ from staff_member staffmembe0_
Hibernate: select mms0_.museumid as museumid1_2_0_, mms0_.museum_closing_time as museum_c2_2_0_, mms0_.museum_opening_time as museum_o3_2_0_, mms0_.pass_fee as pass_fee4_2_0_ from mms mms0_ where mms0_.museumid=?
Hibernate: delete from staff_member where staff_memberid=?
Hibernate: delete from staff_member where staff_memberid=?
Hibernate: select mms0_.museumid as museumid1_2_, mms0_.museum_closing_time as museum_c2_2_, mms0_.museum_opening_time as museum_o3_2_, mms0_.pass_fee as pass_fee4_2_ from mms mms0_
Hibernate: delete from mms where museumid=?
]]></system-out>
  <system-err><![CDATA[]]></system-err>
</testsuite>
