<?xml version="1.0" encoding="UTF-8"?>
<testsuite name="ca.mcgill.ecse321.mms.mms.MmsApplicationTests" tests="1" skipped="0" failures="0" errors="0" timestamp="2022-10-18T00:34:12" hostname="Valadis-MacBook-Pro-2.local" time="0.318">
  <properties/>
  <testcase name="contextLoads()" classname="ca.mcgill.ecse321.mms.mms.MmsApplicationTests" time="0.318"/>
  <system-out><![CDATA[20:34:11.513 [Test worker] DEBUG org.springframework.test.context.BootstrapUtils - Instantiating CacheAwareContextLoaderDelegate from class [org.springframework.test.context.cache.DefaultCacheAwareContextLoaderDelegate]
20:34:11.520 [Test worker] DEBUG org.springframework.test.context.BootstrapUtils - Instantiating BootstrapContext using constructor [public org.springframework.test.context.support.DefaultBootstrapContext(java.lang.Class,org.springframework.test.context.CacheAwareContextLoaderDelegate)]
20:34:11.547 [Test worker] DEBUG org.springframework.test.context.BootstrapUtils - Instantiating TestContextBootstrapper for test class [ca.mcgill.ecse321.mms.mms.MmsApplicationTests] from class [org.springframework.boot.test.context.SpringBootTestContextBootstrapper]
20:34:11.556 [Test worker] INFO org.springframework.boot.test.context.SpringBootTestContextBootstrapper - Neither @ContextConfiguration nor @ContextHierarchy found for test class [ca.mcgill.ecse321.mms.mms.MmsApplicationTests], using SpringBootContextLoader
20:34:11.559 [Test worker] DEBUG org.springframework.test.context.support.AbstractContextLoader - Did not detect default resource location for test class [ca.mcgill.ecse321.mms.mms.MmsApplicationTests]: class path resource [ca/mcgill/ecse321/mms/mms/MmsApplicationTests-context.xml] does not exist
20:34:11.559 [Test worker] DEBUG org.springframework.test.context.support.AbstractContextLoader - Did not detect default resource location for test class [ca.mcgill.ecse321.mms.mms.MmsApplicationTests]: class path resource [ca/mcgill/ecse321/mms/mms/MmsApplicationTestsContext.groovy] does not exist
20:34:11.559 [Test worker] INFO org.springframework.test.context.support.AbstractContextLoader - Could not detect default resource locations for test class [ca.mcgill.ecse321.mms.mms.MmsApplicationTests]: no resource found for suffixes {-context.xml, Context.groovy}.
20:34:11.560 [Test worker] INFO org.springframework.test.context.support.AnnotationConfigContextLoaderUtils - Could not detect default configuration classes for test class [ca.mcgill.ecse321.mms.mms.MmsApplicationTests]: MmsApplicationTests does not declare any static, non-private, non-final, nested classes annotated with @Configuration.
20:34:11.588 [Test worker] DEBUG org.springframework.test.context.support.ActiveProfilesUtils - Could not find an 'annotation declaring class' for annotation type [org.springframework.test.context.ActiveProfiles] and class [ca.mcgill.ecse321.mms.mms.MmsApplicationTests]
20:34:11.632 [Test worker] DEBUG org.springframework.context.annotation.ClassPathScanningCandidateComponentProvider - Identified candidate component class: file [/Users/valadivatos/Documents/Coding Projects/project-group-07/mms-backend/build/classes/java/main/ca/mcgill/ecse321/mms/mms/MmsApplication.class]
20:34:11.633 [Test worker] INFO org.springframework.boot.test.context.SpringBootTestContextBootstrapper - Found @SpringBootConfiguration ca.mcgill.ecse321.mms.mms.MmsApplication for test class ca.mcgill.ecse321.mms.mms.MmsApplicationTests
20:34:11.708 [Test worker] DEBUG org.springframework.boot.test.context.SpringBootTestContextBootstrapper - @TestExecutionListeners is not present for class [ca.mcgill.ecse321.mms.mms.MmsApplicationTests]: using defaults.
20:34:11.708 [Test worker] INFO org.springframework.boot.test.context.SpringBootTestContextBootstrapper - Loaded default TestExecutionListener class names from location [META-INF/spring.factories]: [org.springframework.boot.test.autoconfigure.restdocs.RestDocsTestExecutionListener, org.springframework.boot.test.autoconfigure.web.client.MockRestServiceServerResetTestExecutionListener, org.springframework.boot.test.autoconfigure.web.servlet.MockMvcPrintOnlyOnFailureTestExecutionListener, org.springframework.boot.test.autoconfigure.web.servlet.WebDriverTestExecutionListener, org.springframework.boot.test.autoconfigure.webservices.client.MockWebServiceServerTestExecutionListener, org.springframework.boot.test.mock.mockito.MockitoTestExecutionListener, org.springframework.boot.test.mock.mockito.ResetMocksTestExecutionListener, org.springframework.test.context.web.ServletTestExecutionListener, org.springframework.test.context.support.DirtiesContextBeforeModesTestExecutionListener, org.springframework.test.context.event.ApplicationEventsTestExecutionListener, org.springframework.test.context.support.DependencyInjectionTestExecutionListener, org.springframework.test.context.support.DirtiesContextTestExecutionListener, org.springframework.test.context.transaction.TransactionalTestExecutionListener, org.springframework.test.context.jdbc.SqlScriptsTestExecutionListener, org.springframework.test.context.event.EventPublishingTestExecutionListener]
20:34:11.715 [Test worker] DEBUG org.springframework.boot.test.context.SpringBootTestContextBootstrapper - Skipping candidate TestExecutionListener [org.springframework.test.context.web.ServletTestExecutionListener] due to a missing dependency. Specify custom listener classes or make the default listener classes and their required dependencies available. Offending class: [javax/servlet/ServletContext]
20:34:11.716 [Test worker] DEBUG org.springframework.boot.test.context.SpringBootTestContextBootstrapper - Skipping candidate TestExecutionListener [org.springframework.test.context.transaction.TransactionalTestExecutionListener] due to a missing dependency. Specify custom listener classes or make the default listener classes and their required dependencies available. Offending class: [org/springframework/transaction/interceptor/TransactionAttributeSource]
20:34:11.717 [Test worker] DEBUG org.springframework.boot.test.context.SpringBootTestContextBootstrapper - Skipping candidate TestExecutionListener [org.springframework.test.context.jdbc.SqlScriptsTestExecutionListener] due to a missing dependency. Specify custom listener classes or make the default listener classes and their required dependencies available. Offending class: [org/springframework/transaction/interceptor/TransactionAttribute]
20:34:11.717 [Test worker] INFO org.springframework.boot.test.context.SpringBootTestContextBootstrapper - Using TestExecutionListeners: [org.springframework.test.context.support.DirtiesContextBeforeModesTestExecutionListener@3e7634b9, org.springframework.test.context.event.ApplicationEventsTestExecutionListener@6f0b0a5e, org.springframework.boot.test.mock.mockito.MockitoTestExecutionListener@6035b93b, org.springframework.boot.test.autoconfigure.SpringBootDependencyInjectionTestExecutionListener@320de594, org.springframework.test.context.support.DirtiesContextTestExecutionListener@3dd1dc90, org.springframework.test.context.event.EventPublishingTestExecutionListener@abf688e, org.springframework.boot.test.autoconfigure.restdocs.RestDocsTestExecutionListener@478ee483, org.springframework.boot.test.autoconfigure.web.client.MockRestServiceServerResetTestExecutionListener@1a7288a3, org.springframework.boot.test.autoconfigure.web.servlet.MockMvcPrintOnlyOnFailureTestExecutionListener@2974f221, org.springframework.boot.test.autoconfigure.web.servlet.WebDriverTestExecutionListener@58fe0499, org.springframework.boot.test.autoconfigure.webservices.client.MockWebServiceServerTestExecutionListener@686449f9, org.springframework.boot.test.mock.mockito.ResetMocksTestExecutionListener@665df3c6]
20:34:11.719 [Test worker] DEBUG org.springframework.test.context.support.AbstractDirtiesContextTestExecutionListener - Before test class: context [DefaultTestContext@5dd91bca testClass = MmsApplicationTests, testInstance = [null], testMethod = [null], testException = [null], mergedContextConfiguration = [MergedContextConfiguration@40cb698e testClass = MmsApplicationTests, locations = '{}', classes = '{class ca.mcgill.ecse321.mms.mms.MmsApplication}', contextInitializerClasses = '[]', activeProfiles = '{}', propertySourceLocations = '{}', propertySourceProperties = '{org.springframework.boot.test.context.SpringBootTestContextBootstrapper=true}', contextCustomizers = set[org.springframework.boot.test.autoconfigure.actuate.metrics.MetricsExportContextCustomizerFactory$DisableMetricExportContextCustomizer@4278284b, org.springframework.boot.test.autoconfigure.properties.PropertyMappingContextCustomizer@0, org.springframework.boot.test.autoconfigure.web.servlet.WebDriverContextCustomizerFactory$Customizer@20435c40, org.springframework.boot.test.context.filter.ExcludeFilterContextCustomizer@488d1cd7, org.springframework.boot.test.json.DuplicateJsonObjectContextCustomizerFactory$DuplicateJsonObjectContextCustomizer@25f4878b, org.springframework.boot.test.mock.mockito.MockitoContextCustomizer@0, org.springframework.boot.test.web.client.TestRestTemplateContextCustomizer@3f67593e, org.springframework.boot.test.context.SpringBootTestArgs@1, org.springframework.boot.test.context.SpringBootTestWebEnvironment@7a8c8dcf], contextLoader = 'org.springframework.boot.test.context.SpringBootContextLoader', parent = [null]], attributes = map[[empty]]], class annotated with @DirtiesContext [false] with mode [null].
20:34:11.728 [Test worker] DEBUG org.springframework.test.context.support.DependencyInjectionTestExecutionListener - Performing dependency injection for test context [[DefaultTestContext@5dd91bca testClass = MmsApplicationTests, testInstance = ca.mcgill.ecse321.mms.mms.MmsApplicationTests@129b4fe2, testMethod = [null], testException = [null], mergedContextConfiguration = [MergedContextConfiguration@40cb698e testClass = MmsApplicationTests, locations = '{}', classes = '{class ca.mcgill.ecse321.mms.mms.MmsApplication}', contextInitializerClasses = '[]', activeProfiles = '{}', propertySourceLocations = '{}', propertySourceProperties = '{org.springframework.boot.test.context.SpringBootTestContextBootstrapper=true}', contextCustomizers = set[org.springframework.boot.test.autoconfigure.actuate.metrics.MetricsExportContextCustomizerFactory$DisableMetricExportContextCustomizer@4278284b, org.springframework.boot.test.autoconfigure.properties.PropertyMappingContextCustomizer@0, org.springframework.boot.test.autoconfigure.web.servlet.WebDriverContextCustomizerFactory$Customizer@20435c40, org.springframework.boot.test.context.filter.ExcludeFilterContextCustomizer@488d1cd7, org.springframework.boot.test.json.DuplicateJsonObjectContextCustomizerFactory$DuplicateJsonObjectContextCustomizer@25f4878b, org.springframework.boot.test.mock.mockito.MockitoContextCustomizer@0, org.springframework.boot.test.web.client.TestRestTemplateContextCustomizer@3f67593e, org.springframework.boot.test.context.SpringBootTestArgs@1, org.springframework.boot.test.context.SpringBootTestWebEnvironment@7a8c8dcf], contextLoader = 'org.springframework.boot.test.context.SpringBootContextLoader', parent = [null]], attributes = map['org.springframework.test.context.event.ApplicationEventsTestExecutionListener.recordApplicationEvents' -> false]]].

  .   ____          _            __ _ _
 /\\ / ___'_ __ _ _(_)_ __  __ _ \ \ \ \
( ( )\___ | '_ | '_| | '_ \/ _` | \ \ \ \
 \\/  ___)| |_)| | | | | || (_| |  ) ) ) )
  '  |____| .__|_| |_|_| |_\__, | / / / /
 =========|_|==============|___/=/_/_/_/
 :: Spring Boot ::                (v2.7.4)

2022-10-17 20:34:12.113  INFO 39745 --- [    Test worker] c.m.ecse321.mms.mms.MmsApplicationTests  : Starting MmsApplicationTests using Java 17.0.1 on Valadis-MacBook-Pro-2.local with PID 39745 (started by valadivatos in /Users/valadivatos/Documents/Coding Projects/project-group-07/mms-backend)
2022-10-17 20:34:12.114  INFO 39745 --- [    Test worker] c.m.ecse321.mms.mms.MmsApplicationTests  : No active profile set, falling back to 1 default profile: "default"
2022-10-17 20:34:12.465  INFO 39745 --- [    Test worker] c.m.ecse321.mms.mms.MmsApplicationTests  : Started MmsApplicationTests in 0.718 seconds (JVM running for 1.606)
]]></system-out>
  <system-err><![CDATA[]]></system-err>
</testsuite>
