<?xml version="1.0" encoding="UTF-8"?>
<testsuite name="ca.mcgill.ecse321.mms.repository.ArtworkRepositoryTests" tests="1" skipped="0" failures="0" errors="0" timestamp="2022-10-26T03:32:33" hostname="DESKTOP-OSHRBDR" time="0.311">
  <properties/>
  <testcase name="testPersistAndLoadArtwork()" classname="ca.mcgill.ecse321.mms.repository.ArtworkRepositoryTests" time="0.311"/>
  <system-out><![CDATA[2022-10-25 23:32:33.387  INFO 21844 --- [    Test worker] .b.t.c.SpringBootTestContextBootstrapper : Neither @ContextConfiguration nor @ContextHierarchy found for test class [ca.mcgill.ecse321.mms.repository.ArtworkRepositoryTests], using SpringBootContextLoader
2022-10-25 23:32:33.387  INFO 21844 --- [    Test worker] o.s.t.c.support.AbstractContextLoader    : Could not detect default resource locations for test class [ca.mcgill.ecse321.mms.repository.ArtworkRepositoryTests]: no resource found for suffixes {-context.xml, Context.groovy}.
2022-10-25 23:32:33.387  INFO 21844 --- [    Test worker] t.c.s.AnnotationConfigContextLoaderUtils : Could not detect default configuration classes for test class [ca.mcgill.ecse321.mms.repository.ArtworkRepositoryTests]: ArtworkRepositoryTests does not declare any static, non-private, non-final, nested classes annotated with @Configuration.
2022-10-25 23:32:33.399  INFO 21844 --- [    Test worker] .b.t.c.SpringBootTestContextBootstrapper : Found @SpringBootConfiguration ca.mcgill.ecse321.mms.MmsApplication for test class ca.mcgill.ecse321.mms.repository.ArtworkRepositoryTests
2022-10-25 23:32:33.404  INFO 21844 --- [    Test worker] .b.t.c.SpringBootTestContextBootstrapper : Loaded default TestExecutionListener class names from location [META-INF/spring.factories]: [org.springframework.boot.test.autoconfigure.restdocs.RestDocsTestExecutionListener, org.springframework.boot.test.autoconfigure.web.client.MockRestServiceServerResetTestExecutionListener, org.springframework.boot.test.autoconfigure.web.servlet.MockMvcPrintOnlyOnFailureTestExecutionListener, org.springframework.boot.test.autoconfigure.web.servlet.WebDriverTestExecutionListener, org.springframework.boot.test.autoconfigure.webservices.client.MockWebServiceServerTestExecutionListener, org.springframework.boot.test.mock.mockito.MockitoTestExecutionListener, org.springframework.boot.test.mock.mockito.ResetMocksTestExecutionListener, org.springframework.test.context.web.ServletTestExecutionListener, org.springframework.test.context.support.DirtiesContextBeforeModesTestExecutionListener, org.springframework.test.context.event.ApplicationEventsTestExecutionListener, org.springframework.test.context.support.DependencyInjectionTestExecutionListener, org.springframework.test.context.support.DirtiesContextTestExecutionListener, org.springframework.test.context.transaction.TransactionalTestExecutionListener, org.springframework.test.context.jdbc.SqlScriptsTestExecutionListener, org.springframework.test.context.event.EventPublishingTestExecutionListener]
2022-10-25 23:32:33.404  INFO 21844 --- [    Test worker] .b.t.c.SpringBootTestContextBootstrapper : Using TestExecutionListeners: [org.springframework.test.context.web.ServletTestExecutionListener@43e9a8a2, org.springframework.test.context.support.DirtiesContextBeforeModesTestExecutionListener@178617da, org.springframework.test.context.event.ApplicationEventsTestExecutionListener@d408c5d, org.springframework.boot.test.mock.mockito.MockitoTestExecutionListener@74ed1d35, org.springframework.boot.test.autoconfigure.SpringBootDependencyInjectionTestExecutionListener@7acf07b2, org.springframework.test.context.support.DirtiesContextTestExecutionListener@5d50e7f6, org.springframework.test.context.transaction.TransactionalTestExecutionListener@54fbaa65, org.springframework.test.context.jdbc.SqlScriptsTestExecutionListener@48e3017a, org.springframework.test.context.event.EventPublishingTestExecutionListener@4a937d43, org.springframework.boot.test.autoconfigure.restdocs.RestDocsTestExecutionListener@10264cb0, org.springframework.boot.test.autoconfigure.web.client.MockRestServiceServerResetTestExecutionListener@19877453, org.springframework.boot.test.autoconfigure.web.servlet.MockMvcPrintOnlyOnFailureTestExecutionListener@49bf5ec8, org.springframework.boot.test.autoconfigure.web.servlet.WebDriverTestExecutionListener@18174bd9, org.springframework.boot.test.autoconfigure.webservices.client.MockWebServiceServerTestExecutionListener@3af6d7a7, org.springframework.boot.test.mock.mockito.ResetMocksTestExecutionListener@18711946]
]]></system-out>
  <system-err><![CDATA[]]></system-err>
</testsuite>
