<?xml version="1.0" encoding="UTF-8"?>
<testsuite name="ca.mcgill.ecse321.mms.repository.RoomRepositoryTests" tests="1" skipped="0" failures="0" errors="0" timestamp="2022-10-25T17:00:48" hostname="Valadis-MacBook-Pro-2.local" time="0.042">
  <properties/>
  <testcase name="testPersistAndLoadRoom()" classname="ca.mcgill.ecse321.mms.repository.RoomRepositoryTests" time="0.042"/>
  <system-out><![CDATA[2022-10-25 13:00:48.209  INFO 65349 --- [    Test worker] .b.t.c.SpringBootTestContextBootstrapper : Neither @ContextConfiguration nor @ContextHierarchy found for test class [ca.mcgill.ecse321.mms.repository.RoomRepositoryTests], using SpringBootContextLoader
2022-10-25 13:00:48.210  INFO 65349 --- [    Test worker] o.s.t.c.support.AbstractContextLoader    : Could not detect default resource locations for test class [ca.mcgill.ecse321.mms.repository.RoomRepositoryTests]: no resource found for suffixes {-context.xml, Context.groovy}.
2022-10-25 13:00:48.210  INFO 65349 --- [    Test worker] t.c.s.AnnotationConfigContextLoaderUtils : Could not detect default configuration classes for test class [ca.mcgill.ecse321.mms.repository.RoomRepositoryTests]: RoomRepositoryTests does not declare any static, non-private, non-final, nested classes annotated with @Configuration.
2022-10-25 13:00:48.211  INFO 65349 --- [    Test worker] .b.t.c.SpringBootTestContextBootstrapper : Found @SpringBootConfiguration ca.mcgill.ecse321.mms.MmsApplication for test class ca.mcgill.ecse321.mms.repository.RoomRepositoryTests
2022-10-25 13:00:48.212  INFO 65349 --- [    Test worker] .b.t.c.SpringBootTestContextBootstrapper : Loaded default TestExecutionListener class names from location [META-INF/spring.factories]: [org.springframework.boot.test.autoconfigure.restdocs.RestDocsTestExecutionListener, org.springframework.boot.test.autoconfigure.web.client.MockRestServiceServerResetTestExecutionListener, org.springframework.boot.test.autoconfigure.web.servlet.MockMvcPrintOnlyOnFailureTestExecutionListener, org.springframework.boot.test.autoconfigure.web.servlet.WebDriverTestExecutionListener, org.springframework.boot.test.autoconfigure.webservices.client.MockWebServiceServerTestExecutionListener, org.springframework.boot.test.mock.mockito.MockitoTestExecutionListener, org.springframework.boot.test.mock.mockito.ResetMocksTestExecutionListener, org.springframework.test.context.web.ServletTestExecutionListener, org.springframework.test.context.support.DirtiesContextBeforeModesTestExecutionListener, org.springframework.test.context.event.ApplicationEventsTestExecutionListener, org.springframework.test.context.support.DependencyInjectionTestExecutionListener, org.springframework.test.context.support.DirtiesContextTestExecutionListener, org.springframework.test.context.transaction.TransactionalTestExecutionListener, org.springframework.test.context.jdbc.SqlScriptsTestExecutionListener, org.springframework.test.context.event.EventPublishingTestExecutionListener]
2022-10-25 13:00:48.212  INFO 65349 --- [    Test worker] .b.t.c.SpringBootTestContextBootstrapper : Using TestExecutionListeners: [org.springframework.test.context.web.ServletTestExecutionListener@7c55e559, org.springframework.test.context.support.DirtiesContextBeforeModesTestExecutionListener@420068a, org.springframework.test.context.event.ApplicationEventsTestExecutionListener@79d8075c, org.springframework.boot.test.mock.mockito.MockitoTestExecutionListener@4d4337f9, org.springframework.boot.test.autoconfigure.SpringBootDependencyInjectionTestExecutionListener@1e6f7c25, org.springframework.test.context.support.DirtiesContextTestExecutionListener@1a7f2d34, org.springframework.test.context.transaction.TransactionalTestExecutionListener@23243bc0, org.springframework.test.context.jdbc.SqlScriptsTestExecutionListener@770c3ca2, org.springframework.test.context.event.EventPublishingTestExecutionListener@1267f832, org.springframework.boot.test.autoconfigure.restdocs.RestDocsTestExecutionListener@711261c7, org.springframework.boot.test.autoconfigure.web.client.MockRestServiceServerResetTestExecutionListener@73eaae1e, org.springframework.boot.test.autoconfigure.web.servlet.MockMvcPrintOnlyOnFailureTestExecutionListener@659565ed, org.springframework.boot.test.autoconfigure.web.servlet.WebDriverTestExecutionListener@481eb705, org.springframework.boot.test.autoconfigure.webservices.client.MockWebServiceServerTestExecutionListener@2ae0eb98, org.springframework.boot.test.mock.mockito.ResetMocksTestExecutionListener@c5c2a84]
]]></system-out>
  <system-err><![CDATA[]]></system-err>
</testsuite>
