<?xml version="1.0" encoding="UTF-8"?>
<testsuite name="ca.mcgill.ecse321.mms.repository.ArtworkRepositoryTests" tests="1" skipped="0" failures="0" errors="0" timestamp="2022-10-26T04:43:34" hostname="DESKTOP-OSHRBDR" time="0.06">
  <properties/>
  <testcase name="testPersistAndLoadArtwork()" classname="ca.mcgill.ecse321.mms.repository.ArtworkRepositoryTests" time="0.06"/>
  <system-out><![CDATA[2022-10-26 00:43:34.436  INFO 16600 --- [    Test worker] .b.t.c.SpringBootTestContextBootstrapper : Neither @ContextConfiguration nor @ContextHierarchy found for test class [ca.mcgill.ecse321.mms.repository.ArtworkRepositoryTests], using SpringBootContextLoader
2022-10-26 00:43:34.440  INFO 16600 --- [    Test worker] o.s.t.c.support.AbstractContextLoader    : Could not detect default resource locations for test class [ca.mcgill.ecse321.mms.repository.ArtworkRepositoryTests]: no resource found for suffixes {-context.xml, Context.groovy}.
2022-10-26 00:43:34.440  INFO 16600 --- [    Test worker] t.c.s.AnnotationConfigContextLoaderUtils : Could not detect default configuration classes for test class [ca.mcgill.ecse321.mms.repository.ArtworkRepositoryTests]: ArtworkRepositoryTests does not declare any static, non-private, non-final, nested classes annotated with @Configuration.
2022-10-26 00:43:34.440  INFO 16600 --- [    Test worker] .b.t.c.SpringBootTestContextBootstrapper : Found @SpringBootConfiguration ca.mcgill.ecse321.mms.MmsApplication for test class ca.mcgill.ecse321.mms.repository.ArtworkRepositoryTests
2022-10-26 00:43:34.444  INFO 16600 --- [    Test worker] .b.t.c.SpringBootTestContextBootstrapper : Loaded default TestExecutionListener class names from location [META-INF/spring.factories]: [org.springframework.boot.test.autoconfigure.restdocs.RestDocsTestExecutionListener, org.springframework.boot.test.autoconfigure.web.client.MockRestServiceServerResetTestExecutionListener, org.springframework.boot.test.autoconfigure.web.servlet.MockMvcPrintOnlyOnFailureTestExecutionListener, org.springframework.boot.test.autoconfigure.web.servlet.WebDriverTestExecutionListener, org.springframework.boot.test.autoconfigure.webservices.client.MockWebServiceServerTestExecutionListener, org.springframework.boot.test.mock.mockito.MockitoTestExecutionListener, org.springframework.boot.test.mock.mockito.ResetMocksTestExecutionListener, org.springframework.test.context.web.ServletTestExecutionListener, org.springframework.test.context.support.DirtiesContextBeforeModesTestExecutionListener, org.springframework.test.context.event.ApplicationEventsTestExecutionListener, org.springframework.test.context.support.DependencyInjectionTestExecutionListener, org.springframework.test.context.support.DirtiesContextTestExecutionListener, org.springframework.test.context.transaction.TransactionalTestExecutionListener, org.springframework.test.context.jdbc.SqlScriptsTestExecutionListener, org.springframework.test.context.event.EventPublishingTestExecutionListener]
2022-10-26 00:43:34.445  INFO 16600 --- [    Test worker] .b.t.c.SpringBootTestContextBootstrapper : Using TestExecutionListeners: [org.springframework.test.context.web.ServletTestExecutionListener@28be7db5, org.springframework.test.context.support.DirtiesContextBeforeModesTestExecutionListener@700596f9, org.springframework.test.context.event.ApplicationEventsTestExecutionListener@2ac00dc9, org.springframework.boot.test.mock.mockito.MockitoTestExecutionListener@33293b34, org.springframework.boot.test.autoconfigure.SpringBootDependencyInjectionTestExecutionListener@68a1bb31, org.springframework.test.context.support.DirtiesContextTestExecutionListener@344f4a82, org.springframework.test.context.transaction.TransactionalTestExecutionListener@1ecbb787, org.springframework.test.context.jdbc.SqlScriptsTestExecutionListener@6441cff1, org.springframework.test.context.event.EventPublishingTestExecutionListener@1dc987b, org.springframework.boot.test.autoconfigure.restdocs.RestDocsTestExecutionListener@4f09d998, org.springframework.boot.test.autoconfigure.web.client.MockRestServiceServerResetTestExecutionListener@cbd3871, org.springframework.boot.test.autoconfigure.web.servlet.MockMvcPrintOnlyOnFailureTestExecutionListener@66694050, org.springframework.boot.test.autoconfigure.web.servlet.WebDriverTestExecutionListener@39303a6, org.springframework.boot.test.autoconfigure.webservices.client.MockWebServiceServerTestExecutionListener@2d7df55, org.springframework.boot.test.mock.mockito.ResetMocksTestExecutionListener@674c01ce]
]]></system-out>
  <system-err><![CDATA[]]></system-err>
</testsuite>
