<?xml version="1.0" encoding="UTF-8"?>
<testsuite name="ca.mcgill.ecse321.mms.repository.ArtworkRepositoryTests" tests="1" skipped="0" failures="0" errors="0" timestamp="2022-10-26T04:28:58" hostname="DESKTOP-OSHRBDR" time="0.316">
  <properties/>
  <testcase name="testPersistAndLoadArtwork()" classname="ca.mcgill.ecse321.mms.repository.ArtworkRepositoryTests" time="0.316"/>
  <system-out><![CDATA[2022-10-26 00:28:58.891  INFO 25804 --- [    Test worker] .b.t.c.SpringBootTestContextBootstrapper : Neither @ContextConfiguration nor @ContextHierarchy found for test class [ca.mcgill.ecse321.mms.repository.ArtworkRepositoryTests], using SpringBootContextLoader
2022-10-26 00:28:58.891  INFO 25804 --- [    Test worker] o.s.t.c.support.AbstractContextLoader    : Could not detect default resource locations for test class [ca.mcgill.ecse321.mms.repository.ArtworkRepositoryTests]: no resource found for suffixes {-context.xml, Context.groovy}.
2022-10-26 00:28:58.891  INFO 25804 --- [    Test worker] t.c.s.AnnotationConfigContextLoaderUtils : Could not detect default configuration classes for test class [ca.mcgill.ecse321.mms.repository.ArtworkRepositoryTests]: ArtworkRepositoryTests does not declare any static, non-private, non-final, nested classes annotated with @Configuration.
2022-10-26 00:28:58.903  INFO 25804 --- [    Test worker] .b.t.c.SpringBootTestContextBootstrapper : Found @SpringBootConfiguration ca.mcgill.ecse321.mms.MmsApplication for test class ca.mcgill.ecse321.mms.repository.ArtworkRepositoryTests
2022-10-26 00:28:58.908  INFO 25804 --- [    Test worker] .b.t.c.SpringBootTestContextBootstrapper : Loaded default TestExecutionListener class names from location [META-INF/spring.factories]: [org.springframework.boot.test.autoconfigure.restdocs.RestDocsTestExecutionListener, org.springframework.boot.test.autoconfigure.web.client.MockRestServiceServerResetTestExecutionListener, org.springframework.boot.test.autoconfigure.web.servlet.MockMvcPrintOnlyOnFailureTestExecutionListener, org.springframework.boot.test.autoconfigure.web.servlet.WebDriverTestExecutionListener, org.springframework.boot.test.autoconfigure.webservices.client.MockWebServiceServerTestExecutionListener, org.springframework.boot.test.mock.mockito.MockitoTestExecutionListener, org.springframework.boot.test.mock.mockito.ResetMocksTestExecutionListener, org.springframework.test.context.web.ServletTestExecutionListener, org.springframework.test.context.support.DirtiesContextBeforeModesTestExecutionListener, org.springframework.test.context.event.ApplicationEventsTestExecutionListener, org.springframework.test.context.support.DependencyInjectionTestExecutionListener, org.springframework.test.context.support.DirtiesContextTestExecutionListener, org.springframework.test.context.transaction.TransactionalTestExecutionListener, org.springframework.test.context.jdbc.SqlScriptsTestExecutionListener, org.springframework.test.context.event.EventPublishingTestExecutionListener]
2022-10-26 00:28:58.908  INFO 25804 --- [    Test worker] .b.t.c.SpringBootTestContextBootstrapper : Using TestExecutionListeners: [org.springframework.test.context.web.ServletTestExecutionListener@37e28b20, org.springframework.test.context.support.DirtiesContextBeforeModesTestExecutionListener@31428f76, org.springframework.test.context.event.ApplicationEventsTestExecutionListener@4257163f, org.springframework.boot.test.mock.mockito.MockitoTestExecutionListener@40e7aea9, org.springframework.boot.test.autoconfigure.SpringBootDependencyInjectionTestExecutionListener@63ff861e, org.springframework.test.context.support.DirtiesContextTestExecutionListener@46e38c28, org.springframework.test.context.transaction.TransactionalTestExecutionListener@3c7f8c25, org.springframework.test.context.jdbc.SqlScriptsTestExecutionListener@4110ffe5, org.springframework.test.context.event.EventPublishingTestExecutionListener@5e405eaf, org.springframework.boot.test.autoconfigure.restdocs.RestDocsTestExecutionListener@4981b83, org.springframework.boot.test.autoconfigure.web.client.MockRestServiceServerResetTestExecutionListener@4446a191, org.springframework.boot.test.autoconfigure.web.servlet.MockMvcPrintOnlyOnFailureTestExecutionListener@2ef812b, org.springframework.boot.test.autoconfigure.web.servlet.WebDriverTestExecutionListener@5e0602ff, org.springframework.boot.test.autoconfigure.webservices.client.MockWebServiceServerTestExecutionListener@1a865ebf, org.springframework.boot.test.mock.mockito.ResetMocksTestExecutionListener@6b3d3e57]
]]></system-out>
  <system-err><![CDATA[]]></system-err>
</testsuite>
