<?xml version="1.0" encoding="UTF-8"?>
<testsuite name="ca.mcgill.ecse321.mms.repository.ShiftRepositoryTests" tests="1" skipped="0" failures="0" errors="0" timestamp="2022-10-27T13:23:05" hostname="MacBook-Pro.local" time="0.042">
  <properties/>
  <testcase name="testPersistAndLoadShift()" classname="ca.mcgill.ecse321.mms.repository.ShiftRepositoryTests" time="0.042"/>
  <system-out><![CDATA[2022-10-27 09:23:05.519  INFO 73573 --- [    Test worker] .b.t.c.SpringBootTestContextBootstrapper : Neither @ContextConfiguration nor @ContextHierarchy found for test class [ca.mcgill.ecse321.mms.repository.ShiftRepositoryTests], using SpringBootContextLoader
2022-10-27 09:23:05.521  INFO 73573 --- [    Test worker] o.s.t.c.support.AbstractContextLoader    : Could not detect default resource locations for test class [ca.mcgill.ecse321.mms.repository.ShiftRepositoryTests]: no resource found for suffixes {-context.xml, Context.groovy}.
2022-10-27 09:23:05.521  INFO 73573 --- [    Test worker] t.c.s.AnnotationConfigContextLoaderUtils : Could not detect default configuration classes for test class [ca.mcgill.ecse321.mms.repository.ShiftRepositoryTests]: ShiftRepositoryTests does not declare any static, non-private, non-final, nested classes annotated with @Configuration.
2022-10-27 09:23:05.525  INFO 73573 --- [    Test worker] .b.t.c.SpringBootTestContextBootstrapper : Found @SpringBootConfiguration ca.mcgill.ecse321.mms.MmsApplication for test class ca.mcgill.ecse321.mms.repository.ShiftRepositoryTests
2022-10-27 09:23:05.526  INFO 73573 --- [    Test worker] .b.t.c.SpringBootTestContextBootstrapper : Loaded default TestExecutionListener class names from location [META-INF/spring.factories]: [org.springframework.boot.test.autoconfigure.restdocs.RestDocsTestExecutionListener, org.springframework.boot.test.autoconfigure.web.client.MockRestServiceServerResetTestExecutionListener, org.springframework.boot.test.autoconfigure.web.servlet.MockMvcPrintOnlyOnFailureTestExecutionListener, org.springframework.boot.test.autoconfigure.web.servlet.WebDriverTestExecutionListener, org.springframework.boot.test.autoconfigure.webservices.client.MockWebServiceServerTestExecutionListener, org.springframework.boot.test.mock.mockito.MockitoTestExecutionListener, org.springframework.boot.test.mock.mockito.ResetMocksTestExecutionListener, org.springframework.test.context.web.ServletTestExecutionListener, org.springframework.test.context.support.DirtiesContextBeforeModesTestExecutionListener, org.springframework.test.context.event.ApplicationEventsTestExecutionListener, org.springframework.test.context.support.DependencyInjectionTestExecutionListener, org.springframework.test.context.support.DirtiesContextTestExecutionListener, org.springframework.test.context.transaction.TransactionalTestExecutionListener, org.springframework.test.context.jdbc.SqlScriptsTestExecutionListener, org.springframework.test.context.event.EventPublishingTestExecutionListener]
2022-10-27 09:23:05.526  INFO 73573 --- [    Test worker] .b.t.c.SpringBootTestContextBootstrapper : Using TestExecutionListeners: [org.springframework.test.context.web.ServletTestExecutionListener@473c491, org.springframework.test.context.support.DirtiesContextBeforeModesTestExecutionListener@3ede428e, org.springframework.test.context.event.ApplicationEventsTestExecutionListener@70a8654, org.springframework.boot.test.mock.mockito.MockitoTestExecutionListener@671c71e8, org.springframework.boot.test.autoconfigure.SpringBootDependencyInjectionTestExecutionListener@7d5176d6, org.springframework.test.context.support.DirtiesContextTestExecutionListener@31d791c0, org.springframework.test.context.transaction.TransactionalTestExecutionListener@623c9988, org.springframework.test.context.jdbc.SqlScriptsTestExecutionListener@66ab3716, org.springframework.test.context.event.EventPublishingTestExecutionListener@103a1ad3, org.springframework.boot.test.autoconfigure.restdocs.RestDocsTestExecutionListener@1d6ed085, org.springframework.boot.test.autoconfigure.web.client.MockRestServiceServerResetTestExecutionListener@1b18fa79, org.springframework.boot.test.autoconfigure.web.servlet.MockMvcPrintOnlyOnFailureTestExecutionListener@24347d8b, org.springframework.boot.test.autoconfigure.web.servlet.WebDriverTestExecutionListener@6418075c, org.springframework.boot.test.autoconfigure.webservices.client.MockWebServiceServerTestExecutionListener@f9919a2, org.springframework.boot.test.mock.mockito.ResetMocksTestExecutionListener@530ee11a]
]]></system-out>
  <system-err><![CDATA[]]></system-err>
</testsuite>
