<?xml version="1.0" encoding="UTF-8"?>
<testsuite name="ca.mcgill.ecse321.mms.repository.RoomRepositoryTests" tests="1" skipped="0" failures="0" errors="0" timestamp="2022-10-27T13:23:05" hostname="MacBook-Pro.local" time="0.051">
  <properties/>
  <testcase name="testPersistAndLoadRoom()" classname="ca.mcgill.ecse321.mms.repository.RoomRepositoryTests" time="0.051"/>
  <system-out><![CDATA[2022-10-27 09:23:05.447  INFO 73573 --- [    Test worker] .b.t.c.SpringBootTestContextBootstrapper : Neither @ContextConfiguration nor @ContextHierarchy found for test class [ca.mcgill.ecse321.mms.repository.RoomRepositoryTests], using SpringBootContextLoader
2022-10-27 09:23:05.448  INFO 73573 --- [    Test worker] o.s.t.c.support.AbstractContextLoader    : Could not detect default resource locations for test class [ca.mcgill.ecse321.mms.repository.RoomRepositoryTests]: no resource found for suffixes {-context.xml, Context.groovy}.
2022-10-27 09:23:05.448  INFO 73573 --- [    Test worker] t.c.s.AnnotationConfigContextLoaderUtils : Could not detect default configuration classes for test class [ca.mcgill.ecse321.mms.repository.RoomRepositoryTests]: RoomRepositoryTests does not declare any static, non-private, non-final, nested classes annotated with @Configuration.
2022-10-27 09:23:05.450  INFO 73573 --- [    Test worker] .b.t.c.SpringBootTestContextBootstrapper : Found @SpringBootConfiguration ca.mcgill.ecse321.mms.MmsApplication for test class ca.mcgill.ecse321.mms.repository.RoomRepositoryTests
2022-10-27 09:23:05.454  INFO 73573 --- [    Test worker] .b.t.c.SpringBootTestContextBootstrapper : Loaded default TestExecutionListener class names from location [META-INF/spring.factories]: [org.springframework.boot.test.autoconfigure.restdocs.RestDocsTestExecutionListener, org.springframework.boot.test.autoconfigure.web.client.MockRestServiceServerResetTestExecutionListener, org.springframework.boot.test.autoconfigure.web.servlet.MockMvcPrintOnlyOnFailureTestExecutionListener, org.springframework.boot.test.autoconfigure.web.servlet.WebDriverTestExecutionListener, org.springframework.boot.test.autoconfigure.webservices.client.MockWebServiceServerTestExecutionListener, org.springframework.boot.test.mock.mockito.MockitoTestExecutionListener, org.springframework.boot.test.mock.mockito.ResetMocksTestExecutionListener, org.springframework.test.context.web.ServletTestExecutionListener, org.springframework.test.context.support.DirtiesContextBeforeModesTestExecutionListener, org.springframework.test.context.event.ApplicationEventsTestExecutionListener, org.springframework.test.context.support.DependencyInjectionTestExecutionListener, org.springframework.test.context.support.DirtiesContextTestExecutionListener, org.springframework.test.context.transaction.TransactionalTestExecutionListener, org.springframework.test.context.jdbc.SqlScriptsTestExecutionListener, org.springframework.test.context.event.EventPublishingTestExecutionListener]
2022-10-27 09:23:05.455  INFO 73573 --- [    Test worker] .b.t.c.SpringBootTestContextBootstrapper : Using TestExecutionListeners: [org.springframework.test.context.web.ServletTestExecutionListener@33315925, org.springframework.test.context.support.DirtiesContextBeforeModesTestExecutionListener@366c9912, org.springframework.test.context.event.ApplicationEventsTestExecutionListener@628b9af5, org.springframework.boot.test.mock.mockito.MockitoTestExecutionListener@137db13f, org.springframework.boot.test.autoconfigure.SpringBootDependencyInjectionTestExecutionListener@2a3c3a04, org.springframework.test.context.support.DirtiesContextTestExecutionListener@78ca8258, org.springframework.test.context.transaction.TransactionalTestExecutionListener@4628f386, org.springframework.test.context.jdbc.SqlScriptsTestExecutionListener@38224635, org.springframework.test.context.event.EventPublishingTestExecutionListener@7385a72f, org.springframework.boot.test.autoconfigure.restdocs.RestDocsTestExecutionListener@5ff12345, org.springframework.boot.test.autoconfigure.web.client.MockRestServiceServerResetTestExecutionListener@5e445ffe, org.springframework.boot.test.autoconfigure.web.servlet.MockMvcPrintOnlyOnFailureTestExecutionListener@74fda9ed, org.springframework.boot.test.autoconfigure.web.servlet.WebDriverTestExecutionListener@2a9fd482, org.springframework.boot.test.autoconfigure.webservices.client.MockWebServiceServerTestExecutionListener@7ca2319f, org.springframework.boot.test.mock.mockito.ResetMocksTestExecutionListener@653a5a]
]]></system-out>
  <system-err><![CDATA[]]></system-err>
</testsuite>
