<?xml version="1.0" encoding="UTF-8"?>
<testsuite name="ca.mcgill.ecse321.mms.repository.ArtworkRepositoryTests" tests="1" skipped="0" failures="0" errors="0" timestamp="2022-10-26T18:50:24" hostname="Sadeks-MacBook-Pro.local" time="0.196">
  <properties/>
  <testcase name="testPersistAndLoadArtwork()" classname="ca.mcgill.ecse321.mms.repository.ArtworkRepositoryTests" time="0.196"/>
  <system-out><![CDATA[2022-10-26 14:50:24.525  INFO 32960 --- [    Test worker] .b.t.c.SpringBootTestContextBootstrapper : Neither @ContextConfiguration nor @ContextHierarchy found for test class [ca.mcgill.ecse321.mms.repository.ArtworkRepositoryTests], using SpringBootContextLoader
2022-10-26 14:50:24.526  INFO 32960 --- [    Test worker] o.s.t.c.support.AbstractContextLoader    : Could not detect default resource locations for test class [ca.mcgill.ecse321.mms.repository.ArtworkRepositoryTests]: no resource found for suffixes {-context.xml, Context.groovy}.
2022-10-26 14:50:24.526  INFO 32960 --- [    Test worker] t.c.s.AnnotationConfigContextLoaderUtils : Could not detect default configuration classes for test class [ca.mcgill.ecse321.mms.repository.ArtworkRepositoryTests]: ArtworkRepositoryTests does not declare any static, non-private, non-final, nested classes annotated with @Configuration.
2022-10-26 14:50:24.531  INFO 32960 --- [    Test worker] .b.t.c.SpringBootTestContextBootstrapper : Found @SpringBootConfiguration ca.mcgill.ecse321.mms.MmsApplication for test class ca.mcgill.ecse321.mms.repository.ArtworkRepositoryTests
2022-10-26 14:50:24.532  INFO 32960 --- [    Test worker] .b.t.c.SpringBootTestContextBootstrapper : Loaded default TestExecutionListener class names from location [META-INF/spring.factories]: [org.springframework.boot.test.autoconfigure.restdocs.RestDocsTestExecutionListener, org.springframework.boot.test.autoconfigure.web.client.MockRestServiceServerResetTestExecutionListener, org.springframework.boot.test.autoconfigure.web.servlet.MockMvcPrintOnlyOnFailureTestExecutionListener, org.springframework.boot.test.autoconfigure.web.servlet.WebDriverTestExecutionListener, org.springframework.boot.test.autoconfigure.webservices.client.MockWebServiceServerTestExecutionListener, org.springframework.boot.test.mock.mockito.MockitoTestExecutionListener, org.springframework.boot.test.mock.mockito.ResetMocksTestExecutionListener, org.springframework.test.context.web.ServletTestExecutionListener, org.springframework.test.context.support.DirtiesContextBeforeModesTestExecutionListener, org.springframework.test.context.event.ApplicationEventsTestExecutionListener, org.springframework.test.context.support.DependencyInjectionTestExecutionListener, org.springframework.test.context.support.DirtiesContextTestExecutionListener, org.springframework.test.context.transaction.TransactionalTestExecutionListener, org.springframework.test.context.jdbc.SqlScriptsTestExecutionListener, org.springframework.test.context.event.EventPublishingTestExecutionListener]
2022-10-26 14:50:24.532  INFO 32960 --- [    Test worker] .b.t.c.SpringBootTestContextBootstrapper : Using TestExecutionListeners: [org.springframework.test.context.web.ServletTestExecutionListener@3052395d, org.springframework.test.context.support.DirtiesContextBeforeModesTestExecutionListener@a2ca681, org.springframework.test.context.event.ApplicationEventsTestExecutionListener@784c74e, org.springframework.boot.test.mock.mockito.MockitoTestExecutionListener@5fee3c9c, org.springframework.boot.test.autoconfigure.SpringBootDependencyInjectionTestExecutionListener@7e577eed, org.springframework.test.context.support.DirtiesContextTestExecutionListener@11a0c708, org.springframework.test.context.transaction.TransactionalTestExecutionListener@30bfdcc5, org.springframework.test.context.jdbc.SqlScriptsTestExecutionListener@1e9b0c92, org.springframework.test.context.event.EventPublishingTestExecutionListener@5bfeb9ba, org.springframework.boot.test.autoconfigure.restdocs.RestDocsTestExecutionListener@4cf1bd4a, org.springframework.boot.test.autoconfigure.web.client.MockRestServiceServerResetTestExecutionListener@26619e5, org.springframework.boot.test.autoconfigure.web.servlet.MockMvcPrintOnlyOnFailureTestExecutionListener@445f6aa7, org.springframework.boot.test.autoconfigure.web.servlet.WebDriverTestExecutionListener@6a4238ff, org.springframework.boot.test.autoconfigure.webservices.client.MockWebServiceServerTestExecutionListener@2b98c310, org.springframework.boot.test.mock.mockito.ResetMocksTestExecutionListener@19834eb7]
]]></system-out>
  <system-err><![CDATA[]]></system-err>
</testsuite>
