<?xml version="1.0" encoding="UTF-8"?>
<testsuite name="ca.mcgill.ecse321.mms.repository.MMSRepositoryTests" tests="1" skipped="0" failures="0" errors="0" timestamp="2022-10-25T17:00:48" hostname="Valadis-MacBook-Pro-2.local" time="0.198">
  <properties/>
  <testcase name="testPersistAndLoadMMS()" classname="ca.mcgill.ecse321.mms.repository.MMSRepositoryTests" time="0.198"/>
  <system-out><![CDATA[2022-10-25 13:00:47.989  INFO 65349 --- [    Test worker] .b.t.c.SpringBootTestContextBootstrapper : Neither @ContextConfiguration nor @ContextHierarchy found for test class [ca.mcgill.ecse321.mms.repository.MMSRepositoryTests], using SpringBootContextLoader
2022-10-25 13:00:47.989  INFO 65349 --- [    Test worker] o.s.t.c.support.AbstractContextLoader    : Could not detect default resource locations for test class [ca.mcgill.ecse321.mms.repository.MMSRepositoryTests]: no resource found for suffixes {-context.xml, Context.groovy}.
2022-10-25 13:00:47.990  INFO 65349 --- [    Test worker] t.c.s.AnnotationConfigContextLoaderUtils : Could not detect default configuration classes for test class [ca.mcgill.ecse321.mms.repository.MMSRepositoryTests]: MMSRepositoryTests does not declare any static, non-private, non-final, nested classes annotated with @Configuration.
2022-10-25 13:00:47.997  INFO 65349 --- [    Test worker] .b.t.c.SpringBootTestContextBootstrapper : Found @SpringBootConfiguration ca.mcgill.ecse321.mms.MmsApplication for test class ca.mcgill.ecse321.mms.repository.MMSRepositoryTests
2022-10-25 13:00:48.003  INFO 65349 --- [    Test worker] .b.t.c.SpringBootTestContextBootstrapper : Loaded default TestExecutionListener class names from location [META-INF/spring.factories]: [org.springframework.boot.test.autoconfigure.restdocs.RestDocsTestExecutionListener, org.springframework.boot.test.autoconfigure.web.client.MockRestServiceServerResetTestExecutionListener, org.springframework.boot.test.autoconfigure.web.servlet.MockMvcPrintOnlyOnFailureTestExecutionListener, org.springframework.boot.test.autoconfigure.web.servlet.WebDriverTestExecutionListener, org.springframework.boot.test.autoconfigure.webservices.client.MockWebServiceServerTestExecutionListener, org.springframework.boot.test.mock.mockito.MockitoTestExecutionListener, org.springframework.boot.test.mock.mockito.ResetMocksTestExecutionListener, org.springframework.test.context.web.ServletTestExecutionListener, org.springframework.test.context.support.DirtiesContextBeforeModesTestExecutionListener, org.springframework.test.context.event.ApplicationEventsTestExecutionListener, org.springframework.test.context.support.DependencyInjectionTestExecutionListener, org.springframework.test.context.support.DirtiesContextTestExecutionListener, org.springframework.test.context.transaction.TransactionalTestExecutionListener, org.springframework.test.context.jdbc.SqlScriptsTestExecutionListener, org.springframework.test.context.event.EventPublishingTestExecutionListener]
2022-10-25 13:00:48.004  INFO 65349 --- [    Test worker] .b.t.c.SpringBootTestContextBootstrapper : Using TestExecutionListeners: [org.springframework.test.context.web.ServletTestExecutionListener@2ef63b6d, org.springframework.test.context.support.DirtiesContextBeforeModesTestExecutionListener@377cc0f8, org.springframework.test.context.event.ApplicationEventsTestExecutionListener@25c98637, org.springframework.boot.test.mock.mockito.MockitoTestExecutionListener@fbdba1c, org.springframework.boot.test.autoconfigure.SpringBootDependencyInjectionTestExecutionListener@108fd5d5, org.springframework.test.context.support.DirtiesContextTestExecutionListener@4125bc3c, org.springframework.test.context.transaction.TransactionalTestExecutionListener@28b47211, org.springframework.test.context.jdbc.SqlScriptsTestExecutionListener@4abb4041, org.springframework.test.context.event.EventPublishingTestExecutionListener@247415be, org.springframework.boot.test.autoconfigure.restdocs.RestDocsTestExecutionListener@48dc9950, org.springframework.boot.test.autoconfigure.web.client.MockRestServiceServerResetTestExecutionListener@43735ea0, org.springframework.boot.test.autoconfigure.web.servlet.MockMvcPrintOnlyOnFailureTestExecutionListener@535aa7c7, org.springframework.boot.test.autoconfigure.web.servlet.WebDriverTestExecutionListener@578781f7, org.springframework.boot.test.autoconfigure.webservices.client.MockWebServiceServerTestExecutionListener@7bbd944e, org.springframework.boot.test.mock.mockito.ResetMocksTestExecutionListener@22e253c7]
]]></system-out>
  <system-err><![CDATA[]]></system-err>
</testsuite>
