<?xml version="1.0" encoding="UTF-8"?>
<testsuite name="ca.mcgill.ecse321.mms.repository.LoanRepositoryTests" tests="1" skipped="0" failures="0" errors="0" timestamp="2022-11-08T01:31:06" hostname="Valadis-MacBook-Pro-2.local" time="0.039">
  <properties/>
  <testcase name="testPersistAndLoadLoan()" classname="ca.mcgill.ecse321.mms.repository.LoanRepositoryTests" time="0.039"/>
  <system-out><![CDATA[2022-11-07 20:31:06.662  INFO 7983 --- [    Test worker] .b.t.c.SpringBootTestContextBootstrapper : Neither @ContextConfiguration nor @ContextHierarchy found for test class [ca.mcgill.ecse321.mms.repository.LoanRepositoryTests], using SpringBootContextLoader
2022-11-07 20:31:06.662  INFO 7983 --- [    Test worker] o.s.t.c.support.AbstractContextLoader    : Could not detect default resource locations for test class [ca.mcgill.ecse321.mms.repository.LoanRepositoryTests]: no resource found for suffixes {-context.xml, Context.groovy}.
2022-11-07 20:31:06.663  INFO 7983 --- [    Test worker] t.c.s.AnnotationConfigContextLoaderUtils : Could not detect default configuration classes for test class [ca.mcgill.ecse321.mms.repository.LoanRepositoryTests]: LoanRepositoryTests does not declare any static, non-private, non-final, nested classes annotated with @Configuration.
2022-11-07 20:31:06.664  INFO 7983 --- [    Test worker] .b.t.c.SpringBootTestContextBootstrapper : Found @SpringBootConfiguration ca.mcgill.ecse321.mms.MmsApplication for test class ca.mcgill.ecse321.mms.repository.LoanRepositoryTests
2022-11-07 20:31:06.665  INFO 7983 --- [    Test worker] .b.t.c.SpringBootTestContextBootstrapper : Loaded default TestExecutionListener class names from location [META-INF/spring.factories]: [org.springframework.boot.test.autoconfigure.restdocs.RestDocsTestExecutionListener, org.springframework.boot.test.autoconfigure.web.client.MockRestServiceServerResetTestExecutionListener, org.springframework.boot.test.autoconfigure.web.servlet.MockMvcPrintOnlyOnFailureTestExecutionListener, org.springframework.boot.test.autoconfigure.web.servlet.WebDriverTestExecutionListener, org.springframework.boot.test.autoconfigure.webservices.client.MockWebServiceServerTestExecutionListener, org.springframework.boot.test.mock.mockito.MockitoTestExecutionListener, org.springframework.boot.test.mock.mockito.ResetMocksTestExecutionListener, org.springframework.test.context.web.ServletTestExecutionListener, org.springframework.test.context.support.DirtiesContextBeforeModesTestExecutionListener, org.springframework.test.context.event.ApplicationEventsTestExecutionListener, org.springframework.test.context.support.DependencyInjectionTestExecutionListener, org.springframework.test.context.support.DirtiesContextTestExecutionListener, org.springframework.test.context.transaction.TransactionalTestExecutionListener, org.springframework.test.context.jdbc.SqlScriptsTestExecutionListener, org.springframework.test.context.event.EventPublishingTestExecutionListener]
2022-11-07 20:31:06.666  INFO 7983 --- [    Test worker] .b.t.c.SpringBootTestContextBootstrapper : Using TestExecutionListeners: [org.springframework.test.context.web.ServletTestExecutionListener@c7aac7c, org.springframework.test.context.support.DirtiesContextBeforeModesTestExecutionListener@7ab8f93, org.springframework.test.context.event.ApplicationEventsTestExecutionListener@6037748a, org.springframework.boot.test.mock.mockito.MockitoTestExecutionListener@4d87e7f3, org.springframework.boot.test.autoconfigure.SpringBootDependencyInjectionTestExecutionListener@14c7ab73, org.springframework.test.context.support.DirtiesContextTestExecutionListener@4fcb796f, org.springframework.test.context.transaction.TransactionalTestExecutionListener@1483c738, org.springframework.test.context.jdbc.SqlScriptsTestExecutionListener@66c91224, org.springframework.test.context.event.EventPublishingTestExecutionListener@4ffcb1bd, org.springframework.boot.test.autoconfigure.restdocs.RestDocsTestExecutionListener@5be8a92c, org.springframework.boot.test.autoconfigure.web.client.MockRestServiceServerResetTestExecutionListener@51d80f6e, org.springframework.boot.test.autoconfigure.web.servlet.MockMvcPrintOnlyOnFailureTestExecutionListener@7fae6f43, org.springframework.boot.test.autoconfigure.web.servlet.WebDriverTestExecutionListener@55f54852, org.springframework.boot.test.autoconfigure.webservices.client.MockWebServiceServerTestExecutionListener@4bca2a09, org.springframework.boot.test.mock.mockito.ResetMocksTestExecutionListener@5af8ef61]
Hibernate: insert into visitor (email, password, username, museum_management_system_museumid) values (?, ?, ?, ?)
Hibernate: insert into staff_member (email, password, username, museum_management_system_museumid, employee_type) values (?, ?, ?, ?, 'Employee')
Hibernate: insert into artwork (artist, is_available_for_loan, museum_management_system_museumid, artwork_name, room_roomid, display_status) values (?, ?, ?, ?, ?, ?)
Hibernate: insert into loan (artwork_artworkid, loan_end_date, is_loan_approved, loan_approver_staff_memberid, loan_fee, loan_requestor_visitorid, loan_start_date) values (?, ?, ?, ?, ?, ?, ?)
Hibernate: select loan0_.loanid as loanid1_1_, loan0_.artwork_artworkid as artwork_6_1_, loan0_.loan_end_date as loan_end2_1_, loan0_.is_loan_approved as is_loan_3_1_, loan0_.loan_approver_staff_memberid as loan_app7_1_, loan0_.loan_fee as loan_fee4_1_, loan0_.loan_requestor_visitorid as loan_req8_1_, loan0_.loan_start_date as loan_sta5_1_ from loan loan0_ where loan0_.loanid=?
Hibernate: select artwork0_.artworkid as artworki1_0_0_, artwork0_.artist as artist2_0_0_, artwork0_.is_available_for_loan as is_avail3_0_0_, artwork0_.museum_management_system_museumid as museum_m6_0_0_, artwork0_.artwork_name as artwork_4_0_0_, artwork0_.room_roomid as room_roo7_0_0_, artwork0_.display_status as display_5_0_0_, mms1_.museumid as museumid1_2_1_, mms1_.museum_closing_time as museum_c2_2_1_, mms1_.museum_opening_time as museum_o3_2_1_, mms1_.pass_fee as pass_fee4_2_1_, room2_.roomid as roomid2_4_2_, room2_.museum_management_system_museumid as museum_m6_4_2_, room2_.display_room_number as display_3_4_2_, room2_.room_maximum_capacity as room_max4_4_2_, room2_.room_size as room_siz5_4_2_, room2_.room_type as room_typ1_4_2_, mms3_.museumid as museumid1_2_3_, mms3_.museum_closing_time as museum_c2_2_3_, mms3_.museum_opening_time as museum_o3_2_3_, mms3_.pass_fee as pass_fee4_2_3_ from artwork artwork0_ left outer join mms mms1_ on artwork0_.museum_management_system_museumid=mms1_.museumid left outer join room room2_ on artwork0_.room_roomid=room2_.roomid left outer join mms mms3_ on room2_.museum_management_system_museumid=mms3_.museumid where artwork0_.artworkid=?
Hibernate: select staffmembe0_.staff_memberid as staff_me2_6_0_, staffmembe0_.email as email3_6_0_, staffmembe0_.password as password4_6_0_, staffmembe0_.username as username5_6_0_, staffmembe0_.museum_management_system_museumid as museum_m6_6_0_, staffmembe0_.employee_type as employee1_6_0_, mms1_.museumid as museumid1_2_1_, mms1_.museum_closing_time as museum_c2_2_1_, mms1_.museum_opening_time as museum_o3_2_1_, mms1_.pass_fee as pass_fee4_2_1_ from staff_member staffmembe0_ left outer join mms mms1_ on staffmembe0_.museum_management_system_museumid=mms1_.museumid where staffmembe0_.staff_memberid=?
Hibernate: select visitor0_.visitorid as visitori1_7_0_, visitor0_.email as email2_7_0_, visitor0_.password as password3_7_0_, visitor0_.username as username4_7_0_, visitor0_.museum_management_system_museumid as museum_m5_7_0_, mms1_.museumid as museumid1_2_1_, mms1_.museum_closing_time as museum_c2_2_1_, mms1_.museum_opening_time as museum_o3_2_1_, mms1_.pass_fee as pass_fee4_2_1_ from visitor visitor0_ left outer join mms mms1_ on visitor0_.museum_management_system_museumid=mms1_.museumid where visitor0_.visitorid=?
Hibernate: select loan0_.loanid as loanid1_1_, loan0_.artwork_artworkid as artwork_6_1_, loan0_.loan_end_date as loan_end2_1_, loan0_.is_loan_approved as is_loan_3_1_, loan0_.loan_approver_staff_memberid as loan_app7_1_, loan0_.loan_fee as loan_fee4_1_, loan0_.loan_requestor_visitorid as loan_req8_1_, loan0_.loan_start_date as loan_sta5_1_ from loan loan0_
Hibernate: select artwork0_.artworkid as artworki1_0_0_, artwork0_.artist as artist2_0_0_, artwork0_.is_available_for_loan as is_avail3_0_0_, artwork0_.museum_management_system_museumid as museum_m6_0_0_, artwork0_.artwork_name as artwork_4_0_0_, artwork0_.room_roomid as room_roo7_0_0_, artwork0_.display_status as display_5_0_0_, mms1_.museumid as museumid1_2_1_, mms1_.museum_closing_time as museum_c2_2_1_, mms1_.museum_opening_time as museum_o3_2_1_, mms1_.pass_fee as pass_fee4_2_1_, room2_.roomid as roomid2_4_2_, room2_.museum_management_system_museumid as museum_m6_4_2_, room2_.display_room_number as display_3_4_2_, room2_.room_maximum_capacity as room_max4_4_2_, room2_.room_size as room_siz5_4_2_, room2_.room_type as room_typ1_4_2_, mms3_.museumid as museumid1_2_3_, mms3_.museum_closing_time as museum_c2_2_3_, mms3_.museum_opening_time as museum_o3_2_3_, mms3_.pass_fee as pass_fee4_2_3_ from artwork artwork0_ left outer join mms mms1_ on artwork0_.museum_management_system_museumid=mms1_.museumid left outer join room room2_ on artwork0_.room_roomid=room2_.roomid left outer join mms mms3_ on room2_.museum_management_system_museumid=mms3_.museumid where artwork0_.artworkid=?
Hibernate: select staffmembe0_.staff_memberid as staff_me2_6_0_, staffmembe0_.email as email3_6_0_, staffmembe0_.password as password4_6_0_, staffmembe0_.username as username5_6_0_, staffmembe0_.museum_management_system_museumid as museum_m6_6_0_, staffmembe0_.employee_type as employee1_6_0_, mms1_.museumid as museumid1_2_1_, mms1_.museum_closing_time as museum_c2_2_1_, mms1_.museum_opening_time as museum_o3_2_1_, mms1_.pass_fee as pass_fee4_2_1_ from staff_member staffmembe0_ left outer join mms mms1_ on staffmembe0_.museum_management_system_museumid=mms1_.museumid where staffmembe0_.staff_memberid=?
Hibernate: select visitor0_.visitorid as visitori1_7_0_, visitor0_.email as email2_7_0_, visitor0_.password as password3_7_0_, visitor0_.username as username4_7_0_, visitor0_.museum_management_system_museumid as museum_m5_7_0_, mms1_.museumid as museumid1_2_1_, mms1_.museum_closing_time as museum_c2_2_1_, mms1_.museum_opening_time as museum_o3_2_1_, mms1_.pass_fee as pass_fee4_2_1_ from visitor visitor0_ left outer join mms mms1_ on visitor0_.museum_management_system_museumid=mms1_.museumid where visitor0_.visitorid=?
Hibernate: delete from loan where loanid=?
Hibernate: select visitor0_.visitorid as visitori1_7_, visitor0_.email as email2_7_, visitor0_.password as password3_7_, visitor0_.username as username4_7_, visitor0_.museum_management_system_museumid as museum_m5_7_ from visitor visitor0_
Hibernate: delete from visitor where visitorid=?
Hibernate: select staffmembe0_.staff_memberid as staff_me2_6_, staffmembe0_.email as email3_6_, staffmembe0_.password as password4_6_, staffmembe0_.username as username5_6_, staffmembe0_.museum_management_system_museumid as museum_m6_6_, staffmembe0_.employee_type as employee1_6_ from staff_member staffmembe0_
Hibernate: delete from staff_member where staff_memberid=?
Hibernate: select artwork0_.artworkid as artworki1_0_, artwork0_.artist as artist2_0_, artwork0_.is_available_for_loan as is_avail3_0_, artwork0_.museum_management_system_museumid as museum_m6_0_, artwork0_.artwork_name as artwork_4_0_, artwork0_.room_roomid as room_roo7_0_, artwork0_.display_status as display_5_0_ from artwork artwork0_
Hibernate: delete from artwork where artworkid=?
]]></system-out>
  <system-err><![CDATA[]]></system-err>
</testsuite>
