<?xml version="1.0" encoding="UTF-8"?>
<testsuite name="ca.mcgill.ecse321.mms.repository.ShiftRepositoryTests" tests="1" skipped="0" failures="0" errors="0" timestamp="2022-10-26T18:50:24" hostname="Sadeks-MacBook-Pro.local" time="0.023">
  <properties/>
  <testcase name="testPersistAndLoadShift()" classname="ca.mcgill.ecse321.mms.repository.ShiftRepositoryTests" time="0.023"/>
  <system-out><![CDATA[2022-10-26 14:50:24.849  INFO 32960 --- [    Test worker] .b.t.c.SpringBootTestContextBootstrapper : Neither @ContextConfiguration nor @ContextHierarchy found for test class [ca.mcgill.ecse321.mms.repository.ShiftRepositoryTests], using SpringBootContextLoader
2022-10-26 14:50:24.849  INFO 32960 --- [    Test worker] o.s.t.c.support.AbstractContextLoader    : Could not detect default resource locations for test class [ca.mcgill.ecse321.mms.repository.ShiftRepositoryTests]: no resource found for suffixes {-context.xml, Context.groovy}.
2022-10-26 14:50:24.850  INFO 32960 --- [    Test worker] t.c.s.AnnotationConfigContextLoaderUtils : Could not detect default configuration classes for test class [ca.mcgill.ecse321.mms.repository.ShiftRepositoryTests]: ShiftRepositoryTests does not declare any static, non-private, non-final, nested classes annotated with @Configuration.
2022-10-26 14:50:24.850  INFO 32960 --- [    Test worker] .b.t.c.SpringBootTestContextBootstrapper : Found @SpringBootConfiguration ca.mcgill.ecse321.mms.MmsApplication for test class ca.mcgill.ecse321.mms.repository.ShiftRepositoryTests
2022-10-26 14:50:24.851  INFO 32960 --- [    Test worker] .b.t.c.SpringBootTestContextBootstrapper : Loaded default TestExecutionListener class names from location [META-INF/spring.factories]: [org.springframework.boot.test.autoconfigure.restdocs.RestDocsTestExecutionListener, org.springframework.boot.test.autoconfigure.web.client.MockRestServiceServerResetTestExecutionListener, org.springframework.boot.test.autoconfigure.web.servlet.MockMvcPrintOnlyOnFailureTestExecutionListener, org.springframework.boot.test.autoconfigure.web.servlet.WebDriverTestExecutionListener, org.springframework.boot.test.autoconfigure.webservices.client.MockWebServiceServerTestExecutionListener, org.springframework.boot.test.mock.mockito.MockitoTestExecutionListener, org.springframework.boot.test.mock.mockito.ResetMocksTestExecutionListener, org.springframework.test.context.web.ServletTestExecutionListener, org.springframework.test.context.support.DirtiesContextBeforeModesTestExecutionListener, org.springframework.test.context.event.ApplicationEventsTestExecutionListener, org.springframework.test.context.support.DependencyInjectionTestExecutionListener, org.springframework.test.context.support.DirtiesContextTestExecutionListener, org.springframework.test.context.transaction.TransactionalTestExecutionListener, org.springframework.test.context.jdbc.SqlScriptsTestExecutionListener, org.springframework.test.context.event.EventPublishingTestExecutionListener]
2022-10-26 14:50:24.852  INFO 32960 --- [    Test worker] .b.t.c.SpringBootTestContextBootstrapper : Using TestExecutionListeners: [org.springframework.test.context.web.ServletTestExecutionListener@657e7e8, org.springframework.test.context.support.DirtiesContextBeforeModesTestExecutionListener@1b4ade78, org.springframework.test.context.event.ApplicationEventsTestExecutionListener@45fa7fb7, org.springframework.boot.test.mock.mockito.MockitoTestExecutionListener@32eeef08, org.springframework.boot.test.autoconfigure.SpringBootDependencyInjectionTestExecutionListener@bbf361a, org.springframework.test.context.support.DirtiesContextTestExecutionListener@46cb800b, org.springframework.test.context.transaction.TransactionalTestExecutionListener@505a48a2, org.springframework.test.context.jdbc.SqlScriptsTestExecutionListener@15096b0e, org.springframework.test.context.event.EventPublishingTestExecutionListener@67748053, org.springframework.boot.test.autoconfigure.restdocs.RestDocsTestExecutionListener@7da59f6e, org.springframework.boot.test.autoconfigure.web.client.MockRestServiceServerResetTestExecutionListener@7fb8d720, org.springframework.boot.test.autoconfigure.web.servlet.MockMvcPrintOnlyOnFailureTestExecutionListener@21b792c2, org.springframework.boot.test.autoconfigure.web.servlet.WebDriverTestExecutionListener@6202f8bf, org.springframework.boot.test.autoconfigure.webservices.client.MockWebServiceServerTestExecutionListener@330d557e, org.springframework.boot.test.mock.mockito.ResetMocksTestExecutionListener@ab595e8]
]]></system-out>
  <system-err><![CDATA[]]></system-err>
</testsuite>
