<?xml version="1.0" encoding="UTF-8"?>
<testsuite name="ca.mcgill.ecse321.mms.repository.LoanRepositoryTests" tests="1" skipped="0" failures="0" errors="0" timestamp="2022-10-26T04:21:10" hostname="DESKTOP-OSHRBDR" time="0.014">
  <properties/>
  <testcase name="testPersistAndLoadArtwork()" classname="ca.mcgill.ecse321.mms.repository.LoanRepositoryTests" time="0.014"/>
  <system-out><![CDATA[2022-10-26 00:21:10.888  INFO 14612 --- [    Test worker] .b.t.c.SpringBootTestContextBootstrapper : Neither @ContextConfiguration nor @ContextHierarchy found for test class [ca.mcgill.ecse321.mms.repository.LoanRepositoryTests], using SpringBootContextLoader
2022-10-26 00:21:10.892  INFO 14612 --- [    Test worker] o.s.t.c.support.AbstractContextLoader    : Could not detect default resource locations for test class [ca.mcgill.ecse321.mms.repository.LoanRepositoryTests]: no resource found for suffixes {-context.xml, Context.groovy}.
2022-10-26 00:21:10.892  INFO 14612 --- [    Test worker] t.c.s.AnnotationConfigContextLoaderUtils : Could not detect default configuration classes for test class [ca.mcgill.ecse321.mms.repository.LoanRepositoryTests]: LoanRepositoryTests does not declare any static, non-private, non-final, nested classes annotated with @Configuration.
2022-10-26 00:21:10.892  INFO 14612 --- [    Test worker] .b.t.c.SpringBootTestContextBootstrapper : Found @SpringBootConfiguration ca.mcgill.ecse321.mms.MmsApplication for test class ca.mcgill.ecse321.mms.repository.LoanRepositoryTests
2022-10-26 00:21:10.895  INFO 14612 --- [    Test worker] .b.t.c.SpringBootTestContextBootstrapper : Loaded default TestExecutionListener class names from location [META-INF/spring.factories]: [org.springframework.boot.test.autoconfigure.restdocs.RestDocsTestExecutionListener, org.springframework.boot.test.autoconfigure.web.client.MockRestServiceServerResetTestExecutionListener, org.springframework.boot.test.autoconfigure.web.servlet.MockMvcPrintOnlyOnFailureTestExecutionListener, org.springframework.boot.test.autoconfigure.web.servlet.WebDriverTestExecutionListener, org.springframework.boot.test.autoconfigure.webservices.client.MockWebServiceServerTestExecutionListener, org.springframework.boot.test.mock.mockito.MockitoTestExecutionListener, org.springframework.boot.test.mock.mockito.ResetMocksTestExecutionListener, org.springframework.test.context.web.ServletTestExecutionListener, org.springframework.test.context.support.DirtiesContextBeforeModesTestExecutionListener, org.springframework.test.context.event.ApplicationEventsTestExecutionListener, org.springframework.test.context.support.DependencyInjectionTestExecutionListener, org.springframework.test.context.support.DirtiesContextTestExecutionListener, org.springframework.test.context.transaction.TransactionalTestExecutionListener, org.springframework.test.context.jdbc.SqlScriptsTestExecutionListener, org.springframework.test.context.event.EventPublishingTestExecutionListener]
2022-10-26 00:21:10.895  INFO 14612 --- [    Test worker] .b.t.c.SpringBootTestContextBootstrapper : Using TestExecutionListeners: [org.springframework.test.context.web.ServletTestExecutionListener@4b477121, org.springframework.test.context.support.DirtiesContextBeforeModesTestExecutionListener@21d561c9, org.springframework.test.context.event.ApplicationEventsTestExecutionListener@752e50c6, org.springframework.boot.test.mock.mockito.MockitoTestExecutionListener@2bef33e7, org.springframework.boot.test.autoconfigure.SpringBootDependencyInjectionTestExecutionListener@5bd191c2, org.springframework.test.context.support.DirtiesContextTestExecutionListener@51806858, org.springframework.test.context.transaction.TransactionalTestExecutionListener@56afbace, org.springframework.test.context.jdbc.SqlScriptsTestExecutionListener@40dcbf7, org.springframework.test.context.event.EventPublishingTestExecutionListener@53850535, org.springframework.boot.test.autoconfigure.restdocs.RestDocsTestExecutionListener@19565b5, org.springframework.boot.test.autoconfigure.web.client.MockRestServiceServerResetTestExecutionListener@2ac7c683, org.springframework.boot.test.autoconfigure.web.servlet.MockMvcPrintOnlyOnFailureTestExecutionListener@407ff25f, org.springframework.boot.test.autoconfigure.web.servlet.WebDriverTestExecutionListener@3ba8fbc8, org.springframework.boot.test.autoconfigure.webservices.client.MockWebServiceServerTestExecutionListener@113a89c5, org.springframework.boot.test.mock.mockito.ResetMocksTestExecutionListener@55da6bf]
]]></system-out>
  <system-err><![CDATA[]]></system-err>
</testsuite>
