<?xml version="1.0" encoding="UTF-8"?>
<testsuite name="ca.mcgill.ecse321.mms.repository.RoomRepositoryTests" tests="1" skipped="0" failures="0" errors="0" timestamp="2022-10-26T18:50:24" hostname="Sadeks-MacBook-Pro.local" time="0.023">
  <properties/>
  <testcase name="testPersistAndLoadRoom()" classname="ca.mcgill.ecse321.mms.repository.RoomRepositoryTests" time="0.023"/>
  <system-out><![CDATA[2022-10-26 14:50:24.818  INFO 32960 --- [    Test worker] .b.t.c.SpringBootTestContextBootstrapper : Neither @ContextConfiguration nor @ContextHierarchy found for test class [ca.mcgill.ecse321.mms.repository.RoomRepositoryTests], using SpringBootContextLoader
2022-10-26 14:50:24.818  INFO 32960 --- [    Test worker] o.s.t.c.support.AbstractContextLoader    : Could not detect default resource locations for test class [ca.mcgill.ecse321.mms.repository.RoomRepositoryTests]: no resource found for suffixes {-context.xml, Context.groovy}.
2022-10-26 14:50:24.819  INFO 32960 --- [    Test worker] t.c.s.AnnotationConfigContextLoaderUtils : Could not detect default configuration classes for test class [ca.mcgill.ecse321.mms.repository.RoomRepositoryTests]: RoomRepositoryTests does not declare any static, non-private, non-final, nested classes annotated with @Configuration.
2022-10-26 14:50:24.820  INFO 32960 --- [    Test worker] .b.t.c.SpringBootTestContextBootstrapper : Found @SpringBootConfiguration ca.mcgill.ecse321.mms.MmsApplication for test class ca.mcgill.ecse321.mms.repository.RoomRepositoryTests
2022-10-26 14:50:24.821  INFO 32960 --- [    Test worker] .b.t.c.SpringBootTestContextBootstrapper : Loaded default TestExecutionListener class names from location [META-INF/spring.factories]: [org.springframework.boot.test.autoconfigure.restdocs.RestDocsTestExecutionListener, org.springframework.boot.test.autoconfigure.web.client.MockRestServiceServerResetTestExecutionListener, org.springframework.boot.test.autoconfigure.web.servlet.MockMvcPrintOnlyOnFailureTestExecutionListener, org.springframework.boot.test.autoconfigure.web.servlet.WebDriverTestExecutionListener, org.springframework.boot.test.autoconfigure.webservices.client.MockWebServiceServerTestExecutionListener, org.springframework.boot.test.mock.mockito.MockitoTestExecutionListener, org.springframework.boot.test.mock.mockito.ResetMocksTestExecutionListener, org.springframework.test.context.web.ServletTestExecutionListener, org.springframework.test.context.support.DirtiesContextBeforeModesTestExecutionListener, org.springframework.test.context.event.ApplicationEventsTestExecutionListener, org.springframework.test.context.support.DependencyInjectionTestExecutionListener, org.springframework.test.context.support.DirtiesContextTestExecutionListener, org.springframework.test.context.transaction.TransactionalTestExecutionListener, org.springframework.test.context.jdbc.SqlScriptsTestExecutionListener, org.springframework.test.context.event.EventPublishingTestExecutionListener]
2022-10-26 14:50:24.822  INFO 32960 --- [    Test worker] .b.t.c.SpringBootTestContextBootstrapper : Using TestExecutionListeners: [org.springframework.test.context.web.ServletTestExecutionListener@627ad446, org.springframework.test.context.support.DirtiesContextBeforeModesTestExecutionListener@77feca04, org.springframework.test.context.event.ApplicationEventsTestExecutionListener@3b0d9da, org.springframework.boot.test.mock.mockito.MockitoTestExecutionListener@5ac35b17, org.springframework.boot.test.autoconfigure.SpringBootDependencyInjectionTestExecutionListener@6eaf6ced, org.springframework.test.context.support.DirtiesContextTestExecutionListener@6f8035d6, org.springframework.test.context.transaction.TransactionalTestExecutionListener@6a7b4ff5, org.springframework.test.context.jdbc.SqlScriptsTestExecutionListener@2a20aa4e, org.springframework.test.context.event.EventPublishingTestExecutionListener@3f7d73e3, org.springframework.boot.test.autoconfigure.restdocs.RestDocsTestExecutionListener@513ddf5f, org.springframework.boot.test.autoconfigure.web.client.MockRestServiceServerResetTestExecutionListener@6109366a, org.springframework.boot.test.autoconfigure.web.servlet.MockMvcPrintOnlyOnFailureTestExecutionListener@4ed492df, org.springframework.boot.test.autoconfigure.web.servlet.WebDriverTestExecutionListener@1ae2028d, org.springframework.boot.test.autoconfigure.webservices.client.MockWebServiceServerTestExecutionListener@259ae1a9, org.springframework.boot.test.mock.mockito.ResetMocksTestExecutionListener@d082916]
]]></system-out>
  <system-err><![CDATA[]]></system-err>
</testsuite>
