<?xml version="1.0" encoding="UTF-8"?>
<testsuite name="ca.mcgill.ecse321.mms.repository.RoomRepositoryTests" tests="1" skipped="0" failures="0" errors="0" timestamp="2022-10-26T04:28:59" hostname="DESKTOP-OSHRBDR" time="0.037">
  <properties/>
  <testcase name="testPersistAndLoadRoom()" classname="ca.mcgill.ecse321.mms.repository.RoomRepositoryTests" time="0.037"/>
  <system-out><![CDATA[2022-10-26 00:28:59.350  INFO 25804 --- [    Test worker] .b.t.c.SpringBootTestContextBootstrapper : Neither @ContextConfiguration nor @ContextHierarchy found for test class [ca.mcgill.ecse321.mms.repository.RoomRepositoryTests], using SpringBootContextLoader
2022-10-26 00:28:59.350  INFO 25804 --- [    Test worker] o.s.t.c.support.AbstractContextLoader    : Could not detect default resource locations for test class [ca.mcgill.ecse321.mms.repository.RoomRepositoryTests]: no resource found for suffixes {-context.xml, Context.groovy}.
2022-10-26 00:28:59.350  INFO 25804 --- [    Test worker] t.c.s.AnnotationConfigContextLoaderUtils : Could not detect default configuration classes for test class [ca.mcgill.ecse321.mms.repository.RoomRepositoryTests]: RoomRepositoryTests does not declare any static, non-private, non-final, nested classes annotated with @Configuration.
2022-10-26 00:28:59.350  INFO 25804 --- [    Test worker] .b.t.c.SpringBootTestContextBootstrapper : Found @SpringBootConfiguration ca.mcgill.ecse321.mms.MmsApplication for test class ca.mcgill.ecse321.mms.repository.RoomRepositoryTests
2022-10-26 00:28:59.354  INFO 25804 --- [    Test worker] .b.t.c.SpringBootTestContextBootstrapper : Loaded default TestExecutionListener class names from location [META-INF/spring.factories]: [org.springframework.boot.test.autoconfigure.restdocs.RestDocsTestExecutionListener, org.springframework.boot.test.autoconfigure.web.client.MockRestServiceServerResetTestExecutionListener, org.springframework.boot.test.autoconfigure.web.servlet.MockMvcPrintOnlyOnFailureTestExecutionListener, org.springframework.boot.test.autoconfigure.web.servlet.WebDriverTestExecutionListener, org.springframework.boot.test.autoconfigure.webservices.client.MockWebServiceServerTestExecutionListener, org.springframework.boot.test.mock.mockito.MockitoTestExecutionListener, org.springframework.boot.test.mock.mockito.ResetMocksTestExecutionListener, org.springframework.test.context.web.ServletTestExecutionListener, org.springframework.test.context.support.DirtiesContextBeforeModesTestExecutionListener, org.springframework.test.context.event.ApplicationEventsTestExecutionListener, org.springframework.test.context.support.DependencyInjectionTestExecutionListener, org.springframework.test.context.support.DirtiesContextTestExecutionListener, org.springframework.test.context.transaction.TransactionalTestExecutionListener, org.springframework.test.context.jdbc.SqlScriptsTestExecutionListener, org.springframework.test.context.event.EventPublishingTestExecutionListener]
2022-10-26 00:28:59.354  INFO 25804 --- [    Test worker] .b.t.c.SpringBootTestContextBootstrapper : Using TestExecutionListeners: [org.springframework.test.context.web.ServletTestExecutionListener@154cbb46, org.springframework.test.context.support.DirtiesContextBeforeModesTestExecutionListener@58fbecde, org.springframework.test.context.event.ApplicationEventsTestExecutionListener@299615a5, org.springframework.boot.test.mock.mockito.MockitoTestExecutionListener@3ba6707e, org.springframework.boot.test.autoconfigure.SpringBootDependencyInjectionTestExecutionListener@4b407ac7, org.springframework.test.context.support.DirtiesContextTestExecutionListener@4c5ae26d, org.springframework.test.context.transaction.TransactionalTestExecutionListener@5578ed7e, org.springframework.test.context.jdbc.SqlScriptsTestExecutionListener@5dd5422f, org.springframework.test.context.event.EventPublishingTestExecutionListener@158b8d10, org.springframework.boot.test.autoconfigure.restdocs.RestDocsTestExecutionListener@e594c46, org.springframework.boot.test.autoconfigure.web.client.MockRestServiceServerResetTestExecutionListener@1cd853ee, org.springframework.boot.test.autoconfigure.web.servlet.MockMvcPrintOnlyOnFailureTestExecutionListener@6b6bae60, org.springframework.boot.test.autoconfigure.web.servlet.WebDriverTestExecutionListener@22c14d10, org.springframework.boot.test.autoconfigure.webservices.client.MockWebServiceServerTestExecutionListener@66be0e72, org.springframework.boot.test.mock.mockito.ResetMocksTestExecutionListener@38276668]
]]></system-out>
  <system-err><![CDATA[]]></system-err>
</testsuite>
