<?xml version="1.0" encoding="UTF-8"?>
<testsuite name="ca.mcgill.ecse321.mms.repository.RoomRepositoryTests" tests="1" skipped="0" failures="0" errors="0" timestamp="2022-10-26T03:32:33" hostname="DESKTOP-OSHRBDR" time="0.039">
  <properties/>
  <testcase name="testPersistAndLoadRoom()" classname="ca.mcgill.ecse321.mms.repository.RoomRepositoryTests" time="0.039"/>
  <system-out><![CDATA[2022-10-25 23:32:33.787  INFO 21844 --- [    Test worker] .b.t.c.SpringBootTestContextBootstrapper : Neither @ContextConfiguration nor @ContextHierarchy found for test class [ca.mcgill.ecse321.mms.repository.RoomRepositoryTests], using SpringBootContextLoader
2022-10-25 23:32:33.787  INFO 21844 --- [    Test worker] o.s.t.c.support.AbstractContextLoader    : Could not detect default resource locations for test class [ca.mcgill.ecse321.mms.repository.RoomRepositoryTests]: no resource found for suffixes {-context.xml, Context.groovy}.
2022-10-25 23:32:33.787  INFO 21844 --- [    Test worker] t.c.s.AnnotationConfigContextLoaderUtils : Could not detect default configuration classes for test class [ca.mcgill.ecse321.mms.repository.RoomRepositoryTests]: RoomRepositoryTests does not declare any static, non-private, non-final, nested classes annotated with @Configuration.
2022-10-25 23:32:33.787  INFO 21844 --- [    Test worker] .b.t.c.SpringBootTestContextBootstrapper : Found @SpringBootConfiguration ca.mcgill.ecse321.mms.MmsApplication for test class ca.mcgill.ecse321.mms.repository.RoomRepositoryTests
2022-10-25 23:32:33.787  INFO 21844 --- [    Test worker] .b.t.c.SpringBootTestContextBootstrapper : Loaded default TestExecutionListener class names from location [META-INF/spring.factories]: [org.springframework.boot.test.autoconfigure.restdocs.RestDocsTestExecutionListener, org.springframework.boot.test.autoconfigure.web.client.MockRestServiceServerResetTestExecutionListener, org.springframework.boot.test.autoconfigure.web.servlet.MockMvcPrintOnlyOnFailureTestExecutionListener, org.springframework.boot.test.autoconfigure.web.servlet.WebDriverTestExecutionListener, org.springframework.boot.test.autoconfigure.webservices.client.MockWebServiceServerTestExecutionListener, org.springframework.boot.test.mock.mockito.MockitoTestExecutionListener, org.springframework.boot.test.mock.mockito.ResetMocksTestExecutionListener, org.springframework.test.context.web.ServletTestExecutionListener, org.springframework.test.context.support.DirtiesContextBeforeModesTestExecutionListener, org.springframework.test.context.event.ApplicationEventsTestExecutionListener, org.springframework.test.context.support.DependencyInjectionTestExecutionListener, org.springframework.test.context.support.DirtiesContextTestExecutionListener, org.springframework.test.context.transaction.TransactionalTestExecutionListener, org.springframework.test.context.jdbc.SqlScriptsTestExecutionListener, org.springframework.test.context.event.EventPublishingTestExecutionListener]
2022-10-25 23:32:33.791  INFO 21844 --- [    Test worker] .b.t.c.SpringBootTestContextBootstrapper : Using TestExecutionListeners: [org.springframework.test.context.web.ServletTestExecutionListener@21f27bb5, org.springframework.test.context.support.DirtiesContextBeforeModesTestExecutionListener@2e2a2b07, org.springframework.test.context.event.ApplicationEventsTestExecutionListener@52dc71b2, org.springframework.boot.test.mock.mockito.MockitoTestExecutionListener@e1d2781, org.springframework.boot.test.autoconfigure.SpringBootDependencyInjectionTestExecutionListener@3c00da24, org.springframework.test.context.support.DirtiesContextTestExecutionListener@430dbcb0, org.springframework.test.context.transaction.TransactionalTestExecutionListener@726d0482, org.springframework.test.context.jdbc.SqlScriptsTestExecutionListener@15ab0461, org.springframework.test.context.event.EventPublishingTestExecutionListener@2f403d0a, org.springframework.boot.test.autoconfigure.restdocs.RestDocsTestExecutionListener@186fc6e, org.springframework.boot.test.autoconfigure.web.client.MockRestServiceServerResetTestExecutionListener@1bd5b1c8, org.springframework.boot.test.autoconfigure.web.servlet.MockMvcPrintOnlyOnFailureTestExecutionListener@569026df, org.springframework.boot.test.autoconfigure.web.servlet.WebDriverTestExecutionListener@7896e96a, org.springframework.boot.test.autoconfigure.webservices.client.MockWebServiceServerTestExecutionListener@4e451f9a, org.springframework.boot.test.mock.mockito.ResetMocksTestExecutionListener@7828bc6b]
]]></system-out>
  <system-err><![CDATA[]]></system-err>
</testsuite>
