<?xml version="1.0" encoding="UTF-8"?>
<testsuite name="ca.mcgill.ecse321.mms.repository.MMSRepositoryTests" tests="1" skipped="0" failures="0" errors="0" timestamp="2022-10-27T13:23:05" hostname="MacBook-Pro.local" time="0.016">
  <properties/>
  <testcase name="testPersistAndLoadMMS()" classname="ca.mcgill.ecse321.mms.repository.MMSRepositoryTests" time="0.016"/>
  <system-out><![CDATA[2022-10-27 09:23:05.352  INFO 73573 --- [    Test worker] .b.t.c.SpringBootTestContextBootstrapper : Neither @ContextConfiguration nor @ContextHierarchy found for test class [ca.mcgill.ecse321.mms.repository.MMSRepositoryTests], using SpringBootContextLoader
2022-10-27 09:23:05.354  INFO 73573 --- [    Test worker] o.s.t.c.support.AbstractContextLoader    : Could not detect default resource locations for test class [ca.mcgill.ecse321.mms.repository.MMSRepositoryTests]: no resource found for suffixes {-context.xml, Context.groovy}.
2022-10-27 09:23:05.354  INFO 73573 --- [    Test worker] t.c.s.AnnotationConfigContextLoaderUtils : Could not detect default configuration classes for test class [ca.mcgill.ecse321.mms.repository.MMSRepositoryTests]: MMSRepositoryTests does not declare any static, non-private, non-final, nested classes annotated with @Configuration.
2022-10-27 09:23:05.355  INFO 73573 --- [    Test worker] .b.t.c.SpringBootTestContextBootstrapper : Found @SpringBootConfiguration ca.mcgill.ecse321.mms.MmsApplication for test class ca.mcgill.ecse321.mms.repository.MMSRepositoryTests
2022-10-27 09:23:05.357  INFO 73573 --- [    Test worker] .b.t.c.SpringBootTestContextBootstrapper : Loaded default TestExecutionListener class names from location [META-INF/spring.factories]: [org.springframework.boot.test.autoconfigure.restdocs.RestDocsTestExecutionListener, org.springframework.boot.test.autoconfigure.web.client.MockRestServiceServerResetTestExecutionListener, org.springframework.boot.test.autoconfigure.web.servlet.MockMvcPrintOnlyOnFailureTestExecutionListener, org.springframework.boot.test.autoconfigure.web.servlet.WebDriverTestExecutionListener, org.springframework.boot.test.autoconfigure.webservices.client.MockWebServiceServerTestExecutionListener, org.springframework.boot.test.mock.mockito.MockitoTestExecutionListener, org.springframework.boot.test.mock.mockito.ResetMocksTestExecutionListener, org.springframework.test.context.web.ServletTestExecutionListener, org.springframework.test.context.support.DirtiesContextBeforeModesTestExecutionListener, org.springframework.test.context.event.ApplicationEventsTestExecutionListener, org.springframework.test.context.support.DependencyInjectionTestExecutionListener, org.springframework.test.context.support.DirtiesContextTestExecutionListener, org.springframework.test.context.transaction.TransactionalTestExecutionListener, org.springframework.test.context.jdbc.SqlScriptsTestExecutionListener, org.springframework.test.context.event.EventPublishingTestExecutionListener]
2022-10-27 09:23:05.358  INFO 73573 --- [    Test worker] .b.t.c.SpringBootTestContextBootstrapper : Using TestExecutionListeners: [org.springframework.test.context.web.ServletTestExecutionListener@5cdafb4d, org.springframework.test.context.support.DirtiesContextBeforeModesTestExecutionListener@58ca1cad, org.springframework.test.context.event.ApplicationEventsTestExecutionListener@5ae6119b, org.springframework.boot.test.mock.mockito.MockitoTestExecutionListener@31b6eec8, org.springframework.boot.test.autoconfigure.SpringBootDependencyInjectionTestExecutionListener@3abd7b20, org.springframework.test.context.support.DirtiesContextTestExecutionListener@329a27ae, org.springframework.test.context.transaction.TransactionalTestExecutionListener@589a82af, org.springframework.test.context.jdbc.SqlScriptsTestExecutionListener@5edce7da, org.springframework.test.context.event.EventPublishingTestExecutionListener@f69e35a, org.springframework.boot.test.autoconfigure.restdocs.RestDocsTestExecutionListener@6c2d124e, org.springframework.boot.test.autoconfigure.web.client.MockRestServiceServerResetTestExecutionListener@602e7a9e, org.springframework.boot.test.autoconfigure.web.servlet.MockMvcPrintOnlyOnFailureTestExecutionListener@59f5a376, org.springframework.boot.test.autoconfigure.web.servlet.WebDriverTestExecutionListener@19c6e821, org.springframework.boot.test.autoconfigure.webservices.client.MockWebServiceServerTestExecutionListener@1dfd3635, org.springframework.boot.test.mock.mockito.ResetMocksTestExecutionListener@e14559e]
]]></system-out>
  <system-err><![CDATA[]]></system-err>
</testsuite>
