<?xml version="1.0" encoding="UTF-8"?>
<testsuite name="ca.mcgill.ecse321.mms.repository.MMSRepositoryTests" tests="1" skipped="0" failures="0" errors="0" timestamp="2022-10-26T04:43:34" hostname="DESKTOP-OSHRBDR" time="0.014">
  <properties/>
  <testcase name="testPersistAndLoadMMS()" classname="ca.mcgill.ecse321.mms.repository.MMSRepositoryTests" time="0.014"/>
  <system-out><![CDATA[2022-10-26 00:43:34.585  INFO 16600 --- [    Test worker] .b.t.c.SpringBootTestContextBootstrapper : Neither @ContextConfiguration nor @ContextHierarchy found for test class [ca.mcgill.ecse321.mms.repository.MMSRepositoryTests], using SpringBootContextLoader
2022-10-26 00:43:34.585  INFO 16600 --- [    Test worker] o.s.t.c.support.AbstractContextLoader    : Could not detect default resource locations for test class [ca.mcgill.ecse321.mms.repository.MMSRepositoryTests]: no resource found for suffixes {-context.xml, Context.groovy}.
2022-10-26 00:43:34.589  INFO 16600 --- [    Test worker] t.c.s.AnnotationConfigContextLoaderUtils : Could not detect default configuration classes for test class [ca.mcgill.ecse321.mms.repository.MMSRepositoryTests]: MMSRepositoryTests does not declare any static, non-private, non-final, nested classes annotated with @Configuration.
2022-10-26 00:43:34.590  INFO 16600 --- [    Test worker] .b.t.c.SpringBootTestContextBootstrapper : Found @SpringBootConfiguration ca.mcgill.ecse321.mms.MmsApplication for test class ca.mcgill.ecse321.mms.repository.MMSRepositoryTests
2022-10-26 00:43:34.594  INFO 16600 --- [    Test worker] .b.t.c.SpringBootTestContextBootstrapper : Loaded default TestExecutionListener class names from location [META-INF/spring.factories]: [org.springframework.boot.test.autoconfigure.restdocs.RestDocsTestExecutionListener, org.springframework.boot.test.autoconfigure.web.client.MockRestServiceServerResetTestExecutionListener, org.springframework.boot.test.autoconfigure.web.servlet.MockMvcPrintOnlyOnFailureTestExecutionListener, org.springframework.boot.test.autoconfigure.web.servlet.WebDriverTestExecutionListener, org.springframework.boot.test.autoconfigure.webservices.client.MockWebServiceServerTestExecutionListener, org.springframework.boot.test.mock.mockito.MockitoTestExecutionListener, org.springframework.boot.test.mock.mockito.ResetMocksTestExecutionListener, org.springframework.test.context.web.ServletTestExecutionListener, org.springframework.test.context.support.DirtiesContextBeforeModesTestExecutionListener, org.springframework.test.context.event.ApplicationEventsTestExecutionListener, org.springframework.test.context.support.DependencyInjectionTestExecutionListener, org.springframework.test.context.support.DirtiesContextTestExecutionListener, org.springframework.test.context.transaction.TransactionalTestExecutionListener, org.springframework.test.context.jdbc.SqlScriptsTestExecutionListener, org.springframework.test.context.event.EventPublishingTestExecutionListener]
2022-10-26 00:43:34.594  INFO 16600 --- [    Test worker] .b.t.c.SpringBootTestContextBootstrapper : Using TestExecutionListeners: [org.springframework.test.context.web.ServletTestExecutionListener@67915454, org.springframework.test.context.support.DirtiesContextBeforeModesTestExecutionListener@18876fa9, org.springframework.test.context.event.ApplicationEventsTestExecutionListener@5a110e7d, org.springframework.boot.test.mock.mockito.MockitoTestExecutionListener@b3cbc0e, org.springframework.boot.test.autoconfigure.SpringBootDependencyInjectionTestExecutionListener@66e27ac9, org.springframework.test.context.support.DirtiesContextTestExecutionListener@453bbb9b, org.springframework.test.context.transaction.TransactionalTestExecutionListener@170b27a7, org.springframework.test.context.jdbc.SqlScriptsTestExecutionListener@79392584, org.springframework.test.context.event.EventPublishingTestExecutionListener@cf82c58, org.springframework.boot.test.autoconfigure.restdocs.RestDocsTestExecutionListener@1407b93f, org.springframework.boot.test.autoconfigure.web.client.MockRestServiceServerResetTestExecutionListener@5aff8207, org.springframework.boot.test.autoconfigure.web.servlet.MockMvcPrintOnlyOnFailureTestExecutionListener@6a5a99d9, org.springframework.boot.test.autoconfigure.web.servlet.WebDriverTestExecutionListener@278df226, org.springframework.boot.test.autoconfigure.webservices.client.MockWebServiceServerTestExecutionListener@eea69a9, org.springframework.boot.test.mock.mockito.ResetMocksTestExecutionListener@28a33dc9]
]]></system-out>
  <system-err><![CDATA[]]></system-err>
</testsuite>
