<?xml version="1.0" encoding="UTF-8"?>
<testsuite name="ca.mcgill.ecse321.mms.repository.LoanRepositoryTests" tests="1" skipped="0" failures="0" errors="0" timestamp="2022-10-27T13:23:05" hostname="MacBook-Pro.local" time="0.054">
  <properties/>
  <testcase name="testPersistAndLoadArtwork()" classname="ca.mcgill.ecse321.mms.repository.LoanRepositoryTests" time="0.054"/>
  <system-out><![CDATA[2022-10-27 09:23:05.276  INFO 73573 --- [    Test worker] .b.t.c.SpringBootTestContextBootstrapper : Neither @ContextConfiguration nor @ContextHierarchy found for test class [ca.mcgill.ecse321.mms.repository.LoanRepositoryTests], using SpringBootContextLoader
2022-10-27 09:23:05.277  INFO 73573 --- [    Test worker] o.s.t.c.support.AbstractContextLoader    : Could not detect default resource locations for test class [ca.mcgill.ecse321.mms.repository.LoanRepositoryTests]: no resource found for suffixes {-context.xml, Context.groovy}.
2022-10-27 09:23:05.278  INFO 73573 --- [    Test worker] t.c.s.AnnotationConfigContextLoaderUtils : Could not detect default configuration classes for test class [ca.mcgill.ecse321.mms.repository.LoanRepositoryTests]: LoanRepositoryTests does not declare any static, non-private, non-final, nested classes annotated with @Configuration.
2022-10-27 09:23:05.282  INFO 73573 --- [    Test worker] .b.t.c.SpringBootTestContextBootstrapper : Found @SpringBootConfiguration ca.mcgill.ecse321.mms.MmsApplication for test class ca.mcgill.ecse321.mms.repository.LoanRepositoryTests
2022-10-27 09:23:05.286  INFO 73573 --- [    Test worker] .b.t.c.SpringBootTestContextBootstrapper : Loaded default TestExecutionListener class names from location [META-INF/spring.factories]: [org.springframework.boot.test.autoconfigure.restdocs.RestDocsTestExecutionListener, org.springframework.boot.test.autoconfigure.web.client.MockRestServiceServerResetTestExecutionListener, org.springframework.boot.test.autoconfigure.web.servlet.MockMvcPrintOnlyOnFailureTestExecutionListener, org.springframework.boot.test.autoconfigure.web.servlet.WebDriverTestExecutionListener, org.springframework.boot.test.autoconfigure.webservices.client.MockWebServiceServerTestExecutionListener, org.springframework.boot.test.mock.mockito.MockitoTestExecutionListener, org.springframework.boot.test.mock.mockito.ResetMocksTestExecutionListener, org.springframework.test.context.web.ServletTestExecutionListener, org.springframework.test.context.support.DirtiesContextBeforeModesTestExecutionListener, org.springframework.test.context.event.ApplicationEventsTestExecutionListener, org.springframework.test.context.support.DependencyInjectionTestExecutionListener, org.springframework.test.context.support.DirtiesContextTestExecutionListener, org.springframework.test.context.transaction.TransactionalTestExecutionListener, org.springframework.test.context.jdbc.SqlScriptsTestExecutionListener, org.springframework.test.context.event.EventPublishingTestExecutionListener]
2022-10-27 09:23:05.287  INFO 73573 --- [    Test worker] .b.t.c.SpringBootTestContextBootstrapper : Using TestExecutionListeners: [org.springframework.test.context.web.ServletTestExecutionListener@2e76ade9, org.springframework.test.context.support.DirtiesContextBeforeModesTestExecutionListener@7a3ab73a, org.springframework.test.context.event.ApplicationEventsTestExecutionListener@12a8d03b, org.springframework.boot.test.mock.mockito.MockitoTestExecutionListener@67cd1db3, org.springframework.boot.test.autoconfigure.SpringBootDependencyInjectionTestExecutionListener@7ccfed46, org.springframework.test.context.support.DirtiesContextTestExecutionListener@53630682, org.springframework.test.context.transaction.TransactionalTestExecutionListener@71e2ddd, org.springframework.test.context.jdbc.SqlScriptsTestExecutionListener@8318808, org.springframework.test.context.event.EventPublishingTestExecutionListener@b97f195, org.springframework.boot.test.autoconfigure.restdocs.RestDocsTestExecutionListener@408bb173, org.springframework.boot.test.autoconfigure.web.client.MockRestServiceServerResetTestExecutionListener@360d0c7a, org.springframework.boot.test.autoconfigure.web.servlet.MockMvcPrintOnlyOnFailureTestExecutionListener@32f8a37b, org.springframework.boot.test.autoconfigure.web.servlet.WebDriverTestExecutionListener@657e7e8, org.springframework.boot.test.autoconfigure.webservices.client.MockWebServiceServerTestExecutionListener@1b4ade78, org.springframework.boot.test.mock.mockito.ResetMocksTestExecutionListener@45fa7fb7]
]]></system-out>
  <system-err><![CDATA[]]></system-err>
</testsuite>
