<?xml version="1.0" encoding="UTF-8"?>
<testsuite name="ca.mcgill.ecse321.mms.MmsApplicationTests" tests="1" skipped="0" failures="0" errors="0" timestamp="2022-10-26T04:43:34" hostname="DESKTOP-OSHRBDR" time="0.005">
  <properties/>
  <testcase name="contextLoads()" classname="ca.mcgill.ecse321.mms.MmsApplicationTests" time="0.005"/>
  <system-out><![CDATA[2022-10-26 00:43:34.413  INFO 16600 --- [    Test worker] .b.t.c.SpringBootTestContextBootstrapper : Neither @ContextConfiguration nor @ContextHierarchy found for test class [ca.mcgill.ecse321.mms.MmsApplicationTests], using SpringBootContextLoader
2022-10-26 00:43:34.417  INFO 16600 --- [    Test worker] o.s.t.c.support.AbstractContextLoader    : Could not detect default resource locations for test class [ca.mcgill.ecse321.mms.MmsApplicationTests]: no resource found for suffixes {-context.xml, Context.groovy}.
2022-10-26 00:43:34.417  INFO 16600 --- [    Test worker] t.c.s.AnnotationConfigContextLoaderUtils : Could not detect default configuration classes for test class [ca.mcgill.ecse321.mms.MmsApplicationTests]: MmsApplicationTests does not declare any static, non-private, non-final, nested classes annotated with @Configuration.
2022-10-26 00:43:34.425  INFO 16600 --- [    Test worker] .b.t.c.SpringBootTestContextBootstrapper : Found @SpringBootConfiguration ca.mcgill.ecse321.mms.MmsApplication for test class ca.mcgill.ecse321.mms.MmsApplicationTests
2022-10-26 00:43:34.429  INFO 16600 --- [    Test worker] .b.t.c.SpringBootTestContextBootstrapper : Loaded default TestExecutionListener class names from location [META-INF/spring.factories]: [org.springframework.boot.test.autoconfigure.restdocs.RestDocsTestExecutionListener, org.springframework.boot.test.autoconfigure.web.client.MockRestServiceServerResetTestExecutionListener, org.springframework.boot.test.autoconfigure.web.servlet.MockMvcPrintOnlyOnFailureTestExecutionListener, org.springframework.boot.test.autoconfigure.web.servlet.WebDriverTestExecutionListener, org.springframework.boot.test.autoconfigure.webservices.client.MockWebServiceServerTestExecutionListener, org.springframework.boot.test.mock.mockito.MockitoTestExecutionListener, org.springframework.boot.test.mock.mockito.ResetMocksTestExecutionListener, org.springframework.test.context.web.ServletTestExecutionListener, org.springframework.test.context.support.DirtiesContextBeforeModesTestExecutionListener, org.springframework.test.context.event.ApplicationEventsTestExecutionListener, org.springframework.test.context.support.DependencyInjectionTestExecutionListener, org.springframework.test.context.support.DirtiesContextTestExecutionListener, org.springframework.test.context.transaction.TransactionalTestExecutionListener, org.springframework.test.context.jdbc.SqlScriptsTestExecutionListener, org.springframework.test.context.event.EventPublishingTestExecutionListener]
2022-10-26 00:43:34.429  INFO 16600 --- [    Test worker] .b.t.c.SpringBootTestContextBootstrapper : Using TestExecutionListeners: [org.springframework.test.context.web.ServletTestExecutionListener@507e3e77, org.springframework.test.context.support.DirtiesContextBeforeModesTestExecutionListener@73796ae5, org.springframework.test.context.event.ApplicationEventsTestExecutionListener@3956e933, org.springframework.boot.test.mock.mockito.MockitoTestExecutionListener@2fb40e49, org.springframework.boot.test.autoconfigure.SpringBootDependencyInjectionTestExecutionListener@e98004e, org.springframework.test.context.support.DirtiesContextTestExecutionListener@368e7d3a, org.springframework.test.context.transaction.TransactionalTestExecutionListener@381f05a9, org.springframework.test.context.jdbc.SqlScriptsTestExecutionListener@375682a5, org.springframework.test.context.event.EventPublishingTestExecutionListener@79827e71, org.springframework.boot.test.autoconfigure.restdocs.RestDocsTestExecutionListener@3c20abd6, org.springframework.boot.test.autoconfigure.web.client.MockRestServiceServerResetTestExecutionListener@7cd2d3b6, org.springframework.boot.test.autoconfigure.web.servlet.MockMvcPrintOnlyOnFailureTestExecutionListener@7f922523, org.springframework.boot.test.autoconfigure.web.servlet.WebDriverTestExecutionListener@1509bd56, org.springframework.boot.test.autoconfigure.webservices.client.MockWebServiceServerTestExecutionListener@2c4eda3a, org.springframework.boot.test.mock.mockito.ResetMocksTestExecutionListener@466bf366]
]]></system-out>
  <system-err><![CDATA[]]></system-err>
</testsuite>
